#
# A fatal error has been detected by the Java Runtime Environment:
#
#  EXCEPTION_ACCESS_VIOLATION (0xc0000005) at pc=0x00007ffddd573275, pid=8612, tid=12752
#
# JRE version: OpenJDK Runtime Environment (15.0+36) (build 15+36-1562)
# Java VM: OpenJDK 64-Bit Server VM (15+36-1562, mixed mode, sharing, tiered, compressed oops, g1 gc, windows-amd64)
# Problematic frame:
# C  [opengl32.dll+0x33275]
#
# No core dump will be written. Minidumps are not enabled by default on client versions of Windows
#
# If you would like to submit a bug report, please visit:
#   https://bugreport.java.com/bugreport/crash.jsp
#

---------------  S U M M A R Y ------------

Command Line: -javaagent:C:\Program Files\JetBrains\IntelliJ IDEA 2020.2.1\lib\idea_rt.jar=55150:C:\Program Files\JetBrains\IntelliJ IDEA 2020.2.1\bin -Dfile.encoding=UTF-8 Scene.Renderer

Host: Intel(R) Core(TM) i7 CPU         860  @ 2.80GHz, 8 cores, 7G,  Windows 10 , 64 bit Build 18362 (10.0.18362.1110)
Time: Wed Nov  4 00:33:13 2020 Hora oficial do Brasil elapsed time: 25.021864 seconds (0d 0h 0m 25s)

---------------  T H R E A D  ---------------

Current thread (0x000001327a5e3a70):  VMThread "VM Thread" [stack: 0x0000002246300000,0x0000002246400000] [id=12752]

Stack: [0x0000002246300000,0x0000002246400000],  sp=0x00000022463feab0,  free space=1018k
Native frames: (J=compiled Java code, j=interpreted, Vv=VM code, C=native code)
C  [opengl32.dll+0x33275]


siginfo: EXCEPTION_ACCESS_VIOLATION (0xc0000005), reading address 0x0000000000000a38


Register to memory mapping:

RIP=0x00007ffddd573275 opengl32.dll
RAX=0x0 is NULL
RBX=0x000001320942ba24 GTII-OSD64-GL.dll
RCX=0x0000000000000024 is an unknown value
RDX=0x000001320942ba24 GTII-OSD64-GL.dll
RSP=0x00000022463feab0 points into unknown readable memory: 0x000001327f1bef08 | 08 ef 1b 7f 32 01 00 00
RBP=0x00000022463feec0 points into unknown readable memory: 0x0000000000000000 | 00 00 00 00 00 00 00 00
RSI=0x0000013209310000 GTII-OSD64-GL.dll
RDI=0x0000000000000001 is an unknown value
R8 =0x0000002245893000 points into unknown readable memory: 0x0000000000000000 | 00 00 00 00 00 00 00 00
R9 =0x00000132112f9f64 GTII-OSD64-GL.dll
R10=0x0 is NULL
R11=0x00000022463feb10 points into unknown readable memory: 0x0000000000000001 | 01 00 00 00 00 00 00 00
R12=0x0000013209376460 GTII-OSD64-GL.dll
R13=0x000001325bb439e0 points into unknown readable memory: 0x8000000b00000001 | 01 00 00 00 0b 00 00 80
R14=0x0000013209310000 GTII-OSD64-GL.dll
R15=0x0000000000000001 is an unknown value


Registers:
RAX=0x0000000000000000, RBX=0x000001320942ba24, RCX=0x0000000000000024, RDX=0x000001320942ba24
RSP=0x00000022463feab0, RBP=0x00000022463feec0, RSI=0x0000013209310000, RDI=0x0000000000000001
R8 =0x0000002245893000, R9 =0x00000132112f9f64, R10=0x0000000000000000, R11=0x00000022463feb10
R12=0x0000013209376460, R13=0x000001325bb439e0, R14=0x0000013209310000, R15=0x0000000000000001
RIP=0x00007ffddd573275, EFLAGS=0x0000000000010287

Top of Stack: (sp=0x00000022463feab0)
0x00000022463feab0:   000001327f1bef08 0000000000000000
0x00000022463feac0:   000001321b70a250 0000006cd0f14322
0x00000022463fead0:   0000000000000001 0000013209324248
0x00000022463feae0:   0000000000000000 00000000000031d0
0x00000022463feaf0:   0000000000000003 00000132112f9f64
0x00000022463feb00:   0000000000000001 00000132093295df
0x00000022463feb10:   0000000000000001 00000000000031d0
0x00000022463feb20:   0000000000000003 00000132112f9f64
0x00000022463feb30:   0000000000000001 0000013209336eb4
0x00000022463feb40:   00000022463feba0 00000000000031d0
0x00000022463feb50:   0000000000000003 00000132112f9f64
0x00000022463feb60:   00000000000031d0 000001320933675a
0x00000022463feb70:   0000000000000000 00007ffe0ca24d8a
0x00000022463feb80:   000000000000c2ba 0000013209310000
0x00000022463feb90:   0000000000000000 00000132093367d7
0x00000022463feba0:   0000000000000000 000001321b7ffb20 

Instructions: (pc=0x00007ffddd573275)
0x00007ffddd573175:   48 8b 74 24 60 48 83 c4 40 5f c3 cc cc cc cc cc
0x00007ffddd573185:   cc cc cc cc cc cc cc cc cc cc cc 48 89 5c 24 08
0x00007ffddd573195:   48 89 6c 24 10 48 89 74 24 18 57 48 83 ec 50 8b
0x00007ffddd5731a5:   e9 41 8b d9 8b 0d 01 62 0f 00 41 8b f8 8b f2 83
0x00007ffddd5731b5:   f9 40 73 15 65 4c 8b 14 25 30 00 00 00 8b 05 c0
0x00007ffddd5731c5:   37 11 00 49 8b 04 02 eb 06 ff 15 ec 4c 0d 00 8b
0x00007ffddd5731d5:   8c 24 98 00 00 00 44 8b cb 48 8b 80 30 0a 00 00
0x00007ffddd5731e5:   44 8b c7 89 4c 24 38 8b d6 8b 8c 24 90 00 00 00
0x00007ffddd5731f5:   89 4c 24 30 8b 8c 24 88 00 00 00 89 4c 24 28 8b
0x00007ffddd573205:   8c 24 80 00 00 00 89 4c 24 20 8b cd ff 15 61 51
0x00007ffddd573215:   0d 00 48 8b 5c 24 60 48 8b 6c 24 68 48 8b 74 24
0x00007ffddd573225:   70 48 83 c4 50 5f c3 cc cc cc cc cc cc cc cc cc
0x00007ffddd573235:   cc cc cc cc cc cc cc cc cc cc cc 48 89 5c 24 08
0x00007ffddd573245:   57 48 83 ec 20 8b f9 48 8b da 8b 0d 5b 61 0f 00
0x00007ffddd573255:   83 f9 40 73 15 65 4c 8b 04 25 30 00 00 00 8b 05
0x00007ffddd573265:   1f 37 11 00 49 8b 04 00 eb 06 ff 15 4b 4c 0d 00
0x00007ffddd573275:   48 8b 80 38 0a 00 00 48 8b d3 8b cf 48 8b 5c 24
0x00007ffddd573285:   30 48 83 c4 20 5f 48 ff 25 e6 50 0d 00 cc cc cc
0x00007ffddd573295:   cc cc cc cc cc cc cc cc cc cc cc 48 89 5c 24 08
0x00007ffddd5732a5:   57 48 83 ec 20 8b f9 48 8b da 8b 0d fb 60 0f 00
0x00007ffddd5732b5:   83 f9 40 73 15 65 4c 8b 04 25 30 00 00 00 8b 05
0x00007ffddd5732c5:   bf 36 11 00 49 8b 04 00 eb 06 ff 15 eb 4b 0d 00
0x00007ffddd5732d5:   48 8b 80 40 0a 00 00 48 8b d3 8b cf 48 8b 5c 24
0x00007ffddd5732e5:   30 48 83 c4 20 5f 48 ff 25 86 50 0d 00 cc cc cc
0x00007ffddd5732f5:   cc cc cc cc cc cc cc cc cc cc cc 40 53 48 83 ec
0x00007ffddd573305:   20 8b d9 8b 0d a2 60 0f 00 83 f9 40 73 15 65 48
0x00007ffddd573315:   8b 14 25 30 00 00 00 8b 05 66 36 11 00 48 8b 04
0x00007ffddd573325:   02 eb 06 ff 15 92 4b 0d 00 48 8b 80 50 0a 00 00
0x00007ffddd573335:   8b cb 48 83 c4 20 5b 48 ff 25 35 50 0d 00 cc cc
0x00007ffddd573345:   cc cc cc cc cc cc cc cc cc cc cc 48 89 5c 24 08
0x00007ffddd573355:   48 89 74 24 10 57 48 83 ec 20 8b f1 49 8b d8 8b
0x00007ffddd573365:   0d 46 60 0f 00 48 8b fa 83 f9 40 73 15 65 4c 8b 


Stack slot to memory mapping:
stack at sp + 0 slots: 0x000001327f1bef08 points into unknown readable memory: 0x00007335bed9bd3a | 3a bd d9 be 35 73 00 00
stack at sp + 1 slots: 0x0 is NULL
stack at sp + 2 slots: 0x000001321b70a250 points into unknown readable memory: 0x00000132598e0fc0 | c0 0f 8e 59 32 01 00 00
stack at sp + 3 slots: 0x0000006cd0f14322 is an unknown value
stack at sp + 4 slots: 0x0000000000000001 is an unknown value
stack at sp + 5 slots: 0x0000013209324248 GTII-OSD64-GL.dll
stack at sp + 6 slots: 0x0 is NULL
stack at sp + 7 slots: 0x00000000000031d0 is an unknown value

VM_Operation (0x0000002247efd9a0): Exit, mode: safepoint, requested by thread 0x000001327ba704d0


---------------  P R O C E S S  ---------------

Threads class SMR info:
_java_thread_list=0x000001327f16c050, length=35, elements={
0x000001327a5e7210, 0x000001327a5e7cf0, 0x000001327a5fade0, 0x000001327a5fdab0,
0x000001327a5ff480, 0x000001327a6056b0, 0x000001327a6027b0, 0x000001327af58070,
0x000001327a5ca5a0, 0x000001327b1c5f00, 0x000001327b1c63d0, 0x000001327b7638d0,
0x000001327ba704d0, 0x000001327ba721b0, 0x000001327ba6f660, 0x000001327ba709a0,
0x0000013206da7010, 0x0000013206da9b60, 0x0000013206daa030, 0x0000013206da5330,
0x0000013206daa500, 0x0000013206da8350, 0x0000013206da91c0, 0x0000013206da6670,
0x0000013206daa9d0, 0x0000013206da8820, 0x0000013206da5cd0, 0x0000013206da3650,
0x0000013206da3ff0, 0x0000013206da4990, 0x0000013206da6b40, 0x0000013206da8cf0,
0x0000013206da3180, 0x0000013206da79b0, 0x0000013206da44c0
}

Java Threads: ( => current thread )
  0x000001327a5e7210 JavaThread "Reference Handler" daemon [_thread_blocked, id=16860, stack(0x0000002246400000,0x0000002246500000)]
  0x000001327a5e7cf0 JavaThread "Finalizer" daemon [_thread_blocked, id=13812, stack(0x0000002246500000,0x0000002246600000)]
  0x000001327a5fade0 JavaThread "Signal Dispatcher" daemon [_thread_blocked, id=10444, stack(0x0000002246600000,0x0000002246700000)]
  0x000001327a5fdab0 JavaThread "Attach Listener" daemon [_thread_blocked, id=3620, stack(0x0000002246700000,0x0000002246800000)]
  0x000001327a5ff480 JavaThread "Service Thread" daemon [_thread_blocked, id=6632, stack(0x0000002246800000,0x0000002246900000)]
  0x000001327a6056b0 JavaThread "C2 CompilerThread0" daemon [_thread_blocked, id=5764, stack(0x0000002246900000,0x0000002246a00000)]
  0x000001327a6027b0 JavaThread "C1 CompilerThread0" daemon [_thread_blocked, id=15072, stack(0x0000002246a00000,0x0000002246b00000)]
  0x000001327af58070 JavaThread "Sweeper thread" daemon [_thread_blocked, id=11628, stack(0x0000002246b00000,0x0000002246c00000)]
  0x000001327a5ca5a0 JavaThread "Common-Cleaner" daemon [_thread_blocked, id=16244, stack(0x0000002246c00000,0x0000002246d00000)]
  0x000001327b1c5f00 JavaThread "Monitor Ctrl-Break" daemon [_thread_in_native, id=11576, stack(0x0000002246d00000,0x0000002246e00000)]
  0x000001327b1c63d0 JavaThread "Notification Thread" daemon [_thread_blocked, id=12552, stack(0x0000002246e00000,0x0000002246f00000)]
  0x000001327b7638d0 JavaThread "Java2D Disposer" daemon [_thread_blocked, id=13724, stack(0x0000002247000000,0x0000002247100000)]
  0x000001327ba704d0 JavaThread "main-Display-.windows_nil-1-EDT-1" daemon [_thread_blocked, id=4904, stack(0x0000002247e00000,0x0000002247f00000)]
  0x000001327ba721b0 JavaThread "DestroyJavaVM" [_thread_blocked, id=11192, stack(0x0000002245d00000,0x0000002245e00000)]
  0x000001327ba6f660 JavaThread "Java Sound Event Dispatcher" daemon [_thread_blocked, id=13280, stack(0x0000002248500000,0x0000002248600000)]
  0x000001327ba709a0 JavaThread "Direct Clip" daemon [_thread_blocked, id=556, stack(0x0000002248800000,0x0000002248900000)]
  0x0000013206da7010 JavaThread "Direct Clip" daemon [_thread_blocked, id=13660, stack(0x0000002248b00000,0x0000002248c00000)]
  0x0000013206da9b60 JavaThread "Direct Clip" daemon [_thread_blocked, id=1640, stack(0x0000002248c00000,0x0000002248d00000)]
  0x0000013206daa030 JavaThread "Direct Clip" daemon [_thread_blocked, id=17360, stack(0x0000002248d00000,0x0000002248e00000)]
  0x0000013206da5330 JavaThread "Direct Clip" daemon [_thread_blocked, id=9668, stack(0x0000002248e00000,0x0000002248f00000)]
  0x0000013206daa500 JavaThread "Direct Clip" daemon [_thread_blocked, id=9948, stack(0x0000002249000000,0x0000002249100000)]
  0x0000013206da8350 JavaThread "Direct Clip" daemon [_thread_blocked, id=11452, stack(0x0000002249100000,0x0000002249200000)]
  0x0000013206da91c0 JavaThread "Direct Clip" daemon [_thread_blocked, id=12312, stack(0x0000002249200000,0x0000002249300000)]
  0x0000013206da6670 JavaThread "Direct Clip" daemon [_thread_blocked, id=3108, stack(0x0000002249300000,0x0000002249400000)]
  0x0000013206daa9d0 JavaThread "Direct Clip" daemon [_thread_blocked, id=5544, stack(0x0000002249400000,0x0000002249500000)]
  0x0000013206da8820 JavaThread "Direct Clip" daemon [_thread_blocked, id=10200, stack(0x0000002249500000,0x0000002249600000)]
  0x0000013206da5cd0 JavaThread "Direct Clip" daemon [_thread_blocked, id=12244, stack(0x0000002249600000,0x0000002249700000)]
  0x0000013206da3650 JavaThread "Direct Clip" daemon [_thread_blocked, id=9040, stack(0x0000002249700000,0x0000002249800000)]
  0x0000013206da3ff0 JavaThread "Direct Clip" daemon [_thread_blocked, id=9412, stack(0x0000002249800000,0x0000002249900000)]
  0x0000013206da4990 JavaThread "Direct Clip" daemon [_thread_blocked, id=244, stack(0x0000002249900000,0x0000002249a00000)]
  0x0000013206da6b40 JavaThread "Direct Clip" daemon [_thread_blocked, id=15656, stack(0x0000002249a00000,0x0000002249b00000)]
  0x0000013206da8cf0 JavaThread "Direct Clip" daemon [_thread_blocked, id=12968, stack(0x0000002249b00000,0x0000002249c00000)]
  0x0000013206da3180 JavaThread "Direct Clip" daemon [_thread_blocked, id=12856, stack(0x0000002249c00000,0x0000002249d00000)]
  0x0000013206da79b0 JavaThread "Direct Clip" daemon [_thread_blocked, id=3924, stack(0x0000002249d00000,0x0000002249e00000)]
  0x0000013206da44c0 JavaThread "AWT-Shutdown" [_thread_blocked, id=8104, stack(0x000000224a100000,0x000000224a200000)]

Other Threads:
=>0x000001327a5e3a70 VMThread "VM Thread" [stack: 0x0000002246300000,0x0000002246400000] [id=12752]
  0x000001325bb25f30 GCTaskThread "GC Thread#0" [stack: 0x0000002245e00000,0x0000002245f00000] [id=7188]
  0x000001327ee6bb20 GCTaskThread "GC Thread#1" [stack: 0x0000002247100000,0x0000002247200000] [id=804]
  0x000001327ee6b190 GCTaskThread "GC Thread#2" [stack: 0x0000002247500000,0x0000002247600000] [id=1700]
  0x000001327ee691b0 GCTaskThread "GC Thread#3" [stack: 0x0000002248f00000,0x0000002249000000] [id=1016]
  0x000001325bb37da0 ConcurrentGCThread "G1 Main Marker" [stack: 0x0000002245f00000,0x0000002246000000] [id=6592]
  0x000001325bb39040 ConcurrentGCThread "G1 Conc#0" [stack: 0x0000002246000000,0x0000002246100000] [id=17388]
  0x000001325bba39c0 ConcurrentGCThread "G1 Refine#0" [stack: 0x0000002246100000,0x0000002246200000] [id=8332]
  0x000001325bba44d0 ConcurrentGCThread "G1 Young RemSet Sampling" [stack: 0x0000002246200000,0x0000002246300000] [id=4600]

Threads with active compile tasks:

VM state: at safepoint (shutting down)

VM Mutex/Monitor currently owned by a thread:  ([mutex/lock_event])
[0x000001325bae7410] Threads_lock - owner thread: 0x000001327a5e3a70
[0x000001325bae7800] Heap_lock - owner thread: 0x000001327ba704d0

Heap address: 0x0000000081000000, size: 2032 MB, Compressed Oops mode: 32-bit
CDS archive(s) mapped at: [0x0000000800000000-0x0000000800b50000-0x0000000800b50000), size 11862016, SharedBaseAddress: 0x0000000800000000, ArchiveRelocationMode: 0.
Compressed class space mapped at: 0x0000000800b50000-0x0000000840b50000, size: 1073741824
Narrow klass base: 0x0000000800000000, Narrow klass shift: 3, Narrow klass range: 0x100000000

GC Precious Log:
 CPUs: 8 total, 8 available
 Memory: 8125M
 Large Page Support: Disabled
 NUMA Support: Disabled
 Compressed Oops: Enabled (32-bit)
 Heap Region Size: 1M
 Heap Min Capacity: 8M
 Heap Initial Capacity: 128M
 Heap Max Capacity: 2032M
 Pre-touch: Disabled
 Parallel Workers: 8
 Concurrent Workers: 2
 Concurrent Refinement Workers: 8
 Periodic GC: Disabled

Heap:
 garbage-first heap   total 131072K, used 56847K [0x0000000081000000, 0x0000000100000000)
  region size 1024K, 30 young (30720K), 2 survivors (2048K)
 Metaspace       used 13955K, capacity 14204K, committed 14464K, reserved 1062912K
  class space    used 1076K, capacity 1144K, committed 1152K, reserved 1048576K

Heap Regions: E=young(eden), S=young(survivor), O=old, HS=humongous(starts), HC=humongous(continues), CS=collection set, F=free, OA=open archive, CA=closed archive, TAMS=top-at-mark-start (previous, next)
|   0|0x0000000081000000, 0x0000000081100000, 0x0000000081100000|100%| O|  |TAMS 0x0000000081000000, 0x0000000081000000| Untracked 
|   1|0x0000000081100000, 0x0000000081200000, 0x0000000081200000|100%| O|  |TAMS 0x0000000081100000, 0x0000000081100000| Untracked 
|   2|0x0000000081200000, 0x0000000081300000, 0x0000000081300000|100%|HS|  |TAMS 0x0000000081200000, 0x0000000081200000| Complete 
|   3|0x0000000081300000, 0x0000000081400000, 0x0000000081400000|100%|HC|  |TAMS 0x0000000081300000, 0x0000000081300000| Complete 
|   4|0x0000000081400000, 0x0000000081500000, 0x0000000081500000|100%|HC|  |TAMS 0x0000000081400000, 0x0000000081400000| Complete 
|   5|0x0000000081500000, 0x0000000081600000, 0x0000000081600000|100%|HC|  |TAMS 0x0000000081500000, 0x0000000081500000| Complete 
|   6|0x0000000081600000, 0x0000000081700000, 0x0000000081700000|100%|HC|  |TAMS 0x0000000081600000, 0x0000000081600000| Complete 
|   7|0x0000000081700000, 0x0000000081800000, 0x0000000081800000|100%|HC|  |TAMS 0x0000000081700000, 0x0000000081700000| Complete 
|   8|0x0000000081800000, 0x0000000081900000, 0x0000000081900000|100%|HC|  |TAMS 0x0000000081800000, 0x0000000081800000| Complete 
|   9|0x0000000081900000, 0x0000000081a00000, 0x0000000081a00000|100%|HC|  |TAMS 0x0000000081900000, 0x0000000081900000| Complete 
|  10|0x0000000081a00000, 0x0000000081b00000, 0x0000000081b00000|100%|HC|  |TAMS 0x0000000081a00000, 0x0000000081a00000| Complete 
|  11|0x0000000081b00000, 0x0000000081c00000, 0x0000000081c00000|100%|HC|  |TAMS 0x0000000081b00000, 0x0000000081b00000| Complete 
|  12|0x0000000081c00000, 0x0000000081d00000, 0x0000000081d00000|100%|HC|  |TAMS 0x0000000081c00000, 0x0000000081c00000| Complete 
|  13|0x0000000081d00000, 0x0000000081e00000, 0x0000000081e00000|100%|HC|  |TAMS 0x0000000081d00000, 0x0000000081d00000| Complete 
|  14|0x0000000081e00000, 0x0000000081f00000, 0x0000000081f00000|100%|HC|  |TAMS 0x0000000081e00000, 0x0000000081e00000| Complete 
|  15|0x0000000081f00000, 0x0000000082000000, 0x0000000082000000|100%|HC|  |TAMS 0x0000000081f00000, 0x0000000081f00000| Complete 
|  16|0x0000000082000000, 0x0000000082100000, 0x0000000082100000|100%|HC|  |TAMS 0x0000000082000000, 0x0000000082000000| Complete 
|  17|0x0000000082100000, 0x0000000082200000, 0x0000000082200000|100%|HC|  |TAMS 0x0000000082100000, 0x0000000082100000| Complete 
|  18|0x0000000082200000, 0x0000000082300000, 0x0000000082300000|100%|HC|  |TAMS 0x0000000082200000, 0x0000000082200000| Complete 
|  19|0x0000000082300000, 0x0000000082400000, 0x0000000082400000|100%|HC|  |TAMS 0x0000000082300000, 0x0000000082300000| Complete 
|  20|0x0000000082400000, 0x0000000082500000, 0x0000000082500000|100%|HC|  |TAMS 0x0000000082400000, 0x0000000082400000| Complete 
|  21|0x0000000082500000, 0x0000000082600000, 0x0000000082600000|100%|HC|  |TAMS 0x0000000082500000, 0x0000000082500000| Complete 
|  22|0x0000000082600000, 0x0000000082700000, 0x0000000082700000|100%|HC|  |TAMS 0x0000000082600000, 0x0000000082600000| Complete 
|  23|0x0000000082700000, 0x0000000082800000, 0x0000000082800000|100%|HC|  |TAMS 0x0000000082700000, 0x0000000082700000| Complete 
|  24|0x0000000082800000, 0x0000000082900000, 0x0000000082900000|100%|HC|  |TAMS 0x0000000082800000, 0x0000000082800000| Complete 
|  25|0x0000000082900000, 0x0000000082a00000, 0x0000000082a00000|100%|HC|  |TAMS 0x0000000082900000, 0x0000000082900000| Complete 
|  26|0x0000000082a00000, 0x0000000082b00000, 0x0000000082b00000|100%| O|  |TAMS 0x0000000082a00000, 0x0000000082a00000| Untracked 
|  27|0x0000000082b00000, 0x0000000082b86a00, 0x0000000082c00000| 52%| O|  |TAMS 0x0000000082b00000, 0x0000000082b00000| Untracked 
|  28|0x0000000082c00000, 0x0000000082c00000, 0x0000000082d00000|  0%| F|  |TAMS 0x0000000082c00000, 0x0000000082c00000| Untracked 
|  29|0x0000000082d00000, 0x0000000082d00000, 0x0000000082e00000|  0%| F|  |TAMS 0x0000000082d00000, 0x0000000082d00000| Untracked 
|  30|0x0000000082e00000, 0x0000000082e00000, 0x0000000082f00000|  0%| F|  |TAMS 0x0000000082e00000, 0x0000000082e00000| Untracked 
|  31|0x0000000082f00000, 0x0000000082f00000, 0x0000000083000000|  0%| F|  |TAMS 0x0000000082f00000, 0x0000000082f00000| Untracked 
|  32|0x0000000083000000, 0x0000000083000000, 0x0000000083100000|  0%| F|  |TAMS 0x0000000083000000, 0x0000000083000000| Untracked 
|  33|0x0000000083100000, 0x0000000083100000, 0x0000000083200000|  0%| F|  |TAMS 0x0000000083100000, 0x0000000083100000| Untracked 
|  34|0x0000000083200000, 0x0000000083200000, 0x0000000083300000|  0%| F|  |TAMS 0x0000000083200000, 0x0000000083200000| Untracked 
|  35|0x0000000083300000, 0x0000000083300000, 0x0000000083400000|  0%| F|  |TAMS 0x0000000083300000, 0x0000000083300000| Untracked 
|  36|0x0000000083400000, 0x0000000083400000, 0x0000000083500000|  0%| F|  |TAMS 0x0000000083400000, 0x0000000083400000| Untracked 
|  37|0x0000000083500000, 0x0000000083500000, 0x0000000083600000|  0%| F|  |TAMS 0x0000000083500000, 0x0000000083500000| Untracked 
|  38|0x0000000083600000, 0x0000000083600000, 0x0000000083700000|  0%| F|  |TAMS 0x0000000083600000, 0x0000000083600000| Untracked 
|  39|0x0000000083700000, 0x0000000083700000, 0x0000000083800000|  0%| F|  |TAMS 0x0000000083700000, 0x0000000083700000| Untracked 
|  40|0x0000000083800000, 0x0000000083800000, 0x0000000083900000|  0%| F|  |TAMS 0x0000000083800000, 0x0000000083800000| Untracked 
|  41|0x0000000083900000, 0x0000000083900000, 0x0000000083a00000|  0%| F|  |TAMS 0x0000000083900000, 0x0000000083900000| Untracked 
|  42|0x0000000083a00000, 0x0000000083a00000, 0x0000000083b00000|  0%| F|  |TAMS 0x0000000083a00000, 0x0000000083a00000| Untracked 
|  43|0x0000000083b00000, 0x0000000083b00000, 0x0000000083c00000|  0%| F|  |TAMS 0x0000000083b00000, 0x0000000083b00000| Untracked 
|  44|0x0000000083c00000, 0x0000000083c00000, 0x0000000083d00000|  0%| F|  |TAMS 0x0000000083c00000, 0x0000000083c00000| Untracked 
|  45|0x0000000083d00000, 0x0000000083d00000, 0x0000000083e00000|  0%| F|  |TAMS 0x0000000083d00000, 0x0000000083d00000| Untracked 
|  46|0x0000000083e00000, 0x0000000083e00000, 0x0000000083f00000|  0%| F|  |TAMS 0x0000000083e00000, 0x0000000083e00000| Untracked 
|  47|0x0000000083f00000, 0x0000000083f00000, 0x0000000084000000|  0%| F|  |TAMS 0x0000000083f00000, 0x0000000083f00000| Untracked 
|  48|0x0000000084000000, 0x0000000084000000, 0x0000000084100000|  0%| F|  |TAMS 0x0000000084000000, 0x0000000084000000| Untracked 
|  49|0x0000000084100000, 0x0000000084100000, 0x0000000084200000|  0%| F|  |TAMS 0x0000000084100000, 0x0000000084100000| Untracked 
|  50|0x0000000084200000, 0x0000000084200000, 0x0000000084300000|  0%| F|  |TAMS 0x0000000084200000, 0x0000000084200000| Untracked 
|  51|0x0000000084300000, 0x0000000084300000, 0x0000000084400000|  0%| F|  |TAMS 0x0000000084300000, 0x0000000084300000| Untracked 
|  52|0x0000000084400000, 0x0000000084400000, 0x0000000084500000|  0%| F|  |TAMS 0x0000000084400000, 0x0000000084400000| Untracked 
|  53|0x0000000084500000, 0x0000000084500000, 0x0000000084600000|  0%| F|  |TAMS 0x0000000084500000, 0x0000000084500000| Untracked 
|  54|0x0000000084600000, 0x0000000084600000, 0x0000000084700000|  0%| F|  |TAMS 0x0000000084600000, 0x0000000084600000| Untracked 
|  55|0x0000000084700000, 0x0000000084700000, 0x0000000084800000|  0%| F|  |TAMS 0x0000000084700000, 0x0000000084700000| Untracked 
|  56|0x0000000084800000, 0x0000000084800000, 0x0000000084900000|  0%| F|  |TAMS 0x0000000084800000, 0x0000000084800000| Untracked 
|  57|0x0000000084900000, 0x0000000084900000, 0x0000000084a00000|  0%| F|  |TAMS 0x0000000084900000, 0x0000000084900000| Untracked 
|  58|0x0000000084a00000, 0x0000000084a00000, 0x0000000084b00000|  0%| F|  |TAMS 0x0000000084a00000, 0x0000000084a00000| Untracked 
|  59|0x0000000084b00000, 0x0000000084b00000, 0x0000000084c00000|  0%| F|  |TAMS 0x0000000084b00000, 0x0000000084b00000| Untracked 
|  60|0x0000000084c00000, 0x0000000084c00000, 0x0000000084d00000|  0%| F|  |TAMS 0x0000000084c00000, 0x0000000084c00000| Untracked 
|  61|0x0000000084d00000, 0x0000000084d00000, 0x0000000084e00000|  0%| F|  |TAMS 0x0000000084d00000, 0x0000000084d00000| Untracked 
|  62|0x0000000084e00000, 0x0000000084e00000, 0x0000000084f00000|  0%| F|  |TAMS 0x0000000084e00000, 0x0000000084e00000| Untracked 
|  63|0x0000000084f00000, 0x0000000084ffd270, 0x0000000085000000| 98%| S|CS|TAMS 0x0000000084f00000, 0x0000000084f00000| Complete 
|  64|0x0000000085000000, 0x0000000085100000, 0x0000000085100000|100%| S|CS|TAMS 0x0000000085000000, 0x0000000085000000| Complete 
|  65|0x0000000085100000, 0x0000000085100000, 0x0000000085200000|  0%| F|  |TAMS 0x0000000085100000, 0x0000000085100000| Untracked 
|  66|0x0000000085200000, 0x0000000085200000, 0x0000000085300000|  0%| F|  |TAMS 0x0000000085200000, 0x0000000085200000| Untracked 
|  67|0x0000000085300000, 0x0000000085300000, 0x0000000085400000|  0%| F|  |TAMS 0x0000000085300000, 0x0000000085300000| Untracked 
|  68|0x0000000085400000, 0x0000000085400000, 0x0000000085500000|  0%| F|  |TAMS 0x0000000085400000, 0x0000000085400000| Untracked 
|  69|0x0000000085500000, 0x0000000085500000, 0x0000000085600000|  0%| F|  |TAMS 0x0000000085500000, 0x0000000085500000| Untracked 
|  70|0x0000000085600000, 0x0000000085600000, 0x0000000085700000|  0%| F|  |TAMS 0x0000000085600000, 0x0000000085600000| Untracked 
|  71|0x0000000085700000, 0x0000000085700000, 0x0000000085800000|  0%| F|  |TAMS 0x0000000085700000, 0x0000000085700000| Untracked 
|  72|0x0000000085800000, 0x0000000085800000, 0x0000000085900000|  0%| F|  |TAMS 0x0000000085800000, 0x0000000085800000| Untracked 
|  73|0x0000000085900000, 0x0000000085900000, 0x0000000085a00000|  0%| F|  |TAMS 0x0000000085900000, 0x0000000085900000| Untracked 
|  74|0x0000000085a00000, 0x0000000085a00000, 0x0000000085b00000|  0%| F|  |TAMS 0x0000000085a00000, 0x0000000085a00000| Untracked 
|  75|0x0000000085b00000, 0x0000000085b00000, 0x0000000085c00000|  0%| F|  |TAMS 0x0000000085b00000, 0x0000000085b00000| Untracked 
|  76|0x0000000085c00000, 0x0000000085c00000, 0x0000000085d00000|  0%| F|  |TAMS 0x0000000085c00000, 0x0000000085c00000| Untracked 
|  77|0x0000000085d00000, 0x0000000085d00000, 0x0000000085e00000|  0%| F|  |TAMS 0x0000000085d00000, 0x0000000085d00000| Untracked 
|  78|0x0000000085e00000, 0x0000000085e00000, 0x0000000085f00000|  0%| F|  |TAMS 0x0000000085e00000, 0x0000000085e00000| Untracked 
|  79|0x0000000085f00000, 0x0000000085f00000, 0x0000000086000000|  0%| F|  |TAMS 0x0000000085f00000, 0x0000000085f00000| Untracked 
|  80|0x0000000086000000, 0x0000000086000000, 0x0000000086100000|  0%| F|  |TAMS 0x0000000086000000, 0x0000000086000000| Untracked 
|  81|0x0000000086100000, 0x0000000086100000, 0x0000000086200000|  0%| F|  |TAMS 0x0000000086100000, 0x0000000086100000| Untracked 
|  82|0x0000000086200000, 0x0000000086200000, 0x0000000086300000|  0%| F|  |TAMS 0x0000000086200000, 0x0000000086200000| Untracked 
|  83|0x0000000086300000, 0x0000000086300000, 0x0000000086400000|  0%| F|  |TAMS 0x0000000086300000, 0x0000000086300000| Untracked 
|  84|0x0000000086400000, 0x0000000086400000, 0x0000000086500000|  0%| F|  |TAMS 0x0000000086400000, 0x0000000086400000| Untracked 
|  85|0x0000000086500000, 0x0000000086500000, 0x0000000086600000|  0%| F|  |TAMS 0x0000000086500000, 0x0000000086500000| Untracked 
|  86|0x0000000086600000, 0x0000000086600000, 0x0000000086700000|  0%| F|  |TAMS 0x0000000086600000, 0x0000000086600000| Untracked 
|  87|0x0000000086700000, 0x0000000086700000, 0x0000000086800000|  0%| F|  |TAMS 0x0000000086700000, 0x0000000086700000| Untracked 
|  88|0x0000000086800000, 0x0000000086800000, 0x0000000086900000|  0%| F|  |TAMS 0x0000000086800000, 0x0000000086800000| Untracked 
|  89|0x0000000086900000, 0x0000000086900000, 0x0000000086a00000|  0%| F|  |TAMS 0x0000000086900000, 0x0000000086900000| Untracked 
|  90|0x0000000086a00000, 0x0000000086a00000, 0x0000000086b00000|  0%| F|  |TAMS 0x0000000086a00000, 0x0000000086a00000| Untracked 
|  91|0x0000000086b00000, 0x0000000086b00000, 0x0000000086c00000|  0%| F|  |TAMS 0x0000000086b00000, 0x0000000086b00000| Untracked 
|  92|0x0000000086c00000, 0x0000000086c00000, 0x0000000086d00000|  0%| F|  |TAMS 0x0000000086c00000, 0x0000000086c00000| Untracked 
|  93|0x0000000086d00000, 0x0000000086d00000, 0x0000000086e00000|  0%| F|  |TAMS 0x0000000086d00000, 0x0000000086d00000| Untracked 
|  94|0x0000000086e00000, 0x0000000086e00000, 0x0000000086f00000|  0%| F|  |TAMS 0x0000000086e00000, 0x0000000086e00000| Untracked 
|  95|0x0000000086f00000, 0x0000000086f00000, 0x0000000087000000|  0%| F|  |TAMS 0x0000000086f00000, 0x0000000086f00000| Untracked 
|  96|0x0000000087000000, 0x0000000087000000, 0x0000000087100000|  0%| F|  |TAMS 0x0000000087000000, 0x0000000087000000| Untracked 
|  97|0x0000000087100000, 0x0000000087100000, 0x0000000087200000|  0%| F|  |TAMS 0x0000000087100000, 0x0000000087100000| Untracked 
|  98|0x0000000087200000, 0x0000000087200000, 0x0000000087300000|  0%| F|  |TAMS 0x0000000087200000, 0x0000000087200000| Untracked 
|  99|0x0000000087300000, 0x0000000087300000, 0x0000000087400000|  0%| F|  |TAMS 0x0000000087300000, 0x0000000087300000| Untracked 
| 100|0x0000000087400000, 0x0000000087500000, 0x0000000087500000|100%| E|  |TAMS 0x0000000087400000, 0x0000000087400000| Complete 
| 101|0x0000000087500000, 0x0000000087600000, 0x0000000087600000|100%| E|CS|TAMS 0x0000000087500000, 0x0000000087500000| Complete 
| 102|0x0000000087600000, 0x0000000087700000, 0x0000000087700000|100%| E|CS|TAMS 0x0000000087600000, 0x0000000087600000| Complete 
| 103|0x0000000087700000, 0x0000000087800000, 0x0000000087800000|100%| E|CS|TAMS 0x0000000087700000, 0x0000000087700000| Complete 
| 104|0x0000000087800000, 0x0000000087900000, 0x0000000087900000|100%| E|CS|TAMS 0x0000000087800000, 0x0000000087800000| Complete 
| 105|0x0000000087900000, 0x0000000087a00000, 0x0000000087a00000|100%| E|CS|TAMS 0x0000000087900000, 0x0000000087900000| Complete 
| 106|0x0000000087a00000, 0x0000000087b00000, 0x0000000087b00000|100%| E|CS|TAMS 0x0000000087a00000, 0x0000000087a00000| Complete 
| 107|0x0000000087b00000, 0x0000000087c00000, 0x0000000087c00000|100%| E|CS|TAMS 0x0000000087b00000, 0x0000000087b00000| Complete 
| 108|0x0000000087c00000, 0x0000000087d00000, 0x0000000087d00000|100%| E|CS|TAMS 0x0000000087c00000, 0x0000000087c00000| Complete 
| 109|0x0000000087d00000, 0x0000000087e00000, 0x0000000087e00000|100%| E|CS|TAMS 0x0000000087d00000, 0x0000000087d00000| Complete 
| 110|0x0000000087e00000, 0x0000000087f00000, 0x0000000087f00000|100%| E|CS|TAMS 0x0000000087e00000, 0x0000000087e00000| Complete 
| 111|0x0000000087f00000, 0x0000000088000000, 0x0000000088000000|100%| E|CS|TAMS 0x0000000087f00000, 0x0000000087f00000| Complete 
| 112|0x0000000088000000, 0x0000000088100000, 0x0000000088100000|100%| E|CS|TAMS 0x0000000088000000, 0x0000000088000000| Complete 
| 113|0x0000000088100000, 0x0000000088200000, 0x0000000088200000|100%| E|CS|TAMS 0x0000000088100000, 0x0000000088100000| Complete 
| 114|0x0000000088200000, 0x0000000088300000, 0x0000000088300000|100%| E|CS|TAMS 0x0000000088200000, 0x0000000088200000| Complete 
| 115|0x0000000088300000, 0x0000000088400000, 0x0000000088400000|100%| E|CS|TAMS 0x0000000088300000, 0x0000000088300000| Complete 
| 116|0x0000000088400000, 0x0000000088500000, 0x0000000088500000|100%| E|CS|TAMS 0x0000000088400000, 0x0000000088400000| Complete 
| 117|0x0000000088500000, 0x0000000088600000, 0x0000000088600000|100%| E|CS|TAMS 0x0000000088500000, 0x0000000088500000| Complete 
| 118|0x0000000088600000, 0x0000000088700000, 0x0000000088700000|100%| E|CS|TAMS 0x0000000088600000, 0x0000000088600000| Complete 
| 119|0x0000000088700000, 0x0000000088800000, 0x0000000088800000|100%| E|CS|TAMS 0x0000000088700000, 0x0000000088700000| Complete 
| 120|0x0000000088800000, 0x0000000088900000, 0x0000000088900000|100%| E|CS|TAMS 0x0000000088800000, 0x0000000088800000| Complete 
| 121|0x0000000088900000, 0x0000000088a00000, 0x0000000088a00000|100%| E|CS|TAMS 0x0000000088900000, 0x0000000088900000| Complete 
| 122|0x0000000088a00000, 0x0000000088b00000, 0x0000000088b00000|100%| E|CS|TAMS 0x0000000088a00000, 0x0000000088a00000| Complete 
| 123|0x0000000088b00000, 0x0000000088c00000, 0x0000000088c00000|100%| E|  |TAMS 0x0000000088b00000, 0x0000000088b00000| Complete 
| 124|0x0000000088c00000, 0x0000000088d00000, 0x0000000088d00000|100%| E|CS|TAMS 0x0000000088c00000, 0x0000000088c00000| Complete 
| 125|0x0000000088d00000, 0x0000000088e00000, 0x0000000088e00000|100%| E|CS|TAMS 0x0000000088d00000, 0x0000000088d00000| Complete 
| 126|0x0000000088e00000, 0x0000000088f00000, 0x0000000088f00000|100%| E|CS|TAMS 0x0000000088e00000, 0x0000000088e00000| Complete 
| 127|0x0000000088f00000, 0x0000000089000000, 0x0000000089000000|100%| E|CS|TAMS 0x0000000088f00000, 0x0000000088f00000| Complete 

Card table byte_map: [0x0000013273440000,0x0000013273840000] _byte_map_base: 0x0000013273038000

Marking Bits (Prev, Next): (CMBitMap*) 0x000001325bb27640, (CMBitMap*) 0x000001325bb27680
 Prev Bits: [0x0000013273c40000, 0x0000013275c00000)
 Next Bits: [0x0000013275c00000, 0x0000013277bc0000)

Polling page: 0x0000013259940000

Metaspace:

Usage:
  Non-class:     12.75 MB capacity,    12.58 MB ( 99%) used,   164.60 KB (  1%) free+waste,    16.88 KB ( <1%) overhead. 
      Class:      1.12 MB capacity,     1.05 MB ( 94%) used,    61.93 KB (  5%) free+waste,     5.50 KB ( <1%) overhead. 
       Both:     13.87 MB capacity,    13.63 MB ( 98%) used,   226.53 KB (  2%) free+waste,    22.38 KB ( <1%) overhead. 

Virtual space:
  Non-class space:       14.00 MB reserved,      13.00 MB ( 93%) committed 
      Class space:        1.00 GB reserved,       1.13 MB ( <1%) committed 
             Both:        1.01 GB reserved,      14.13 MB (  1%) committed 

Chunk freelists:
   Non-Class:  124.00 KB
       Class:  8.00 KB
        Both:  132.00 KB

MaxMetaspaceSize: 17179869184.00 GB
CompressedClassSpaceSize: 1.00 GB

CodeHeap 'non-profiled nmethods': size=120000Kb used=987Kb max_used=987Kb free=119012Kb
 bounds [0x000001326b7d0000, 0x000001326ba40000, 0x0000013272d00000]
CodeHeap 'profiled nmethods': size=120000Kb used=4193Kb max_used=4193Kb free=115806Kb
 bounds [0x00000132642a0000, 0x00000132646c0000, 0x000001326b7d0000]
CodeHeap 'non-nmethods': size=5760Kb used=1576Kb max_used=1612Kb free=4183Kb
 bounds [0x0000013263d00000, 0x0000013263f70000, 0x00000132642a0000]
 total_blobs=3286 nmethods=2334 adapters=865
 compilation: enabled
              stopped_count=0, restarted_count=0
 full_count=0

Compilation events (20 events):
Event: 23.026 Thread 0x000001327a6056b0 2325       4       jogamp.opengl.GLAutoDrawableBase::getGL (16 bytes)
Event: 23.027 Thread 0x000001327a6056b0 nmethod 2325 0x000001326b8c4e10 code [0x000001326b8c4f80, 0x000001326b8c4ff8]
Event: 23.130 Thread 0x000001327a6027b0 2326       3       java.nio.charset.Charset::lookup (44 bytes)
Event: 23.130 Thread 0x000001327a6027b0 nmethod 2326 0x00000132646b3290 code [0x00000132646b3480, 0x00000132646b38c8]
Event: 23.131 Thread 0x000001327a6027b0 2327       3       jdk.internal.loader.URLClassPath$JarLoader::findResource (18 bytes)
Event: 23.131 Thread 0x000001327a6027b0 nmethod 2327 0x00000132646b3a90 code [0x00000132646b3c40, 0x00000132646b3e98]
Event: 23.131 Thread 0x000001327a6027b0 2328       3       javax.sound.sampled.DataLine$Info::matches (116 bytes)
Event: 23.132 Thread 0x000001327a6027b0 nmethod 2328 0x00000132646b3f90 code [0x00000132646b41e0, 0x00000132646b5488]
Event: 23.132 Thread 0x000001327a6027b0 2329       3       javax.sound.sampled.Line$Info::matches (31 bytes)
Event: 23.132 Thread 0x000001327a6027b0 nmethod 2329 0x00000132646b5890 code [0x00000132646b5a40, 0x00000132646b5dc8]
Event: 23.132 Thread 0x000001327a6027b0 2330       1       javax.sound.sampled.DataLine$Info::getMinBufferSize (5 bytes)
Event: 23.132 Thread 0x000001327a6027b0 nmethod 2330 0x000001326b8c5110 code [0x000001326b8c52a0, 0x000001326b8c5358]
Event: 23.376 Thread 0x000001327a6056b0 2331       4       java.nio.ByteBuffer::<init> (47 bytes)
Event: 23.379 Thread 0x000001327a6056b0 nmethod 2331 0x000001326b8c5410 code [0x000001326b8c55a0, 0x000001326b8c5878]
Event: 23.509 Thread 0x000001327a6056b0 2332       4       com.jogamp.opengl.util.awt.TextRenderer::internal_draw3D (62 bytes)
Event: 23.513 Thread 0x000001327a6056b0 nmethod 2332 0x000001326b8c5a10 code [0x000001326b8c5bc0, 0x000001326b8c5f18]
Event: 23.606 Thread 0x000001327a6027b0 2333       3       jdk.internal.loader.BuiltinClassLoader::isSealed (71 bytes)
Event: 23.608 Thread 0x000001327a6027b0 nmethod 2333 0x00000132646b5f10 code [0x00000132646b6300, 0x00000132646b7cb8]
Event: 23.610 Thread 0x000001327a6056b0 2334       4       java.util.HashSet::contains (9 bytes)
Event: 23.617 Thread 0x000001327a6056b0 nmethod 2334 0x000001326b8c6310 code [0x000001326b8c64c0, 0x000001326b8c6948]

GC Heap History (6 events):
Event: 2.710 GC heap before
{Heap before GC invocations=0 (full 0):
 garbage-first heap   total 131072K, used 23552K [0x0000000081000000, 0x0000000100000000)
  region size 1024K, 23 young (23552K), 0 survivors (0K)
 Metaspace       used 9670K, capacity 9909K, committed 10368K, reserved 1058816K
  class space    used 742K, capacity 809K, committed 896K, reserved 1048576K
}
Event: 2.730 GC heap after
{Heap after GC invocations=1 (full 0):
 garbage-first heap   total 131072K, used 3730K [0x0000000081000000, 0x0000000100000000)
  region size 1024K, 3 young (3072K), 3 survivors (3072K)
 Metaspace       used 9670K, capacity 9909K, committed 10368K, reserved 1058816K
  class space    used 742K, capacity 809K, committed 896K, reserved 1048576K
}
Event: 8.737 GC heap before
{Heap before GC invocations=1 (full 0):
 garbage-first heap   total 131072K, used 58002K [0x0000000081000000, 0x0000000100000000)
  region size 1024K, 32 young (32768K), 3 survivors (3072K)
 Metaspace       used 13465K, capacity 13675K, committed 13952K, reserved 1062912K
  class space    used 1064K, capacity 1104K, committed 1152K, reserved 1048576K
}
Event: 8.743 GC heap after
{Heap after GC invocations=2 (full 0):
 garbage-first heap   total 131072K, used 29343K [0x0000000081000000, 0x0000000100000000)
  region size 1024K, 2 young (2048K), 2 survivors (2048K)
 Metaspace       used 13465K, capacity 13675K, committed 13952K, reserved 1062912K
  class space    used 1064K, capacity 1104K, committed 1152K, reserved 1048576K
}
Event: 19.101 GC heap before
{Heap before GC invocations=2 (full 0):
 garbage-first heap   total 131072K, used 90783K [0x0000000081000000, 0x0000000100000000)
  region size 1024K, 63 young (64512K), 2 survivors (2048K)
 Metaspace       used 13879K, capacity 14108K, committed 14464K, reserved 1062912K
  class space    used 1070K, capacity 1112K, committed 1152K, reserved 1048576K
}
Event: 19.104 GC heap after
{Heap after GC invocations=3 (full 0):
 garbage-first heap   total 131072K, used 30223K [0x0000000081000000, 0x0000000100000000)
  region size 1024K, 2 young (2048K), 2 survivors (2048K)
 Metaspace       used 13879K, capacity 14108K, committed 14464K, reserved 1062912K
  class space    used 1070K, capacity 1112K, committed 1152K, reserved 1048576K
}

Deoptimization events (20 events):
Event: 15.092 Thread 0x000001327ba71810 DEOPT PACKING pc=0x000001326b89f324 sp=0x0000002247ffe6a0
Event: 15.092 Thread 0x000001327ba71810 DEOPT UNPACKING pc=0x0000013263d4e129 sp=0x0000002247ffe650 mode 2
Event: 19.676 Thread 0x000001327ba71810 DEOPT PACKING pc=0x000001326455e16b sp=0x0000002247ffe5b0
Event: 19.676 Thread 0x000001327ba71810 DEOPT UNPACKING pc=0x0000013263d4df30 sp=0x0000002247ffdae8 mode 0
Event: 19.725 Thread 0x000001327ba71810 Uncommon trap: trap_request=0xffffffde fr.pc=0x000001326b8bbab4 relative=0x0000000000000114
Event: 19.725 Thread 0x000001327ba71810 Uncommon trap: reason=class_check action=maybe_recompile pc=0x000001326b8bbab4 method=jdk.internal.misc.Unsafe.allocateUninitializedArray(Ljava/lang/Class;I)Ljava/lang/Object; @ 51 c2
Event: 19.725 Thread 0x000001327ba71810 DEOPT PACKING pc=0x000001326b8bbab4 sp=0x0000002247ffe540
Event: 19.725 Thread 0x000001327ba71810 DEOPT UNPACKING pc=0x0000013263d4e129 sp=0x0000002247ffe4c8 mode 2
Event: 19.726 Thread 0x000001327ba71810 Uncommon trap: trap_request=0xffffffde fr.pc=0x000001326b8bbab4 relative=0x0000000000000114
Event: 19.726 Thread 0x000001327ba71810 Uncommon trap: reason=class_check action=maybe_recompile pc=0x000001326b8bbab4 method=jdk.internal.misc.Unsafe.allocateUninitializedArray(Ljava/lang/Class;I)Ljava/lang/Object; @ 51 c2
Event: 19.726 Thread 0x000001327ba71810 DEOPT PACKING pc=0x000001326b8bbab4 sp=0x0000002247ffe8d0
Event: 19.726 Thread 0x000001327ba71810 DEOPT UNPACKING pc=0x0000013263d4e129 sp=0x0000002247ffe858 mode 2
Event: 19.742 Thread 0x000001327ba71810 Uncommon trap: trap_request=0xffffffde fr.pc=0x000001326b8bbab4 relative=0x0000000000000114
Event: 19.742 Thread 0x000001327ba71810 Uncommon trap: reason=class_check action=maybe_recompile pc=0x000001326b8bbab4 method=jdk.internal.misc.Unsafe.allocateUninitializedArray(Ljava/lang/Class;I)Ljava/lang/Object; @ 51 c2
Event: 19.742 Thread 0x000001327ba71810 DEOPT PACKING pc=0x000001326b8bbab4 sp=0x0000002247ffe540
Event: 19.742 Thread 0x000001327ba71810 DEOPT UNPACKING pc=0x0000013263d4e129 sp=0x0000002247ffe4c8 mode 2
Event: 19.743 Thread 0x000001327ba71810 Uncommon trap: trap_request=0xffffffde fr.pc=0x000001326b8bbab4 relative=0x0000000000000114
Event: 19.743 Thread 0x000001327ba71810 Uncommon trap: reason=class_check action=maybe_recompile pc=0x000001326b8bbab4 method=jdk.internal.misc.Unsafe.allocateUninitializedArray(Ljava/lang/Class;I)Ljava/lang/Object; @ 51 c2
Event: 19.743 Thread 0x000001327ba71810 DEOPT PACKING pc=0x000001326b8bbab4 sp=0x0000002247ffe8d0
Event: 19.743 Thread 0x000001327ba71810 DEOPT UNPACKING pc=0x0000013263d4e129 sp=0x0000002247ffe858 mode 2

Classes unloaded (0 events):
No events

Classes redefined (0 events):
No events

Internal exceptions (16 events):
Event: 0.175 Thread 0x000001327b1c5f00 Exception <a 'java/lang/NoSuchMethodError'{0x0000000088d08948}: 'java.lang.Object java.lang.invoke.DirectMethodHandle$Holder.invokeStatic(java.lang.Object)'> (0x0000000088d08948) 
thrown [./open/src/hotspot/share/interpreter/linkResolver.cpp, line 782]
Event: 0.176 Thread 0x000001327b1c5f00 Exception <a 'java/lang/NoSuchMethodError'{0x0000000088d0c258}: 'java.lang.Object java.lang.invoke.DirectMethodHandle$Holder.invokeStaticInit(java.lang.Object)'> (0x0000000088d0c258) 
thrown [./open/src/hotspot/share/interpreter/linkResolver.cpp, line 782]
Event: 0.184 Thread 0x000001327b1c5f00 Exception <a 'java/lang/NoSuchMethodError'{0x0000000088d195f8}: 'void java.lang.invoke.DirectMethodHandle$Holder.invokeStatic(java.lang.Object, java.lang.Object)'> (0x0000000088d195f8) 
thrown [./open/src/hotspot/share/interpreter/linkResolver.cpp, line 782]
Event: 0.249 Thread 0x000001325baec460 Exception <a 'java/lang/NoSuchMethodError'{0x0000000088ca6800}: 'void java.lang.invoke.DirectMethodHandle$Holder.invokeStaticInit(java.lang.Object, java.lang.Object)'> (0x0000000088ca6800) 
thrown [./open/src/hotspot/share/interpreter/linkResolver.cpp, line 782]
Event: 0.260 Thread 0x000001325baec460 Exception <a 'java/lang/NoSuchMethodError'{0x0000000088cd3a80}: 'java.lang.Object java.lang.invoke.DirectMethodHandle$Holder.invokeStaticInit(java.lang.Object, int, int, int, int)'> (0x0000000088cd3a80) 
thrown [./open/src/hotspot/share/interpreter/linkResolver.cpp, line 782]
Event: 0.331 Thread 0x000001325baec460 Exception <a 'java/lang/NoSuchMethodError'{0x0000000088b5f170}: 'java.lang.Object java.lang.invoke.DirectMethodHandle$Holder.invokeStaticInit(java.lang.Object, java.lang.Object, int, int, int, int)'> (0x0000000088b5f170) 
thrown [./open/src/hotspot/share/interpreter/linkResolver.cpp, line 782]
Event: 0.376 Thread 0x000001325baec460 Exception <a 'java/lang/NoSuchMethodError'{0x0000000088b7d608}: 'void java.lang.invoke.DirectMethodHandle$Holder.invokeStatic(java.lang.Object, long)'> (0x0000000088b7d608) 
thrown [./open/src/hotspot/share/interpreter/linkResolver.cpp, line 782]
Event: 0.377 Thread 0x000001325baec460 Exception <a 'java/lang/NoSuchMethodError'{0x0000000088b831c8}: 'java.lang.Object java.lang.invoke.DirectMethodHandle$Holder.newInvokeSpecial(java.lang.Object, long)'> (0x0000000088b831c8) 
thrown [./open/src/hotspot/share/interpreter/linkResolver.cpp, line 782]
Event: 0.380 Thread 0x000001325baec460 Exception <a 'java/lang/NoSuchMethodError'{0x0000000088b8e1f0}: 'java.lang.Object java.lang.invoke.DirectMethodHandle$Holder.invokeStaticInit(java.lang.Object, java.lang.Object, long, java.lang.Object)'> (0x0000000088b8e1f0) 
thrown [./open/src/hotspot/share/interpreter/linkResolver.cpp, line 782]
Event: 0.381 Thread 0x000001325baec460 Exception <a 'java/lang/NoSuchMethodError'{0x0000000088b94d08}: 'java.lang.Object java.lang.invoke.DirectMethodHandle$Holder.newInvokeSpecial(java.lang.Object, java.lang.Object, long)'> (0x0000000088b94d08) 
thrown [./open/src/hotspot/share/interpreter/linkResolver.cpp, line 782]
Event: 0.382 Thread 0x000001325baec460 Exception <a 'java/lang/NoSuchMethodError'{0x0000000088b990f8}: 'java.lang.Object java.lang.invoke.Invokers$Holder.linkToTargetMethod(java.lang.Object, long, java.lang.Object)'> (0x0000000088b990f8) 
thrown [./open/src/hotspot/share/interpreter/linkResolver.cpp, line 782]
Event: 0.572 Thread 0x000001325baec460 Exception <a 'java/lang/ClassNotFoundException'{0x00000000889b16c0}: sun/awt/resources/spi/awtProvider> (0x00000000889b16c0) 
thrown [./open/src/hotspot/share/classfile/systemDictionary.cpp, line 295]
Event: 0.598 Thread 0x000001325baec460 Exception <a 'java/io/FileNotFoundException'{0x00000000889faa08}> (0x00000000889faa08) 
thrown [./open/src/hotspot/share/prims/jni.cpp, line 578]
Event: 0.606 Thread 0x000001325baec460 Exception <a 'java/io/FileNotFoundException'{0x000000008882a048}> (0x000000008882a048) 
thrown [./open/src/hotspot/share/prims/jni.cpp, line 578]
Event: 0.612 Thread 0x000001325baec460 Exception <a 'java/lang/NoSuchMethodError'{0x000000008882cf20}: 'void java.lang.invoke.DirectMethodHandle$Holder.invokeSpecial(java.lang.Object, java.lang.Object, java.lang.Object)'> (0x000000008882cf20) 
thrown [./open/src/hotspot/share/interpreter/linkResolver.cpp, line 782]
Event: 23.607 Thread 0x0000013206da9690 JVM_StopThread thread JavaThread 0x000001327ba71810 as oop 0x000000008501ec80 [exception 0x0000002249efe980]

Events (20 events):
Event: 23.605 Thread 0x0000013206da7e80 Thread added: 0x0000013206da7e80
Event: 23.606 Thread 0x0000013206da3b20 Thread added: 0x0000013206da3b20
Event: 23.606 Thread 0x0000013206da44c0 Thread added: 0x0000013206da44c0
Event: 23.607 loading class java/nio/channels/ClosedChannelException
Event: 23.607 Executing VM operation: HandshakeOneThread
Event: 23.607 Executing VM operation: HandshakeOneThread done
Event: 23.607 loading class java/nio/channels/ClosedChannelException done
Event: 23.607 Thread 0x0000013206da3b20 Thread exited: 0x0000013206da3b20
Event: 23.609 loading class java/lang/Throwable$WrappedPrintStream
Event: 23.609 loading class java/lang/Throwable$PrintStreamOrWriter
Event: 23.609 loading class java/lang/Throwable$PrintStreamOrWriter done
Event: 23.609 loading class java/lang/Throwable$WrappedPrintStream done
Event: 23.610 loading class java/lang/StackTraceElement$HashedModules
Event: 23.610 loading class java/lang/StackTraceElement$HashedModules done
Event: 23.611 Thread 0x000001327ba71810 Thread exited: 0x000001327ba71810
Event: 23.631 Thread 0x000001327b764d30 Thread exited: 0x000001327b764d30
Event: 23.680 Thread 0x000001327e4d3020 Thread exited: 0x000001327e4d3020
Event: 23.685 Thread 0x0000013206da9690 Thread exited: 0x0000013206da9690
Event: 23.707 Thread 0x0000013206da7e80 Thread exited: 0x0000013206da7e80
Event: 23.707 Executing VM operation: Exit


Dynamic libraries:
0x00007ff6bd960000 - 0x00007ff6bd96d000 	C:\Users\yurib\.jdks\openjdk-15\bin\java.exe
0x00007ffe0dae0000 - 0x00007ffe0dcd0000 	C:\Windows\SYSTEM32\ntdll.dll
0x00007ffe0cba0000 - 0x00007ffe0cc52000 	C:\Windows\System32\KERNEL32.DLL
0x00007ffe0b540000 - 0x00007ffe0b7e5000 	C:\Windows\System32\KERNELBASE.dll
0x00007ffe00390000 - 0x00007ffe003a8000 	C:\Users\yurib\.jdks\openjdk-15\bin\jli.dll
0x00007ffe0b310000 - 0x00007ffe0b40a000 	C:\Windows\System32\ucrtbase.dll
0x00007ffe003b0000 - 0x00007ffe003c9000 	C:\Users\yurib\.jdks\openjdk-15\bin\VCRUNTIME140.dll
0x00007ffe0ca00000 - 0x00007ffe0cb94000 	C:\Windows\System32\USER32.dll
0x00007ffdf6120000 - 0x00007ffdf63a4000 	C:\Windows\WinSxS\amd64_microsoft.windows.common-controls_6595b64144ccf1df_6.0.18362.1139_none_9e7bf2d3e4605ac6\COMCTL32.dll
0x00007ffe0b1f0000 - 0x00007ffe0b211000 	C:\Windows\System32\win32u.dll
0x00007ffe0da00000 - 0x00007ffe0da9e000 	C:\Windows\System32\msvcrt.dll
0x00007ffe0cf30000 - 0x00007ffe0cf56000 	C:\Windows\System32\GDI32.dll
0x00007ffe0bcd0000 - 0x00007ffe0c005000 	C:\Windows\System32\combase.dll
0x00007ffe0b7f0000 - 0x00007ffe0b986000 	C:\Windows\System32\gdi32full.dll
0x00007ffe0c830000 - 0x00007ffe0c950000 	C:\Windows\System32\RPCRT4.dll
0x00007ffe0b220000 - 0x00007ffe0b2be000 	C:\Windows\System32\msvcp_win.dll
0x00007ffe0b410000 - 0x00007ffe0b490000 	C:\Windows\System32\bcryptPrimitives.dll
0x00007ffe0d9d0000 - 0x00007ffe0d9fe000 	C:\Windows\System32\IMM32.DLL
0x00007ffe00330000 - 0x00007ffe0033c000 	C:\Users\yurib\.jdks\openjdk-15\bin\vcruntime140_1.dll
0x00007ffde5b00000 - 0x00007ffde5b91000 	C:\Users\yurib\.jdks\openjdk-15\bin\msvcp140.dll
0x00007ffddb0b0000 - 0x00007ffddbc0c000 	C:\Users\yurib\.jdks\openjdk-15\bin\server\jvm.dll
0x00007ffe0d920000 - 0x00007ffe0d9c3000 	C:\Windows\System32\ADVAPI32.dll
0x00007ffe0c210000 - 0x00007ffe0c2a7000 	C:\Windows\System32\sechost.dll
0x00007ffe0d740000 - 0x00007ffe0d748000 	C:\Windows\System32\PSAPI.DLL
0x00007ffe088d0000 - 0x00007ffe088f4000 	C:\Windows\SYSTEM32\WINMM.dll
0x00007ffdf92c0000 - 0x00007ffdf92c9000 	C:\Windows\SYSTEM32\WSOCK32.dll
0x00007ffe04430000 - 0x00007ffe0443a000 	C:\Windows\SYSTEM32\VERSION.dll
0x00007ffe0cec0000 - 0x00007ffe0cf2f000 	C:\Windows\System32\WS2_32.dll
0x00007ffe087c0000 - 0x00007ffe087ed000 	C:\Windows\SYSTEM32\WINMMBASE.dll
0x00007ffe0bb40000 - 0x00007ffe0bb8a000 	C:\Windows\System32\cfgmgr32.dll
0x00007ffe0a9e0000 - 0x00007ffe0a9f1000 	C:\Windows\System32\kernel.appcore.dll
0x00007ffdf35b0000 - 0x00007ffdf35ba000 	C:\Users\yurib\.jdks\openjdk-15\bin\jimage.dll
0x00007ffdf77d0000 - 0x00007ffdf79c4000 	C:\Windows\SYSTEM32\DBGHELP.DLL
0x00007ffdf7b00000 - 0x00007ffdf7b2a000 	C:\Windows\SYSTEM32\dbgcore.DLL
0x00007ffdf3150000 - 0x00007ffdf315e000 	C:\Users\yurib\.jdks\openjdk-15\bin\instrument.dll
0x00007ffdf08c0000 - 0x00007ffdf08e5000 	C:\Users\yurib\.jdks\openjdk-15\bin\java.dll
0x00007ffe0cfd0000 - 0x00007ffe0d6b7000 	C:\Windows\System32\SHELL32.dll
0x00007ffe0c950000 - 0x00007ffe0c9f9000 	C:\Windows\System32\shcore.dll
0x00007ffe0aa70000 - 0x00007ffe0b1f0000 	C:\Windows\System32\windows.storage.dll
0x00007ffe0a9b0000 - 0x00007ffe0a9d3000 	C:\Windows\System32\profapi.dll
0x00007ffe0aa20000 - 0x00007ffe0aa6a000 	C:\Windows\System32\powrprof.dll
0x00007ffe0a9a0000 - 0x00007ffe0a9b0000 	C:\Windows\System32\UMPDC.dll
0x00007ffe0cf70000 - 0x00007ffe0cfc2000 	C:\Windows\System32\shlwapi.dll
0x00007ffe0b2c0000 - 0x00007ffe0b2d7000 	C:\Windows\System32\cryptsp.dll
0x00007ffdee170000 - 0x00007ffdee188000 	C:\Users\yurib\.jdks\openjdk-15\bin\zip.dll
0x00007ffdf09a0000 - 0x00007ffdf09b9000 	C:\Users\yurib\.jdks\openjdk-15\bin\net.dll
0x00007ffe02820000 - 0x00007ffe02910000 	C:\Windows\SYSTEM32\WINHTTP.dll
0x00007ffe0a190000 - 0x00007ffe0a1f7000 	C:\Windows\system32\mswsock.dll
0x00007ffdefd90000 - 0x00007ffdefda2000 	C:\Users\yurib\.jdks\openjdk-15\bin\nio.dll
0x00007ffde9270000 - 0x00007ffde928a000 	C:\Program Files\JetBrains\IntelliJ IDEA 2020.2.1\bin\breakgen64.dll
0x00007ffe09d00000 - 0x00007ffe09d33000 	C:\Windows\system32\rsaenh.dll
0x00007ffe0b2e0000 - 0x00007ffe0b306000 	C:\Windows\System32\bcrypt.dll
0x00007ffe0a8c0000 - 0x00007ffe0a8e5000 	C:\Windows\SYSTEM32\USERENV.dll
0x00007ffe0a360000 - 0x00007ffe0a36c000 	C:\Windows\SYSTEM32\CRYPTBASE.dll
0x00007ffe09ea0000 - 0x00007ffe09eda000 	C:\Windows\SYSTEM32\IPHLPAPI.DLL
0x00007ffe0c820000 - 0x00007ffe0c828000 	C:\Windows\System32\NSI.dll
0x00007ffe037c0000 - 0x00007ffe037d6000 	C:\Windows\SYSTEM32\dhcpcsvc6.DLL
0x00007ffe03730000 - 0x00007ffe0374c000 	C:\Windows\SYSTEM32\dhcpcsvc.DLL
0x00007ffe09ee0000 - 0x00007ffe09fab000 	C:\Windows\SYSTEM32\DNSAPI.dll
0x00007ffe08b80000 - 0x00007ffe08c0f000 	C:\Windows\system32\apphelp.dll
0x00000000637c0000 - 0x00000000637cd000 	C:\Users\yurib\AppData\Local\Temp\jogamp_0000\file_cache\jln8956373912373755321\jln9524158907563069103\natives\windows-amd64\gluegen-rt.dll
0x00007ffdce0a0000 - 0x00007ffdce21f000 	C:\Users\yurib\.jdks\openjdk-15\bin\awt.dll
0x00007ffe0c140000 - 0x00007ffe0c205000 	C:\Windows\System32\OLEAUT32.dll
0x00007ffe08cd0000 - 0x00007ffe08d69000 	C:\Windows\system32\uxtheme.dll
0x00007ffe0bb90000 - 0x00007ffe0bcc5000 	C:\Windows\System32\MSCTF.dll
0x0000000180000000 - 0x000000018800d000 	C:\Program Files (x86)\ASUS\GPU TweakII\GTII-OSD\x64\GTII-OSD64-VK.dll
0x00007ffe0d750000 - 0x00007ffe0d8a7000 	C:\Windows\System32\ole32.dll
0x00007ffddd050000 - 0x00007ffddd15a000 	C:\Windows\SYSTEM32\vulkan-1.dll
0x00007ffdefcf0000 - 0x00007ffdefcf7000 	C:\Users\yurib\.jdks\openjdk-15\bin\jawt.dll
0x000000006a440000 - 0x000000006a44d000 	C:\Users\yurib\AppData\Local\Temp\jogamp_0000\file_cache\jln8956373912373755321\jln9524158907563069103\natives\windows-amd64\nativewindow_awt.dll
0x00007ffe09100000 - 0x00007ffe0912d000 	C:\Windows\system32\DWMAPI.DLL
0x00007ffddd540000 - 0x00007ffddd696000 	C:\Windows\system32\opengl32.dll
0x00007ffdfec90000 - 0x00007ffdfecbc000 	C:\Windows\SYSTEM32\GLU32.dll
0x00007ffe095d0000 - 0x00007ffe095f0000 	C:\Windows\SYSTEM32\dxcore.dll
0x00007ffdffb80000 - 0x00007ffdffd47000 	C:\Windows\system32\d3d9.dll
0x00007ffe0b9f0000 - 0x00007ffe0bb39000 	C:\Windows\System32\crypt32.dll
0x00007ffe0aa00000 - 0x00007ffe0aa12000 	C:\Windows\System32\MSASN1.dll
0x00007ffe04220000 - 0x00007ffe0424f000 	C:\Windows\SYSTEM32\cryptnet.dll
0x00007ffe0b990000 - 0x00007ffe0b9ec000 	C:\Windows\System32\WINTRUST.DLL
0x00007ffe0c720000 - 0x00007ffe0c73d000 	C:\Windows\System32\imagehlp.dll
0x00007ffdd10c0000 - 0x00007ffdd136e000 	C:\Windows\system32\nvspcap64.dll
0x00007ffe099c0000 - 0x00007ffe099f1000 	C:\Windows\SYSTEM32\ntmarta.dll
0x00007ffe09580000 - 0x00007ffe095a2000 	C:\Windows\SYSTEM32\gpapi.dll
0x000000006c100000 - 0x000000006c10f000 	C:\Users\yurib\AppData\Local\Temp\jogamp_0000\file_cache\jln8956373912373755321\jln9524158907563069103\natives\windows-amd64\nativewindow_win32.dll
0x0000000064500000 - 0x00000000645b1000 	C:\Users\yurib\AppData\Local\Temp\jogamp_0000\file_cache\jln8956373912373755321\jln9524158907563069103\natives\windows-amd64\jogl_desktop.dll
0x00007ffdc9820000 - 0x00007ffdc9b59000 	C:\Users\yurib\AppData\Local\Programs\MiKTeX\miktex\bin\x64\libGLESv2.dll
0x0000000064340000 - 0x00000000643a2000 	C:\Users\yurib\AppData\Local\Temp\jogamp_0000\file_cache\jln8956373912373755321\jln9524158907563069103\natives\windows-amd64\jogl_mobile.dll
0x00007ffdbf1c0000 - 0x00007ffdc18e4000 	C:\Windows\System32\DriverStore\FileRepository\nv_dispi.inf_amd64_95bdb3a23d6478de\nvoglv64.dll
0x00007ffe0c2b0000 - 0x00007ffe0c720000 	C:\Windows\System32\SETUPAPI.dll
0x00007ffe07180000 - 0x00007ffe07193000 	C:\Windows\SYSTEM32\WTSAPI32.dll
0x00007ffe0a790000 - 0x00007ffe0a7ba000 	C:\Windows\SYSTEM32\DEVOBJ.dll
0x00007ffe0a460000 - 0x00007ffe0a4b6000 	C:\Windows\SYSTEM32\WINSTA.dll
0x000000006cbc0000 - 0x000000006cbd3000 	C:\Users\yurib\AppData\Local\Temp\jogamp_0000\file_cache\jln8956373912373755321\jln9524158907563069103\natives\windows-amd64\newt.dll
0x00007ffe03480000 - 0x00007ffe0352e000 	C:\Windows\SYSTEM32\mscms.dll
0x00007ffe03420000 - 0x00007ffe03437000 	C:\Windows\SYSTEM32\ColorAdapterClient.dll
0x00007ffde16c0000 - 0x00007ffde1703000 	C:\Windows\SYSTEM32\icm32.dll
0x00007ffe01920000 - 0x00007ffe019be000 	C:\Windows\System32\TextInputFramework.dll
0x00007ffe087f0000 - 0x00007ffe088c4000 	C:\Windows\System32\CoreMessaging.dll
0x00007ffe055b0000 - 0x00007ffe058da000 	C:\Windows\System32\CoreUIComponents.dll
0x00007ffe063a0000 - 0x00007ffe064f3000 	C:\Windows\SYSTEM32\wintypes.dll
0x00007ffdfaaf0000 - 0x00007ffdfad97000 	C:\Windows\System32\iertutil.dll
0x00007ffde9060000 - 0x00007ffde9071000 	C:\Users\yurib\.jdks\openjdk-15\bin\jsound.dll
0x00007ffdc69d0000 - 0x00007ffdc6a69000 	C:\Windows\SYSTEM32\DSOUND.dll
0x00007ffe0cc60000 - 0x00007ffe0cd02000 	C:\Windows\System32\clbcatq.dll
0x00007ffe04bf0000 - 0x00007ffe04c62000 	C:\Windows\System32\MMDevApi.dll
0x00007ffda5160000 - 0x00007ffda51a4000 	C:\Windows\SYSTEM32\wdmaud.drv
0x00007ffdd28d0000 - 0x00007ffdd28d9000 	C:\Windows\SYSTEM32\ksuser.dll
0x00007ffe05ed0000 - 0x00007ffe05eda000 	C:\Windows\SYSTEM32\AVRT.dll
0x00007ffe052d0000 - 0x00007ffe0542d000 	C:\Windows\SYSTEM32\AUDIOSES.DLL
0x00007ffdd9120000 - 0x00007ffdd912d000 	C:\Windows\SYSTEM32\msacm32.drv
0x00007ffdb98f0000 - 0x00007ffdb990c000 	C:\Windows\SYSTEM32\MSACM32.dll
0x00007ffdd9110000 - 0x00007ffdd911a000 	C:\Windows\SYSTEM32\midimap.dll
0x00007ffe09010000 - 0x00007ffe09024000 	C:\Windows\SYSTEM32\resourcepolicyclient.dll
0x00007ffdd9640000 - 0x00007ffdd96c5000 	C:\Users\yurib\.jdks\openjdk-15\bin\freetype.dll
0x00007ffdd9060000 - 0x00007ffdd9109000 	C:\Users\yurib\.jdks\openjdk-15\bin\fontmanager.dll
0x00007ffdf6400000 - 0x00007ffdf6551000 	C:\Windows\System32\Windows.UI.dll
0x00007ffdfe7b0000 - 0x00007ffdfe8cb000 	C:\Windows\System32\InputHost.dll
0x00007ffe06e80000 - 0x00007ffe06f70000 	C:\Windows\System32\PROPSYS.dll
0x0000013209310000 - 0x0000013211302000 	C:\Program Files (x86)\ASUS\GPU TweakII\GTII-OSD\x64\GTII-OSD64-GL.dll
0x0000000071e40000 - 0x0000000071ea3000 	C:\Program Files (x86)\ASUS\GPU TweakII\GTII-OSD\x64\glew32.dll
0x0000013211310000 - 0x000001321943b000 	C:\Program Files (x86)\ASUS\GPU TweakII\GTII-OSD\x64\GTII-OSD64.dll
0x00007ffdd0ee0000 - 0x00007ffdd10b2000 	C:\Windows\SYSTEM32\d3d12.dll
0x00007ffde25b0000 - 0x00007ffde25e1000 	C:\Windows\SYSTEM32\d3d10_1.dll
0x00007ffe07ba0000 - 0x00007ffe07ff2000 	C:\Windows\SYSTEM32\D3DCOMPILER_47.dll
0x00007ffdde8a0000 - 0x00007ffdde91f000 	C:\Windows\SYSTEM32\d3dx10_43.dll
0x00007ffdce590000 - 0x00007ffdce7f3000 	C:\Windows\SYSTEM32\d3dx9_43.dll
0x00007ffe00460000 - 0x00007ffe0046d000 	C:\Windows\SYSTEM32\d3d10_1core.dll
0x00007ffe08000000 - 0x00007ffe0825b000 	C:\Windows\SYSTEM32\d3d11.dll

dbghelp: loaded successfully - version: 4.0.5 - missing functions: none
symbol engine: initialized successfully - sym options: 0x614 - pdb path: .;C:\Users\yurib\.jdks\openjdk-15\bin;C:\Windows\SYSTEM32;C:\Windows\WinSxS\amd64_microsoft.windows.common-controls_6595b64144ccf1df_6.0.18362.1139_none_9e7bf2d3e4605ac6;C:\Users\yurib\.jdks\openjdk-15\bin\server;C:\Program Files\JetBrains\IntelliJ IDEA 2020.2.1\bin;C:\Users\yurib\AppData\Local\Temp\jogamp_0000\file_cache\jln8956373912373755321\jln9524158907563069103\natives\windows-amd64;C:\Program Files (x86)\ASUS\GPU TweakII\GTII-OSD\x64;C:\Windows\System32\DriverStore\FileRepository\nv_dispi.inf_amd64_95bdb3a23d6478de;C:\Users\yurib\AppData\Local\Programs\MiKTeX\miktex\bin\x64

VM Arguments:
jvm_args: -javaagent:C:\Program Files\JetBrains\IntelliJ IDEA 2020.2.1\lib\idea_rt.jar=55150:C:\Program Files\JetBrains\IntelliJ IDEA 2020.2.1\bin -Dfile.encoding=UTF-8 
java_command: Scene.Renderer
java_class_path (initial): C:\Users\yurib\IdeaProjects\naviador\out\production\naviador;C:\Users\yurib\Downloads\joglWin64\joglWin64\gluegen-rt-natives-windows-amd64.jar;C:\Users\yurib\Downloads\joglWin64\joglWin64\gluegen-rt.jar;C:\Users\yurib\Downloads\joglWin64\joglWin64\jogl-all-natives-windows-amd64.jar;C:\Users\yurib\Downloads\joglWin64\joglWin64\jogl-all.jar;C:\Users\yurib\.m2\repository\org\dyn4j\dyn4j\4.0.2\dyn4j-4.0.2.jar
Launcher Type: SUN_STANDARD

[Global flags]
     intx CICompilerCount                          = 4                                         {product} {ergonomic}
     uint ConcGCThreads                            = 2                                         {product} {ergonomic}
     uint G1ConcRefinementThreads                  = 8                                         {product} {ergonomic}
   size_t G1HeapRegionSize                         = 1048576                                   {product} {ergonomic}
    uintx GCDrainStackTargetSize                   = 64                                        {product} {ergonomic}
   size_t InitialHeapSize                          = 134217728                                 {product} {ergonomic}
   size_t MarkStackSize                            = 4194304                                   {product} {ergonomic}
   size_t MaxHeapSize                              = 2130706432                                {product} {ergonomic}
   size_t MaxNewSize                               = 1278214144                                {product} {ergonomic}
   size_t MinHeapDeltaBytes                        = 1048576                                   {product} {ergonomic}
   size_t MinHeapSize                              = 8388608                                   {product} {ergonomic}
    uintx NonNMethodCodeHeapSize                   = 5839372                                {pd product} {ergonomic}
    uintx NonProfiledCodeHeapSize                  = 122909434                              {pd product} {ergonomic}
    uintx ProfiledCodeHeapSize                     = 122909434                              {pd product} {ergonomic}
    uintx ReservedCodeCacheSize                    = 251658240                              {pd product} {ergonomic}
     bool SegmentedCodeCache                       = true                                      {product} {ergonomic}
   size_t SoftMaxHeapSize                          = 2130706432                             {manageable} {ergonomic}
     bool UseCompressedClassPointers               = true                                 {lp64_product} {ergonomic}
     bool UseCompressedOops                        = true                                 {lp64_product} {ergonomic}
     bool UseG1GC                                  = true                                      {product} {ergonomic}
     bool UseLargePagesIndividualAllocation        = false                                  {pd product} {ergonomic}

Logging:
Log output configuration:
 #0: stdout all=off uptime,level,tags
 #1: stderr all=off uptime,level,tags

Environment Variables:
JAVA_HOME=C:\Program Files\Java\jre1.8.0_261\bin
CLASSPATH=.;C:\Program Files\Java\jre1.8.0_261\bin
PATH=C:\Program Files (x86)\Common Files\Oracle\Java\javapath;C:\Windows\system32;C:\Windows;C:\Windows\System32\Wbem;C:\Windows\System32\WindowsPowerShell\v1.0\;C:\Windows\System32\OpenSSH\;C:\Program Files (x86)\NVIDIA Corporation\PhysX\Common;C:\Program Files\NVIDIA Corporation\NVIDIA NvDLISR;C:\Program Files\Git\cmd;C:\Program Files\nodejs\;C:\ProgramData\chocolatey\bin;C:\Program Files\dotnet\;C:\Program Files\Java\jre1.8.0_261\bin;C:\Users\yurib\scoop\shims;C:\Users\yurib\AppData\Local\Programs\Python\Python38-32\Scripts\;C:\Users\yurib\AppData\Local\Programs\Python\Python38-32\;C:\Users\yurib\AppData\Local\Microsoft\WindowsApps;C:\Users\yurib\AppData\Local\Programs\Microsoft VS Code\bin;C:\Program Files\JetBrains\PyCharm 2020.2\bin;C:\Program Files\JetBrains\IntelliJ IDEA 2020.2.1\bin;C:\Users\yurib\AppData\Local\Programs\MiKTeX\miktex\bin\x64\;C:\Users\yurib\AppData\Roaming\npm;C:\Users\yurib\AppData\Local\GitHubDesktop\bin;C:\Program Files\Java\jdk1.8.0_271\bin;
USERNAME=yurib
OS=Windows_NT
PROCESSOR_IDENTIFIER=Intel64 Family 6 Model 30 Stepping 5, GenuineIntel



---------------  S Y S T E M  ---------------

OS:
 Windows 10 , 64 bit Build 18362 (10.0.18362.1110)
OS uptime: 2 days 1:15 hours

CPU: total 8 (initial active 8) (4 cores per cpu, 2 threads per core) family 6 model 30 stepping 5, cmov, cx8, fxsr, mmx, sse, sse2, sse3, ssse3, sse4.1, sse4.2, popcnt, ht, tsc, tscinvbit, clflush

Memory: 4k page, system-wide physical 8125M (2347M free)
TotalPageFile size 20413M (AvailPageFile size 6874M)
current process WorkingSet (physical memory assigned to process): 260M, peak: 323M
current process commit charge ("private bytes"): 821M, peak: 876M

vm_info: OpenJDK 64-Bit Server VM (15+36-1562) for windows-amd64 JRE (15+36-1562), built on Aug 11 2020 22:33:04 by "mach5one" with unknown MS VC++:1925

END.
