#
# A fatal error has been detected by the Java Runtime Environment:
#
#  EXCEPTION_ACCESS_VIOLATION (0xc0000005) at pc=0x00007ffddd573275, pid=7380, tid=5612
#
# JRE version: OpenJDK Runtime Environment (15.0+36) (build 15+36-1562)
# Java VM: OpenJDK 64-Bit Server VM (15+36-1562, mixed mode, sharing, tiered, compressed oops, g1 gc, windows-amd64)
# Problematic frame:
# C  [opengl32.dll+0x33275]
#
# No core dump will be written. Minidumps are not enabled by default on client versions of Windows
#
# If you would like to submit a bug report, please visit:
#   https://bugreport.java.com/bugreport/crash.jsp
#

---------------  S U M M A R Y ------------

Command Line: -javaagent:C:\Program Files\JetBrains\IntelliJ IDEA 2020.2.1\lib\idea_rt.jar=63475:C:\Program Files\JetBrains\IntelliJ IDEA 2020.2.1\bin -Dfile.encoding=UTF-8 Scene.Renderer

Host: Intel(R) Core(TM) i7 CPU         860  @ 2.80GHz, 8 cores, 7G,  Windows 10 , 64 bit Build 18362 (10.0.18362.1110)
Time: Tue Nov  3 23:59:30 2020 Hora oficial do Brasil elapsed time: 15.892629 seconds (0d 0h 0m 15s)

---------------  T H R E A D  ---------------

Current thread (0x000002284b98c540):  VMThread "VM Thread" [stack: 0x0000006c33700000,0x0000006c33800000] [id=5612]

Stack: [0x0000006c33700000,0x0000006c33800000],  sp=0x0000006c337feb60,  free space=1018k
Native frames: (J=compiled Java code, j=interpreted, Vv=VM code, C=native code)
C  [opengl32.dll+0x33275]


siginfo: EXCEPTION_ACCESS_VIOLATION (0xc0000005), reading address 0x0000000000000a38


Register to memory mapping:

RIP=0x00007ffddd573275 opengl32.dll
RAX=0x0 is NULL
RBX=0x000002285776ba24 GTII-OSD64-GL.dll
RCX=0x0000000000000024 is an unknown value
RDX=0x000002285776ba24 GTII-OSD64-GL.dll
RSP=0x0000006c337feb60 points into unknown readable memory: 0x000002284cbe5820 | 20 58 be 4c 28 02 00 00
RBP=0x0000006c337fef70 points into unknown readable memory: 0x0000000000000000 | 00 00 00 00 00 00 00 00
RSI=0x0000022857650000 GTII-OSD64-GL.dll
RDI=0x0000000000000001 is an unknown value
R8 =0x0000006c32cd9000 points into unknown readable memory: 0x0000000000000000 | 00 00 00 00 00 00 00 00
R9 =0x000002285f639f64 GTII-OSD64-GL.dll
R10=0x0 is NULL
R11=0x0000006c337febc0 points into unknown readable memory: 0x0000000000000001 | 01 00 00 00 00 00 00 00
R12=0x00000228576b6460 GTII-OSD64-GL.dll
R13=0x000002282cf17840 points into unknown readable memory: 0x8000000b00000001 | 01 00 00 00 0b 00 00 80
R14=0x0000022857650000 GTII-OSD64-GL.dll
R15=0x0000000000000001 is an unknown value


Registers:
RAX=0x0000000000000000, RBX=0x000002285776ba24, RCX=0x0000000000000024, RDX=0x000002285776ba24
RSP=0x0000006c337feb60, RBP=0x0000006c337fef70, RSI=0x0000022857650000, RDI=0x0000000000000001
R8 =0x0000006c32cd9000, R9 =0x000002285f639f64, R10=0x0000000000000000, R11=0x0000006c337febc0
R12=0x00000228576b6460, R13=0x000002282cf17840, R14=0x0000022857650000, R15=0x0000000000000001
RIP=0x00007ffddd573275, EFLAGS=0x0000000000010287

Top of Stack: (sp=0x0000006c337feb60)
0x0000006c337feb60:   000002284cbe5820 00007ffe0db1fba1
0x0000006c337feb70:   000002285393f230 00000000c69deebe
0x0000006c337feb80:   0000000000000001 0000022857664248
0x0000006c337feb90:   0000000000000000 00000000000015ec
0x0000006c337feba0:   0000000000000003 000002285f639f64
0x0000006c337febb0:   0000000000000001 00000228576695df
0x0000006c337febc0:   0000000000000001 00000000000015ec
0x0000006c337febd0:   0000000000000003 000002285f639f64
0x0000006c337febe0:   0000000000000001 0000022857676eb4
0x0000006c337febf0:   0000006c337fec50 00000000000015ec
0x0000006c337fec00:   0000000000000003 000002285f639f64
0x0000006c337fec10:   00000000000015ec 000002285767675a
0x0000006c337fec20:   0000000000000000 00007ffe0ca24d8a
0x0000006c337fec30:   000000000000c2ba 0000022857650000
0x0000006c337fec40:   0000000000000000 00000228576767d7
0x0000006c337fec50:   0000000000000000 000002284c45d7a0 

Instructions: (pc=0x00007ffddd573275)
0x00007ffddd573175:   48 8b 74 24 60 48 83 c4 40 5f c3 cc cc cc cc cc
0x00007ffddd573185:   cc cc cc cc cc cc cc cc cc cc cc 48 89 5c 24 08
0x00007ffddd573195:   48 89 6c 24 10 48 89 74 24 18 57 48 83 ec 50 8b
0x00007ffddd5731a5:   e9 41 8b d9 8b 0d 01 62 0f 00 41 8b f8 8b f2 83
0x00007ffddd5731b5:   f9 40 73 15 65 4c 8b 14 25 30 00 00 00 8b 05 c0
0x00007ffddd5731c5:   37 11 00 49 8b 04 02 eb 06 ff 15 ec 4c 0d 00 8b
0x00007ffddd5731d5:   8c 24 98 00 00 00 44 8b cb 48 8b 80 30 0a 00 00
0x00007ffddd5731e5:   44 8b c7 89 4c 24 38 8b d6 8b 8c 24 90 00 00 00
0x00007ffddd5731f5:   89 4c 24 30 8b 8c 24 88 00 00 00 89 4c 24 28 8b
0x00007ffddd573205:   8c 24 80 00 00 00 89 4c 24 20 8b cd ff 15 61 51
0x00007ffddd573215:   0d 00 48 8b 5c 24 60 48 8b 6c 24 68 48 8b 74 24
0x00007ffddd573225:   70 48 83 c4 50 5f c3 cc cc cc cc cc cc cc cc cc
0x00007ffddd573235:   cc cc cc cc cc cc cc cc cc cc cc 48 89 5c 24 08
0x00007ffddd573245:   57 48 83 ec 20 8b f9 48 8b da 8b 0d 5b 61 0f 00
0x00007ffddd573255:   83 f9 40 73 15 65 4c 8b 04 25 30 00 00 00 8b 05
0x00007ffddd573265:   1f 37 11 00 49 8b 04 00 eb 06 ff 15 4b 4c 0d 00
0x00007ffddd573275:   48 8b 80 38 0a 00 00 48 8b d3 8b cf 48 8b 5c 24
0x00007ffddd573285:   30 48 83 c4 20 5f 48 ff 25 e6 50 0d 00 cc cc cc
0x00007ffddd573295:   cc cc cc cc cc cc cc cc cc cc cc 48 89 5c 24 08
0x00007ffddd5732a5:   57 48 83 ec 20 8b f9 48 8b da 8b 0d fb 60 0f 00
0x00007ffddd5732b5:   83 f9 40 73 15 65 4c 8b 04 25 30 00 00 00 8b 05
0x00007ffddd5732c5:   bf 36 11 00 49 8b 04 00 eb 06 ff 15 eb 4b 0d 00
0x00007ffddd5732d5:   48 8b 80 40 0a 00 00 48 8b d3 8b cf 48 8b 5c 24
0x00007ffddd5732e5:   30 48 83 c4 20 5f 48 ff 25 86 50 0d 00 cc cc cc
0x00007ffddd5732f5:   cc cc cc cc cc cc cc cc cc cc cc 40 53 48 83 ec
0x00007ffddd573305:   20 8b d9 8b 0d a2 60 0f 00 83 f9 40 73 15 65 48
0x00007ffddd573315:   8b 14 25 30 00 00 00 8b 05 66 36 11 00 48 8b 04
0x00007ffddd573325:   02 eb 06 ff 15 92 4b 0d 00 48 8b 80 50 0a 00 00
0x00007ffddd573335:   8b cb 48 83 c4 20 5b 48 ff 25 35 50 0d 00 cc cc
0x00007ffddd573345:   cc cc cc cc cc cc cc cc cc cc cc 48 89 5c 24 08
0x00007ffddd573355:   48 89 74 24 10 57 48 83 ec 20 8b f1 49 8b d8 8b
0x00007ffddd573365:   0d 46 60 0f 00 48 8b fa 83 f9 40 73 15 65 4c 8b 


Stack slot to memory mapping:
stack at sp + 0 slots: 0x000002284cbe5820 points into unknown readable memory: 0x000093893803e6de | de e6 03 38 89 93 00 00
stack at sp + 1 slots: 0x00007ffe0db1fba1 ntdll.dll
stack at sp + 2 slots: 0x000002285393f230 points into unknown readable memory: 0x000002282ac34b00 | 00 4b c3 2a 28 02 00 00
stack at sp + 3 slots: 
[error occurred during error reporting (inspecting top of stack), id 0xc0000005, EXCEPTION_ACCESS_VIOLATION (0xc0000005) at pc=0x00007ffddb357cb2]

VM_Operation (0x0000006c352fd990): Exit, mode: safepoint, requested by thread 0x000002284ceae000


---------------  P R O C E S S  ---------------

Threads class SMR info:
_java_thread_list=0x000002286c4de780, length=24, elements={
0x000002284b992490, 0x000002284b993710, 0x000002284b9a8fd0, 0x000002284b9aa9a0,
0x000002284b9acb10, 0x000002284b9b6060, 0x000002284b9b7a70, 0x000002284b9bb010,
0x000002284b974080, 0x000002284c46de80, 0x000002284c4bd870, 0x000002284cb29720,
0x000002284ceae000, 0x000002284ceaa640, 0x000002284ceab980, 0x000002284ceabe50,
0x00000228683221c0, 0x000002286831f1a0, 0x0000022868320010, 0x00000228683204e0,
0x0000022868322b60, 0x00000228683209b0, 0x0000022868322690, 0x0000022868321cf0
}

Java Threads: ( => current thread )
  0x000002284b992490 JavaThread "Reference Handler" daemon [_thread_blocked, id=1752, stack(0x0000006c33800000,0x0000006c33900000)]
  0x000002284b993710 JavaThread "Finalizer" daemon [_thread_blocked, id=15780, stack(0x0000006c33900000,0x0000006c33a00000)]
  0x000002284b9a8fd0 JavaThread "Signal Dispatcher" daemon [_thread_blocked, id=12108, stack(0x0000006c33a00000,0x0000006c33b00000)]
  0x000002284b9aa9a0 JavaThread "Attach Listener" daemon [_thread_blocked, id=12848, stack(0x0000006c33b00000,0x0000006c33c00000)]
  0x000002284b9acb10 JavaThread "Service Thread" daemon [_thread_blocked, id=15056, stack(0x0000006c33c00000,0x0000006c33d00000)]
  0x000002284b9b6060 JavaThread "C2 CompilerThread0" daemon [_thread_blocked, id=8684, stack(0x0000006c33d00000,0x0000006c33e00000)]
  0x000002284b9b7a70 JavaThread "C1 CompilerThread0" daemon [_thread_blocked, id=4348, stack(0x0000006c33e00000,0x0000006c33f00000)]
  0x000002284b9bb010 JavaThread "Sweeper thread" daemon [_thread_blocked, id=16784, stack(0x0000006c33f00000,0x0000006c34000000)]
  0x000002284b974080 JavaThread "Common-Cleaner" daemon [_thread_blocked, id=11156, stack(0x0000006c34000000,0x0000006c34100000)]
  0x000002284c46de80 JavaThread "Monitor Ctrl-Break" daemon [_thread_in_native, id=9472, stack(0x0000006c34100000,0x0000006c34200000)]
  0x000002284c4bd870 JavaThread "Notification Thread" daemon [_thread_blocked, id=14320, stack(0x0000006c34200000,0x0000006c34300000)]
  0x000002284cb29720 JavaThread "Java2D Disposer" daemon [_thread_blocked, id=11720, stack(0x0000006c34400000,0x0000006c34500000)]
  0x000002284ceae000 JavaThread "main-Display-.windows_nil-1-EDT-1" daemon [_thread_blocked, id=16716, stack(0x0000006c35200000,0x0000006c35300000)]
  0x000002284ceaa640 JavaThread "DestroyJavaVM" [_thread_blocked, id=9040, stack(0x0000006c33100000,0x0000006c33200000)]
  0x000002284ceab980 JavaThread "Java Sound Event Dispatcher" daemon [_thread_blocked, id=6384, stack(0x0000006c35900000,0x0000006c35a00000)]
  0x000002284ceabe50 JavaThread "Direct Clip" daemon [_thread_blocked, id=13196, stack(0x0000006c35c00000,0x0000006c35d00000)]
  0x00000228683221c0 JavaThread "Direct Clip" daemon [_thread_blocked, id=4244, stack(0x0000006c35e00000,0x0000006c35f00000)]
  0x000002286831f1a0 JavaThread "Direct Clip" daemon [_thread_blocked, id=6768, stack(0x0000006c35f00000,0x0000006c36000000)]
  0x0000022868320010 JavaThread "Direct Clip" daemon [_thread_blocked, id=12588, stack(0x0000006c36100000,0x0000006c36200000)]
  0x00000228683204e0 JavaThread "Direct Clip" daemon [_thread_blocked, id=2140, stack(0x0000006c36200000,0x0000006c36300000)]
  0x0000022868322b60 JavaThread "Direct Clip" daemon [_thread_blocked, id=1516, stack(0x0000006c36300000,0x0000006c36400000)]
  0x00000228683209b0 JavaThread "Direct Clip" daemon [_thread_blocked, id=9836, stack(0x0000006c36400000,0x0000006c36500000)]
  0x0000022868322690 JavaThread "Direct Clip" daemon [_thread_blocked, id=2708, stack(0x0000006c36500000,0x0000006c36600000)]
  0x0000022868321cf0 JavaThread "AWT-Shutdown" [_thread_blocked, id=16780, stack(0x0000006c36900000,0x0000006c36a00000)]

Other Threads:
=>0x000002284b98c540 VMThread "VM Thread" [stack: 0x0000006c33700000,0x0000006c33800000] [id=5612]
  0x000002282cee2ad0 GCTaskThread "GC Thread#0" [stack: 0x0000006c33200000,0x0000006c33300000] [id=14212]
  0x000002284ceb81b0 GCTaskThread "GC Thread#1" [stack: 0x0000006c34500000,0x0000006c34600000] [id=10552]
  0x000002284ceb6500 GCTaskThread "GC Thread#2" [stack: 0x0000006c34900000,0x0000006c34a00000] [id=13420]
  0x000002284ceb7b50 GCTaskThread "GC Thread#3" [stack: 0x0000006c36000000,0x0000006c36100000] [id=4956]
  0x000002282cef4ac0 ConcurrentGCThread "G1 Main Marker" [stack: 0x0000006c33300000,0x0000006c33400000] [id=10980]
  0x000002282cef5de0 ConcurrentGCThread "G1 Conc#0" [stack: 0x0000006c33400000,0x0000006c33500000] [id=2476]
  0x000002282cf6df20 ConcurrentGCThread "G1 Refine#0" [stack: 0x0000006c33500000,0x0000006c33600000] [id=15060]
  0x000002282cf6e7f0 ConcurrentGCThread "G1 Young RemSet Sampling" [stack: 0x0000006c33600000,0x0000006c33700000] [id=15516]

Threads with active compile tasks:

VM state: at safepoint (shutting down)

VM Mutex/Monitor currently owned by a thread:  ([mutex/lock_event])
[0x000002282ce9f480] Threads_lock - owner thread: 0x000002284b98c540
[0x000002282ce9fbd0] Heap_lock - owner thread: 0x000002284ceae000

Heap address: 0x0000000081000000, size: 2032 MB, Compressed Oops mode: 32-bit
CDS archive(s) mapped at: [0x0000000800000000-0x0000000800b50000-0x0000000800b50000), size 11862016, SharedBaseAddress: 0x0000000800000000, ArchiveRelocationMode: 0.
Compressed class space mapped at: 0x0000000800b50000-0x0000000840b50000, size: 1073741824
Narrow klass base: 0x0000000800000000, Narrow klass shift: 3, Narrow klass range: 0x100000000

GC Precious Log:
 CPUs: 8 total, 8 available
 Memory: 8125M
 Large Page Support: Disabled
 NUMA Support: Disabled
 Compressed Oops: Enabled (32-bit)
 Heap Region Size: 1M
 Heap Min Capacity: 8M
 Heap Initial Capacity: 128M
 Heap Max Capacity: 2032M
 Pre-touch: Disabled
 Parallel Workers: 8
 Concurrent Workers: 2
 Concurrent Refinement Workers: 8
 Periodic GC: Disabled

Heap:
 garbage-first heap   total 131072K, used 65956K [0x0000000081000000, 0x0000000100000000)
  region size 1024K, 39 young (39936K), 1 survivors (1024K)
 Metaspace       used 13880K, capacity 14092K, committed 14464K, reserved 1062912K
  class space    used 1071K, capacity 1136K, committed 1152K, reserved 1048576K

Heap Regions: E=young(eden), S=young(survivor), O=old, HS=humongous(starts), HC=humongous(continues), CS=collection set, F=free, OA=open archive, CA=closed archive, TAMS=top-at-mark-start (previous, next)
|   0|0x0000000081000000, 0x0000000081100000, 0x0000000081100000|100%| O|  |TAMS 0x0000000081000000, 0x0000000081000000| Untracked 
|   1|0x0000000081100000, 0x0000000081200000, 0x0000000081200000|100%| O|  |TAMS 0x0000000081100000, 0x0000000081100000| Untracked 
|   2|0x0000000081200000, 0x0000000081300000, 0x0000000081300000|100%|HS|  |TAMS 0x0000000081200000, 0x0000000081200000| Complete 
|   3|0x0000000081300000, 0x0000000081400000, 0x0000000081400000|100%|HC|  |TAMS 0x0000000081300000, 0x0000000081300000| Complete 
|   4|0x0000000081400000, 0x0000000081500000, 0x0000000081500000|100%|HC|  |TAMS 0x0000000081400000, 0x0000000081400000| Complete 
|   5|0x0000000081500000, 0x0000000081600000, 0x0000000081600000|100%|HC|  |TAMS 0x0000000081500000, 0x0000000081500000| Complete 
|   6|0x0000000081600000, 0x0000000081700000, 0x0000000081700000|100%|HC|  |TAMS 0x0000000081600000, 0x0000000081600000| Complete 
|   7|0x0000000081700000, 0x0000000081800000, 0x0000000081800000|100%|HC|  |TAMS 0x0000000081700000, 0x0000000081700000| Complete 
|   8|0x0000000081800000, 0x0000000081900000, 0x0000000081900000|100%|HC|  |TAMS 0x0000000081800000, 0x0000000081800000| Complete 
|   9|0x0000000081900000, 0x0000000081a00000, 0x0000000081a00000|100%|HC|  |TAMS 0x0000000081900000, 0x0000000081900000| Complete 
|  10|0x0000000081a00000, 0x0000000081b00000, 0x0000000081b00000|100%|HC|  |TAMS 0x0000000081a00000, 0x0000000081a00000| Complete 
|  11|0x0000000081b00000, 0x0000000081c00000, 0x0000000081c00000|100%|HC|  |TAMS 0x0000000081b00000, 0x0000000081b00000| Complete 
|  12|0x0000000081c00000, 0x0000000081d00000, 0x0000000081d00000|100%|HC|  |TAMS 0x0000000081c00000, 0x0000000081c00000| Complete 
|  13|0x0000000081d00000, 0x0000000081e00000, 0x0000000081e00000|100%|HC|  |TAMS 0x0000000081d00000, 0x0000000081d00000| Complete 
|  14|0x0000000081e00000, 0x0000000081f00000, 0x0000000081f00000|100%|HC|  |TAMS 0x0000000081e00000, 0x0000000081e00000| Complete 
|  15|0x0000000081f00000, 0x0000000082000000, 0x0000000082000000|100%|HC|  |TAMS 0x0000000081f00000, 0x0000000081f00000| Complete 
|  16|0x0000000082000000, 0x0000000082100000, 0x0000000082100000|100%|HC|  |TAMS 0x0000000082000000, 0x0000000082000000| Complete 
|  17|0x0000000082100000, 0x0000000082200000, 0x0000000082200000|100%|HC|  |TAMS 0x0000000082100000, 0x0000000082100000| Complete 
|  18|0x0000000082200000, 0x0000000082300000, 0x0000000082300000|100%|HC|  |TAMS 0x0000000082200000, 0x0000000082200000| Complete 
|  19|0x0000000082300000, 0x0000000082400000, 0x0000000082400000|100%|HC|  |TAMS 0x0000000082300000, 0x0000000082300000| Complete 
|  20|0x0000000082400000, 0x0000000082500000, 0x0000000082500000|100%|HC|  |TAMS 0x0000000082400000, 0x0000000082400000| Complete 
|  21|0x0000000082500000, 0x0000000082600000, 0x0000000082600000|100%|HC|  |TAMS 0x0000000082500000, 0x0000000082500000| Complete 
|  22|0x0000000082600000, 0x0000000082700000, 0x0000000082700000|100%|HC|  |TAMS 0x0000000082600000, 0x0000000082600000| Complete 
|  23|0x0000000082700000, 0x0000000082800000, 0x0000000082800000|100%|HC|  |TAMS 0x0000000082700000, 0x0000000082700000| Complete 
|  24|0x0000000082800000, 0x0000000082900000, 0x0000000082900000|100%|HC|  |TAMS 0x0000000082800000, 0x0000000082800000| Complete 
|  25|0x0000000082900000, 0x0000000082a00000, 0x0000000082a00000|100%|HC|  |TAMS 0x0000000082900000, 0x0000000082900000| Complete 
|  26|0x0000000082a00000, 0x0000000082b00000, 0x0000000082b00000|100%| O|  |TAMS 0x0000000082a00000, 0x0000000082a00000| Untracked 
|  27|0x0000000082b00000, 0x0000000082b90800, 0x0000000082c00000| 56%| O|  |TAMS 0x0000000082b00000, 0x0000000082b00000| Untracked 
|  28|0x0000000082c00000, 0x0000000082c00000, 0x0000000082d00000|  0%| F|  |TAMS 0x0000000082c00000, 0x0000000082c00000| Untracked 
|  29|0x0000000082d00000, 0x0000000082d00000, 0x0000000082e00000|  0%| F|  |TAMS 0x0000000082d00000, 0x0000000082d00000| Untracked 
|  30|0x0000000082e00000, 0x0000000082e00000, 0x0000000082f00000|  0%| F|  |TAMS 0x0000000082e00000, 0x0000000082e00000| Untracked 
|  31|0x0000000082f00000, 0x0000000082f00000, 0x0000000083000000|  0%| F|  |TAMS 0x0000000082f00000, 0x0000000082f00000| Untracked 
|  32|0x0000000083000000, 0x0000000083000000, 0x0000000083100000|  0%| F|  |TAMS 0x0000000083000000, 0x0000000083000000| Untracked 
|  33|0x0000000083100000, 0x0000000083100000, 0x0000000083200000|  0%| F|  |TAMS 0x0000000083100000, 0x0000000083100000| Untracked 
|  34|0x0000000083200000, 0x0000000083200000, 0x0000000083300000|  0%| F|  |TAMS 0x0000000083200000, 0x0000000083200000| Untracked 
|  35|0x0000000083300000, 0x0000000083300000, 0x0000000083400000|  0%| F|  |TAMS 0x0000000083300000, 0x0000000083300000| Untracked 
|  36|0x0000000083400000, 0x0000000083400000, 0x0000000083500000|  0%| F|  |TAMS 0x0000000083400000, 0x0000000083400000| Untracked 
|  37|0x0000000083500000, 0x0000000083500000, 0x0000000083600000|  0%| F|  |TAMS 0x0000000083500000, 0x0000000083500000| Untracked 
|  38|0x0000000083600000, 0x0000000083600000, 0x0000000083700000|  0%| F|  |TAMS 0x0000000083600000, 0x0000000083600000| Untracked 
|  39|0x0000000083700000, 0x0000000083700000, 0x0000000083800000|  0%| F|  |TAMS 0x0000000083700000, 0x0000000083700000| Untracked 
|  40|0x0000000083800000, 0x0000000083800000, 0x0000000083900000|  0%| F|  |TAMS 0x0000000083800000, 0x0000000083800000| Untracked 
|  41|0x0000000083900000, 0x0000000083900000, 0x0000000083a00000|  0%| F|  |TAMS 0x0000000083900000, 0x0000000083900000| Untracked 
|  42|0x0000000083a00000, 0x0000000083a00000, 0x0000000083b00000|  0%| F|  |TAMS 0x0000000083a00000, 0x0000000083a00000| Untracked 
|  43|0x0000000083b00000, 0x0000000083b00000, 0x0000000083c00000|  0%| F|  |TAMS 0x0000000083b00000, 0x0000000083b00000| Untracked 
|  44|0x0000000083c00000, 0x0000000083c00000, 0x0000000083d00000|  0%| F|  |TAMS 0x0000000083c00000, 0x0000000083c00000| Untracked 
|  45|0x0000000083d00000, 0x0000000083d00000, 0x0000000083e00000|  0%| F|  |TAMS 0x0000000083d00000, 0x0000000083d00000| Untracked 
|  46|0x0000000083e00000, 0x0000000083e00000, 0x0000000083f00000|  0%| F|  |TAMS 0x0000000083e00000, 0x0000000083e00000| Untracked 
|  47|0x0000000083f00000, 0x0000000083f00000, 0x0000000084000000|  0%| F|  |TAMS 0x0000000083f00000, 0x0000000083f00000| Untracked 
|  48|0x0000000084000000, 0x0000000084000000, 0x0000000084100000|  0%| F|  |TAMS 0x0000000084000000, 0x0000000084000000| Untracked 
|  49|0x0000000084100000, 0x0000000084100000, 0x0000000084200000|  0%| F|  |TAMS 0x0000000084100000, 0x0000000084100000| Untracked 
|  50|0x0000000084200000, 0x0000000084200000, 0x0000000084300000|  0%| F|  |TAMS 0x0000000084200000, 0x0000000084200000| Untracked 
|  51|0x0000000084300000, 0x0000000084300000, 0x0000000084400000|  0%| F|  |TAMS 0x0000000084300000, 0x0000000084300000| Untracked 
|  52|0x0000000084400000, 0x0000000084400000, 0x0000000084500000|  0%| F|  |TAMS 0x0000000084400000, 0x0000000084400000| Untracked 
|  53|0x0000000084500000, 0x0000000084500000, 0x0000000084600000|  0%| F|  |TAMS 0x0000000084500000, 0x0000000084500000| Untracked 
|  54|0x0000000084600000, 0x0000000084600000, 0x0000000084700000|  0%| F|  |TAMS 0x0000000084600000, 0x0000000084600000| Untracked 
|  55|0x0000000084700000, 0x0000000084700000, 0x0000000084800000|  0%| F|  |TAMS 0x0000000084700000, 0x0000000084700000| Untracked 
|  56|0x0000000084800000, 0x0000000084800000, 0x0000000084900000|  0%| F|  |TAMS 0x0000000084800000, 0x0000000084800000| Untracked 
|  57|0x0000000084900000, 0x0000000084900000, 0x0000000084a00000|  0%| F|  |TAMS 0x0000000084900000, 0x0000000084900000| Untracked 
|  58|0x0000000084a00000, 0x0000000084a00000, 0x0000000084b00000|  0%| F|  |TAMS 0x0000000084a00000, 0x0000000084a00000| Untracked 
|  59|0x0000000084b00000, 0x0000000084b00000, 0x0000000084c00000|  0%| F|  |TAMS 0x0000000084b00000, 0x0000000084b00000| Untracked 
|  60|0x0000000084c00000, 0x0000000084c00000, 0x0000000084d00000|  0%| F|  |TAMS 0x0000000084c00000, 0x0000000084c00000| Untracked 
|  61|0x0000000084d00000, 0x0000000084d00000, 0x0000000084e00000|  0%| F|  |TAMS 0x0000000084d00000, 0x0000000084d00000| Untracked 
|  62|0x0000000084e00000, 0x0000000084e00000, 0x0000000084f00000|  0%| F|  |TAMS 0x0000000084e00000, 0x0000000084e00000| Untracked 
|  63|0x0000000084f00000, 0x0000000084f00000, 0x0000000085000000|  0%| F|  |TAMS 0x0000000084f00000, 0x0000000084f00000| Untracked 
|  64|0x0000000085000000, 0x0000000085000000, 0x0000000085100000|  0%| F|  |TAMS 0x0000000085000000, 0x0000000085000000| Untracked 
|  65|0x0000000085100000, 0x0000000085100000, 0x0000000085200000|  0%| F|  |TAMS 0x0000000085100000, 0x0000000085100000| Untracked 
|  66|0x0000000085200000, 0x0000000085200000, 0x0000000085300000|  0%| F|  |TAMS 0x0000000085200000, 0x0000000085200000| Untracked 
|  67|0x0000000085300000, 0x0000000085300000, 0x0000000085400000|  0%| F|  |TAMS 0x0000000085300000, 0x0000000085300000| Untracked 
|  68|0x0000000085400000, 0x0000000085400000, 0x0000000085500000|  0%| F|  |TAMS 0x0000000085400000, 0x0000000085400000| Untracked 
|  69|0x0000000085500000, 0x0000000085500000, 0x0000000085600000|  0%| F|  |TAMS 0x0000000085500000, 0x0000000085500000| Untracked 
|  70|0x0000000085600000, 0x0000000085600000, 0x0000000085700000|  0%| F|  |TAMS 0x0000000085600000, 0x0000000085600000| Untracked 
|  71|0x0000000085700000, 0x0000000085700000, 0x0000000085800000|  0%| F|  |TAMS 0x0000000085700000, 0x0000000085700000| Untracked 
|  72|0x0000000085800000, 0x0000000085800000, 0x0000000085900000|  0%| F|  |TAMS 0x0000000085800000, 0x0000000085800000| Untracked 
|  73|0x0000000085900000, 0x0000000085900000, 0x0000000085a00000|  0%| F|  |TAMS 0x0000000085900000, 0x0000000085900000| Untracked 
|  74|0x0000000085a00000, 0x0000000085a00000, 0x0000000085b00000|  0%| F|  |TAMS 0x0000000085a00000, 0x0000000085a00000| Untracked 
|  75|0x0000000085b00000, 0x0000000085b00000, 0x0000000085c00000|  0%| F|  |TAMS 0x0000000085b00000, 0x0000000085b00000| Untracked 
|  76|0x0000000085c00000, 0x0000000085c00000, 0x0000000085d00000|  0%| F|  |TAMS 0x0000000085c00000, 0x0000000085c00000| Untracked 
|  77|0x0000000085d00000, 0x0000000085d00000, 0x0000000085e00000|  0%| F|  |TAMS 0x0000000085d00000, 0x0000000085d00000| Untracked 
|  78|0x0000000085e00000, 0x0000000085e00000, 0x0000000085f00000|  0%| F|  |TAMS 0x0000000085e00000, 0x0000000085e00000| Untracked 
|  79|0x0000000085f00000, 0x0000000085f00000, 0x0000000086000000|  0%| F|  |TAMS 0x0000000085f00000, 0x0000000085f00000| Untracked 
|  80|0x0000000086000000, 0x0000000086000000, 0x0000000086100000|  0%| F|  |TAMS 0x0000000086000000, 0x0000000086000000| Untracked 
|  81|0x0000000086100000, 0x0000000086100000, 0x0000000086200000|  0%| F|  |TAMS 0x0000000086100000, 0x0000000086100000| Untracked 
|  82|0x0000000086200000, 0x0000000086200000, 0x0000000086300000|  0%| F|  |TAMS 0x0000000086200000, 0x0000000086200000| Untracked 
|  83|0x0000000086300000, 0x0000000086300000, 0x0000000086400000|  0%| F|  |TAMS 0x0000000086300000, 0x0000000086300000| Untracked 
|  84|0x0000000086400000, 0x0000000086400000, 0x0000000086500000|  0%| F|  |TAMS 0x0000000086400000, 0x0000000086400000| Untracked 
|  85|0x0000000086500000, 0x0000000086500000, 0x0000000086600000|  0%| F|  |TAMS 0x0000000086500000, 0x0000000086500000| Untracked 
|  86|0x0000000086600000, 0x0000000086600000, 0x0000000086700000|  0%| F|  |TAMS 0x0000000086600000, 0x0000000086600000| Untracked 
|  87|0x0000000086700000, 0x0000000086700000, 0x0000000086800000|  0%| F|  |TAMS 0x0000000086700000, 0x0000000086700000| Untracked 
|  88|0x0000000086800000, 0x0000000086800000, 0x0000000086900000|  0%| F|  |TAMS 0x0000000086800000, 0x0000000086800000| Untracked 
|  89|0x0000000086900000, 0x00000000869c1048, 0x0000000086a00000| 75%| E|  |TAMS 0x0000000086900000, 0x0000000086900000| Complete 
|  90|0x0000000086a00000, 0x0000000086b00000, 0x0000000086b00000|100%| E|CS|TAMS 0x0000000086a00000, 0x0000000086a00000| Complete 
|  91|0x0000000086b00000, 0x0000000086c00000, 0x0000000086c00000|100%| E|CS|TAMS 0x0000000086b00000, 0x0000000086b00000| Complete 
|  92|0x0000000086c00000, 0x0000000086d00000, 0x0000000086d00000|100%| E|CS|TAMS 0x0000000086c00000, 0x0000000086c00000| Complete 
|  93|0x0000000086d00000, 0x0000000086e00000, 0x0000000086e00000|100%| E|CS|TAMS 0x0000000086d00000, 0x0000000086d00000| Complete 
|  94|0x0000000086e00000, 0x0000000086f00000, 0x0000000086f00000|100%| E|CS|TAMS 0x0000000086e00000, 0x0000000086e00000| Complete 
|  95|0x0000000086f00000, 0x0000000086fd89a8, 0x0000000087000000| 84%| S|CS|TAMS 0x0000000086f00000, 0x0000000086f00000| Complete 
|  96|0x0000000087000000, 0x0000000087100000, 0x0000000087100000|100%| E|CS|TAMS 0x0000000087000000, 0x0000000087000000| Complete 
|  97|0x0000000087100000, 0x0000000087200000, 0x0000000087200000|100%| E|CS|TAMS 0x0000000087100000, 0x0000000087100000| Complete 
|  98|0x0000000087200000, 0x0000000087300000, 0x0000000087300000|100%| E|CS|TAMS 0x0000000087200000, 0x0000000087200000| Complete 
|  99|0x0000000087300000, 0x0000000087400000, 0x0000000087400000|100%| E|CS|TAMS 0x0000000087300000, 0x0000000087300000| Complete 
| 100|0x0000000087400000, 0x0000000087500000, 0x0000000087500000|100%| E|CS|TAMS 0x0000000087400000, 0x0000000087400000| Complete 
| 101|0x0000000087500000, 0x0000000087600000, 0x0000000087600000|100%| E|CS|TAMS 0x0000000087500000, 0x0000000087500000| Complete 
| 102|0x0000000087600000, 0x0000000087700000, 0x0000000087700000|100%| E|CS|TAMS 0x0000000087600000, 0x0000000087600000| Complete 
| 103|0x0000000087700000, 0x0000000087800000, 0x0000000087800000|100%| E|CS|TAMS 0x0000000087700000, 0x0000000087700000| Complete 
| 104|0x0000000087800000, 0x0000000087900000, 0x0000000087900000|100%| E|CS|TAMS 0x0000000087800000, 0x0000000087800000| Complete 
| 105|0x0000000087900000, 0x0000000087a00000, 0x0000000087a00000|100%| E|CS|TAMS 0x0000000087900000, 0x0000000087900000| Complete 
| 106|0x0000000087a00000, 0x0000000087b00000, 0x0000000087b00000|100%| E|CS|TAMS 0x0000000087a00000, 0x0000000087a00000| Complete 
| 107|0x0000000087b00000, 0x0000000087c00000, 0x0000000087c00000|100%| E|CS|TAMS 0x0000000087b00000, 0x0000000087b00000| Complete 
| 108|0x0000000087c00000, 0x0000000087d00000, 0x0000000087d00000|100%| E|CS|TAMS 0x0000000087c00000, 0x0000000087c00000| Complete 
| 109|0x0000000087d00000, 0x0000000087e00000, 0x0000000087e00000|100%| E|CS|TAMS 0x0000000087d00000, 0x0000000087d00000| Complete 
| 110|0x0000000087e00000, 0x0000000087f00000, 0x0000000087f00000|100%| E|CS|TAMS 0x0000000087e00000, 0x0000000087e00000| Complete 
| 111|0x0000000087f00000, 0x0000000088000000, 0x0000000088000000|100%| E|  |TAMS 0x0000000087f00000, 0x0000000087f00000| Complete 
| 112|0x0000000088000000, 0x0000000088100000, 0x0000000088100000|100%| E|CS|TAMS 0x0000000088000000, 0x0000000088000000| Complete 
| 113|0x0000000088100000, 0x0000000088200000, 0x0000000088200000|100%| E|CS|TAMS 0x0000000088100000, 0x0000000088100000| Complete 
| 114|0x0000000088200000, 0x0000000088300000, 0x0000000088300000|100%| E|CS|TAMS 0x0000000088200000, 0x0000000088200000| Complete 
| 115|0x0000000088300000, 0x0000000088400000, 0x0000000088400000|100%| E|CS|TAMS 0x0000000088300000, 0x0000000088300000| Complete 
| 116|0x0000000088400000, 0x0000000088500000, 0x0000000088500000|100%| E|CS|TAMS 0x0000000088400000, 0x0000000088400000| Complete 
| 117|0x0000000088500000, 0x0000000088600000, 0x0000000088600000|100%| E|CS|TAMS 0x0000000088500000, 0x0000000088500000| Complete 
| 118|0x0000000088600000, 0x0000000088700000, 0x0000000088700000|100%| E|CS|TAMS 0x0000000088600000, 0x0000000088600000| Complete 
| 119|0x0000000088700000, 0x0000000088800000, 0x0000000088800000|100%| E|CS|TAMS 0x0000000088700000, 0x0000000088700000| Complete 
| 120|0x0000000088800000, 0x0000000088900000, 0x0000000088900000|100%| E|CS|TAMS 0x0000000088800000, 0x0000000088800000| Complete 
| 121|0x0000000088900000, 0x0000000088a00000, 0x0000000088a00000|100%| E|CS|TAMS 0x0000000088900000, 0x0000000088900000| Complete 
| 122|0x0000000088a00000, 0x0000000088b00000, 0x0000000088b00000|100%| E|CS|TAMS 0x0000000088a00000, 0x0000000088a00000| Complete 
| 123|0x0000000088b00000, 0x0000000088c00000, 0x0000000088c00000|100%| E|CS|TAMS 0x0000000088b00000, 0x0000000088b00000| Complete 
| 124|0x0000000088c00000, 0x0000000088d00000, 0x0000000088d00000|100%| E|CS|TAMS 0x0000000088c00000, 0x0000000088c00000| Complete 
| 125|0x0000000088d00000, 0x0000000088e00000, 0x0000000088e00000|100%| E|CS|TAMS 0x0000000088d00000, 0x0000000088d00000| Complete 
| 126|0x0000000088e00000, 0x0000000088f00000, 0x0000000088f00000|100%| E|CS|TAMS 0x0000000088e00000, 0x0000000088e00000| Complete 
| 127|0x0000000088f00000, 0x0000000089000000, 0x0000000089000000|100%| E|CS|TAMS 0x0000000088f00000, 0x0000000088f00000| Complete 

Card table byte_map: [0x00000228447f0000,0x0000022844bf0000] _byte_map_base: 0x00000228443e8000

Marking Bits (Prev, Next): (CMBitMap*) 0x000002282cee4260, (CMBitMap*) 0x000002282cee42a0
 Prev Bits: [0x0000022844ff0000, 0x0000022846fb0000)
 Next Bits: [0x0000022846fb0000, 0x0000022848f70000)

Polling page: 0x000002282aca0000

Metaspace:

Usage:
  Non-class:     12.65 MB capacity,    12.51 MB ( 99%) used,   131.49 KB (  1%) free+waste,    15.81 KB ( <1%) overhead. 
      Class:      1.11 MB capacity,     1.05 MB ( 94%) used,    59.22 KB (  5%) free+waste,     5.00 KB ( <1%) overhead. 
       Both:     13.76 MB capacity,    13.56 MB ( 98%) used,   190.71 KB (  1%) free+waste,    20.81 KB ( <1%) overhead. 

Virtual space:
  Non-class space:       14.00 MB reserved,      13.00 MB ( 93%) committed 
      Class space:        1.00 GB reserved,       1.13 MB ( <1%) committed 
             Both:        1.01 GB reserved,      14.13 MB (  1%) committed 

Chunk freelists:
   Non-Class:  164.00 KB
       Class:  16.00 KB
        Both:  180.00 KB

MaxMetaspaceSize: 17179869184.00 GB
CompressedClassSpaceSize: 1.00 GB

CodeHeap 'non-profiled nmethods': size=120000Kb used=833Kb max_used=833Kb free=119166Kb
 bounds [0x000002283cb90000, 0x000002283ce00000, 0x00000228440c0000]
CodeHeap 'profiled nmethods': size=120000Kb used=3866Kb max_used=3866Kb free=116133Kb
 bounds [0x0000022835660000, 0x0000022835a30000, 0x000002283cb90000]
CodeHeap 'non-nmethods': size=5760Kb used=1574Kb max_used=1613Kb free=4185Kb
 bounds [0x00000228350c0000, 0x0000022835330000, 0x0000022835660000]
 total_blobs=3103 nmethods=2153 adapters=863
 compilation: enabled
              stopped_count=0, restarted_count=0
 full_count=0

Compilation events (20 events):
Event: 13.527 Thread 0x000002284b9b7a70 2145       3       com.jogamp.opengl.util.awt.TextureRenderer::<init> (64 bytes)
Event: 13.527 Thread 0x000002284b9b7a70 nmethod 2145 0x0000022835a22190 code [0x0000022835a22380, 0x0000022835a22988]
Event: 13.661 Thread 0x000002284b9b7a70 2146       3       com.jogamp.common.nio.Buffers::rangeCheck (53 bytes)
Event: 13.662 Thread 0x000002284b9b7a70 nmethod 2146 0x0000022835a22b90 code [0x0000022835a22e00, 0x0000022835a236b8]
Event: 13.711 Thread 0x000002284b9b7a70 2147       3       sun.awt.image.BufImgSurfaceData::createData (7 bytes)
Event: 13.711 Thread 0x000002284b9b7a70 nmethod 2147 0x0000022835a23a90 code [0x0000022835a23c60, 0x0000022835a23d68]
Event: 13.711 Thread 0x000002284b9b7a70 2148       3       sun.java2d.SunGraphics2D::setDevClip (21 bytes)
Event: 13.711 Thread 0x000002284b9b7a70 nmethod 2148 0x0000022835a23e10 code [0x0000022835a23fc0, 0x0000022835a24108]
Event: 13.820 Thread 0x000002284b9b7a70 2149       1       java.lang.Boolean::booleanValue (5 bytes)
Event: 13.820 Thread 0x000002284b9b7a70 nmethod 2149 0x000002283cc5ef90 code [0x000002283cc5f120, 0x000002283cc5f1d8]
Event: 13.820 Thread 0x000002284b9b7a70 2150       1       jdk.internal.module.ServicesCatalog$ServiceProvider::module (5 bytes)
Event: 13.821 Thread 0x000002284b9b7a70 nmethod 2150 0x000002283cc5f290 code [0x000002283cc5f420, 0x000002283cc5f4d8]
Event: 14.361 Thread 0x000002284b9b6060 2151       4       java.util.Arrays::fill (21 bytes)
Event: 14.366 Thread 0x000002284b9b6060 nmethod 2151 0x000002283cc5f590 code [0x000002283cc5f720, 0x000002283cc5f8f8]
Event: 14.496 Thread 0x000002284b9b6060 2152       4       jogamp.opengl.gl4.GL4bcImpl::glEnd (48 bytes)
Event: 14.498 Thread 0x000002284b9b6060 nmethod 2152 0x000002283cc5fa10 code [0x000002283cc5fba0, 0x000002283cc5fc68]
Event: 14.701 Thread 0x000002284b9b7a70 2153       3       jdk.internal.loader.BuiltinClassLoader::isSealed (71 bytes)
Event: 14.703 Thread 0x000002284b9b7a70 nmethod 2153 0x0000022835a24210 code [0x0000022835a24600, 0x0000022835a25fb8]
Event: 14.711 Thread 0x000002284b9b6060 2154       4       java.util.HashSet::contains (9 bytes)
Event: 14.719 Thread 0x000002284b9b6060 nmethod 2154 0x000002283cc5fd90 code [0x000002283cc5ff40, 0x000002283cc603c8]

GC Heap History (4 events):
Event: 2.509 GC heap before
{Heap before GC invocations=0 (full 0):
 garbage-first heap   total 131072K, used 23552K [0x0000000081000000, 0x0000000100000000)
  region size 1024K, 23 young (23552K), 0 survivors (0K)
 Metaspace       used 9665K, capacity 9909K, committed 10368K, reserved 1058816K
  class space    used 742K, capacity 809K, committed 896K, reserved 1048576K
}
Event: 2.528 GC heap after
{Heap after GC invocations=1 (full 0):
 garbage-first heap   total 131072K, used 3730K [0x0000000081000000, 0x0000000100000000)
  region size 1024K, 3 young (3072K), 3 survivors (3072K)
 Metaspace       used 9665K, capacity 9909K, committed 10368K, reserved 1058816K
  class space    used 742K, capacity 809K, committed 896K, reserved 1048576K
}
Event: 8.579 GC heap before
{Heap before GC invocations=1 (full 0):
 garbage-first heap   total 131072K, used 58002K [0x0000000081000000, 0x0000000100000000)
  region size 1024K, 32 young (32768K), 3 survivors (3072K)
 Metaspace       used 13458K, capacity 13675K, committed 13952K, reserved 1062912K
  class space    used 1064K, capacity 1104K, committed 1152K, reserved 1048576K
}
Event: 8.585 GC heap after
{Heap after GC invocations=2 (full 0):
 garbage-first heap   total 131072K, used 29092K [0x0000000081000000, 0x0000000100000000)
  region size 1024K, 1 young (1024K), 1 survivors (1024K)
 Metaspace       used 13458K, capacity 13675K, committed 13952K, reserved 1062912K
  class space    used 1064K, capacity 1104K, committed 1152K, reserved 1048576K
}

Deoptimization events (20 events):
Event: 2.657 Thread 0x000002282cea2ae0 DEOPT PACKING pc=0x000002283cbdafa4 sp=0x0000006c331fefc0
Event: 2.657 Thread 0x000002282cea2ae0 DEOPT UNPACKING pc=0x000002283510e129 sp=0x0000006c331fef20 mode 2
Event: 2.686 Thread 0x000002284ceae000 Uncommon trap: trap_request=0xffffff45 fr.pc=0x000002283cbd59a0 relative=0x0000000000000220
Event: 2.686 Thread 0x000002284ceae000 Uncommon trap: reason=unstable_if action=reinterpret pc=0x000002283cbd59a0 method=java.util.HashMap.putVal(ILjava/lang/Object;Ljava/lang/Object;ZZ)Ljava/lang/Object; @ 162 c2
Event: 2.686 Thread 0x000002284ceae000 DEOPT PACKING pc=0x000002283cbd59a0 sp=0x0000006c352fe4c0
Event: 2.686 Thread 0x000002284ceae000 DEOPT UNPACKING pc=0x000002283510e129 sp=0x0000006c352fe408 mode 2
Event: 4.146 Thread 0x000002284ceaafe0 Uncommon trap: trap_request=0xffffff45 fr.pc=0x000002283cbcb330 relative=0x00000000000002b0
Event: 4.146 Thread 0x000002284ceaafe0 Uncommon trap: reason=unstable_if action=reinterpret pc=0x000002283cbcb330 method=java.lang.StringUTF16.compress([CI[BII)I @ 20 c2
Event: 4.146 Thread 0x000002284ceaafe0 DEOPT PACKING pc=0x000002283cbcb330 sp=0x0000006c353fd330
Event: 4.146 Thread 0x000002284ceaafe0 DEOPT UNPACKING pc=0x000002283510e129 sp=0x0000006c353fd2b0 mode 2
Event: 6.014 Thread 0x000002284ceae000 Uncommon trap: trap_request=0xffffff45 fr.pc=0x000002283cc09894 relative=0x0000000000000174
Event: 6.014 Thread 0x000002284ceae000 Uncommon trap: reason=unstable_if action=reinterpret pc=0x000002283cc09894 method=java.lang.ThreadLocal$ThreadLocalMap.getEntry(Ljava/lang/ThreadLocal;)Ljava/lang/ThreadLocal$ThreadLocalMap$Entry; @ 21 c2
Event: 6.014 Thread 0x000002284ceae000 DEOPT PACKING pc=0x000002283cc09894 sp=0x0000006c352fd490
Event: 6.014 Thread 0x000002284ceae000 DEOPT UNPACKING pc=0x000002283510e129 sp=0x0000006c352fd3d8 mode 2
Event: 8.029 Thread 0x000002284ceaafe0 DEOPT PACKING pc=0x0000022835919abf sp=0x0000006c353fe560
Event: 8.029 Thread 0x000002284ceaafe0 DEOPT UNPACKING pc=0x000002283510df30 sp=0x0000006c353fda10 mode 0
Event: 14.377 Thread 0x000002284ceaafe0 Uncommon trap: trap_request=0xffffff76 fr.pc=0x000002283cc5f8c8 relative=0x00000000000001a8
Event: 14.377 Thread 0x000002284ceaafe0 Uncommon trap: reason=predicate action=maybe_recompile pc=0x000002283cc5f8c8 method=java.util.Arrays.fill([Ljava/lang/Object;Ljava/lang/Object;)V @ 7 c2
Event: 14.377 Thread 0x000002284ceaafe0 DEOPT PACKING pc=0x000002283cc5f8c8 sp=0x0000006c353fe350
Event: 14.377 Thread 0x000002284ceaafe0 DEOPT UNPACKING pc=0x000002283510e129 sp=0x0000006c353fe2f8 mode 2

Classes unloaded (0 events):
No events

Classes redefined (0 events):
No events

Internal exceptions (17 events):
Event: 0.149 Thread 0x000002284c46de80 Exception <a 'java/lang/NoSuchMethodError'{0x0000000088d08948}: 'java.lang.Object java.lang.invoke.DirectMethodHandle$Holder.invokeStatic(java.lang.Object)'> (0x0000000088d08948) 
thrown [./open/src/hotspot/share/interpreter/linkResolver.cpp, line 782]
Event: 0.150 Thread 0x000002284c46de80 Exception <a 'java/lang/NoSuchMethodError'{0x0000000088d0c258}: 'java.lang.Object java.lang.invoke.DirectMethodHandle$Holder.invokeStaticInit(java.lang.Object)'> (0x0000000088d0c258) 
thrown [./open/src/hotspot/share/interpreter/linkResolver.cpp, line 782]
Event: 0.158 Thread 0x000002284c46de80 Exception <a 'java/lang/NoSuchMethodError'{0x0000000088d195f8}: 'void java.lang.invoke.DirectMethodHandle$Holder.invokeStatic(java.lang.Object, java.lang.Object)'> (0x0000000088d195f8) 
thrown [./open/src/hotspot/share/interpreter/linkResolver.cpp, line 782]
Event: 0.220 Thread 0x000002282cea2ae0 Exception <a 'java/lang/NoSuchMethodError'{0x0000000088ca6800}: 'void java.lang.invoke.DirectMethodHandle$Holder.invokeStaticInit(java.lang.Object, java.lang.Object)'> (0x0000000088ca6800) 
thrown [./open/src/hotspot/share/interpreter/linkResolver.cpp, line 782]
Event: 0.230 Thread 0x000002282cea2ae0 Exception <a 'java/lang/NoSuchMethodError'{0x0000000088cd3a80}: 'java.lang.Object java.lang.invoke.DirectMethodHandle$Holder.invokeStaticInit(java.lang.Object, int, int, int, int)'> (0x0000000088cd3a80) 
thrown [./open/src/hotspot/share/interpreter/linkResolver.cpp, line 782]
Event: 0.301 Thread 0x000002282cea2ae0 Exception <a 'java/lang/NoSuchMethodError'{0x0000000088b5eef8}: 'java.lang.Object java.lang.invoke.DirectMethodHandle$Holder.invokeStaticInit(java.lang.Object, java.lang.Object, int, int, int, int)'> (0x0000000088b5eef8) 
thrown [./open/src/hotspot/share/interpreter/linkResolver.cpp, line 782]
Event: 0.345 Thread 0x000002282cea2ae0 Exception <a 'java/lang/NoSuchMethodError'{0x0000000088b7d450}: 'void java.lang.invoke.DirectMethodHandle$Holder.invokeStatic(java.lang.Object, long)'> (0x0000000088b7d450) 
thrown [./open/src/hotspot/share/interpreter/linkResolver.cpp, line 782]
Event: 0.346 Thread 0x000002282cea2ae0 Exception <a 'java/lang/NoSuchMethodError'{0x0000000088b83010}: 'java.lang.Object java.lang.invoke.DirectMethodHandle$Holder.newInvokeSpecial(java.lang.Object, long)'> (0x0000000088b83010) 
thrown [./open/src/hotspot/share/interpreter/linkResolver.cpp, line 782]
Event: 0.348 Thread 0x000002282cea2ae0 Exception <a 'java/lang/NoSuchMethodError'{0x0000000088b8e038}: 'java.lang.Object java.lang.invoke.DirectMethodHandle$Holder.invokeStaticInit(java.lang.Object, java.lang.Object, long, java.lang.Object)'> (0x0000000088b8e038) 
thrown [./open/src/hotspot/share/interpreter/linkResolver.cpp, line 782]
Event: 0.349 Thread 0x000002282cea2ae0 Exception <a 'java/lang/NoSuchMethodError'{0x0000000088b94b50}: 'java.lang.Object java.lang.invoke.DirectMethodHandle$Holder.newInvokeSpecial(java.lang.Object, java.lang.Object, long)'> (0x0000000088b94b50) 
thrown [./open/src/hotspot/share/interpreter/linkResolver.cpp, line 782]
Event: 0.350 Thread 0x000002282cea2ae0 Exception <a 'java/lang/NoSuchMethodError'{0x0000000088b98f40}: 'java.lang.Object java.lang.invoke.Invokers$Holder.linkToTargetMethod(java.lang.Object, long, java.lang.Object)'> (0x0000000088b98f40) 
thrown [./open/src/hotspot/share/interpreter/linkResolver.cpp, line 782]
Event: 0.507 Thread 0x000002282cea2ae0 Exception <a 'java/lang/ClassNotFoundException'{0x00000000889b17c0}: sun/awt/resources/spi/awtProvider> (0x00000000889b17c0) 
thrown [./open/src/hotspot/share/classfile/systemDictionary.cpp, line 295]
Event: 0.535 Thread 0x000002282cea2ae0 Exception <a 'java/io/FileNotFoundException'{0x00000000889fa9d0}> (0x00000000889fa9d0) 
thrown [./open/src/hotspot/share/prims/jni.cpp, line 578]
Event: 0.547 Thread 0x000002282cea2ae0 Exception <a 'java/io/FileNotFoundException'{0x0000000088829b08}> (0x0000000088829b08) 
thrown [./open/src/hotspot/share/prims/jni.cpp, line 578]
Event: 0.552 Thread 0x000002282cea2ae0 Exception <a 'java/lang/NoSuchMethodError'{0x000000008882c9e0}: 'void java.lang.invoke.DirectMethodHandle$Holder.invokeSpecial(java.lang.Object, java.lang.Object, java.lang.Object)'> (0x000000008882c9e0) 
thrown [./open/src/hotspot/share/interpreter/linkResolver.cpp, line 782]
Event: 6.014 Thread 0x000002284ceae000 Implicit null exception at 0x000002283cc09799 to 0x000002283cc09874
Event: 14.701 Thread 0x0000022868320e80 JVM_StopThread thread JavaThread 0x000002284ceaafe0 as oop 0x0000000086f21580 [exception 0x0000006c366feb30]

Events (20 events):
Event: 14.700 Thread 0x0000022868321350 Thread added: 0x0000022868321350
Event: 14.700 Thread 0x0000022868321820 Thread added: 0x0000022868321820
Event: 14.701 Thread 0x0000022868321cf0 Thread added: 0x0000022868321cf0
Event: 14.701 loading class java/nio/channels/ClosedChannelException
Event: 14.701 Executing VM operation: HandshakeOneThread
Event: 14.701 Executing VM operation: HandshakeOneThread done
Event: 14.701 loading class java/nio/channels/ClosedChannelException done
Event: 14.701 Thread 0x0000022868321820 Thread exited: 0x0000022868321820
Event: 14.711 loading class java/lang/Throwable$WrappedPrintStream
Event: 14.711 loading class java/lang/Throwable$PrintStreamOrWriter
Event: 14.711 loading class java/lang/Throwable$PrintStreamOrWriter done
Event: 14.711 loading class java/lang/Throwable$WrappedPrintStream done
Event: 14.711 loading class java/lang/StackTraceElement$HashedModules
Event: 14.711 loading class java/lang/StackTraceElement$HashedModules done
Event: 14.713 Thread 0x000002284ceaafe0 Thread exited: 0x000002284ceaafe0
Event: 14.724 Thread 0x000002284cb1bbd0 Thread exited: 0x000002284cb1bbd0
Event: 14.781 Thread 0x000002284d23e8b0 Thread exited: 0x000002284d23e8b0
Event: 14.786 Thread 0x0000022868320e80 Thread exited: 0x0000022868320e80
Event: 14.801 Thread 0x0000022868321350 Thread exited: 0x0000022868321350
Event: 14.802 Executing VM operation: Exit


Dynamic libraries:
0x00007ff6bd960000 - 0x00007ff6bd96d000 	C:\Users\yurib\.jdks\openjdk-15\bin\java.exe
0x00007ffe0dae0000 - 0x00007ffe0dcd0000 	C:\Windows\SYSTEM32\ntdll.dll
0x00007ffe0cba0000 - 0x00007ffe0cc52000 	C:\Windows\System32\KERNEL32.DLL
0x00007ffe0b540000 - 0x00007ffe0b7e5000 	C:\Windows\System32\KERNELBASE.dll
0x00007ffe0b310000 - 0x00007ffe0b40a000 	C:\Windows\System32\ucrtbase.dll
0x00007ffe003b0000 - 0x00007ffe003c8000 	C:\Users\yurib\.jdks\openjdk-15\bin\jli.dll
0x00007ffe00390000 - 0x00007ffe003a9000 	C:\Users\yurib\.jdks\openjdk-15\bin\VCRUNTIME140.dll
0x00007ffe0ca00000 - 0x00007ffe0cb94000 	C:\Windows\System32\USER32.dll
0x00007ffe0b1f0000 - 0x00007ffe0b211000 	C:\Windows\System32\win32u.dll
0x00007ffe0cf30000 - 0x00007ffe0cf56000 	C:\Windows\System32\GDI32.dll
0x00007ffdf6120000 - 0x00007ffdf63a4000 	C:\Windows\WinSxS\amd64_microsoft.windows.common-controls_6595b64144ccf1df_6.0.18362.1139_none_9e7bf2d3e4605ac6\COMCTL32.dll
0x00007ffe0b7f0000 - 0x00007ffe0b986000 	C:\Windows\System32\gdi32full.dll
0x00007ffe0b220000 - 0x00007ffe0b2be000 	C:\Windows\System32\msvcp_win.dll
0x00007ffe0da00000 - 0x00007ffe0da9e000 	C:\Windows\System32\msvcrt.dll
0x00007ffe0bcd0000 - 0x00007ffe0c005000 	C:\Windows\System32\combase.dll
0x00007ffe0c830000 - 0x00007ffe0c950000 	C:\Windows\System32\RPCRT4.dll
0x00007ffe0b410000 - 0x00007ffe0b490000 	C:\Windows\System32\bcryptPrimitives.dll
0x00007ffe0d9d0000 - 0x00007ffe0d9fe000 	C:\Windows\System32\IMM32.DLL
0x00007ffe00330000 - 0x00007ffe0033c000 	C:\Users\yurib\.jdks\openjdk-15\bin\vcruntime140_1.dll
0x00007ffde5b00000 - 0x00007ffde5b91000 	C:\Users\yurib\.jdks\openjdk-15\bin\msvcp140.dll
0x00007ffddb0b0000 - 0x00007ffddbc0c000 	C:\Users\yurib\.jdks\openjdk-15\bin\server\jvm.dll
0x00007ffe0d920000 - 0x00007ffe0d9c3000 	C:\Windows\System32\ADVAPI32.dll
0x00007ffe0c210000 - 0x00007ffe0c2a7000 	C:\Windows\System32\sechost.dll
0x00007ffe0d740000 - 0x00007ffe0d748000 	C:\Windows\System32\PSAPI.DLL
0x00007ffdf92c0000 - 0x00007ffdf92c9000 	C:\Windows\SYSTEM32\WSOCK32.dll
0x00007ffe088d0000 - 0x00007ffe088f4000 	C:\Windows\SYSTEM32\WINMM.dll
0x00007ffe0cec0000 - 0x00007ffe0cf2f000 	C:\Windows\System32\WS2_32.dll
0x00007ffe04430000 - 0x00007ffe0443a000 	C:\Windows\SYSTEM32\VERSION.dll
0x00007ffe087c0000 - 0x00007ffe087ed000 	C:\Windows\SYSTEM32\WINMMBASE.dll
0x00007ffe0bb40000 - 0x00007ffe0bb8a000 	C:\Windows\System32\cfgmgr32.dll
0x00007ffe0a9e0000 - 0x00007ffe0a9f1000 	C:\Windows\System32\kernel.appcore.dll
0x00007ffdf35b0000 - 0x00007ffdf35ba000 	C:\Users\yurib\.jdks\openjdk-15\bin\jimage.dll
0x00007ffdf77d0000 - 0x00007ffdf79c4000 	C:\Windows\SYSTEM32\DBGHELP.DLL
0x00007ffdf7b00000 - 0x00007ffdf7b2a000 	C:\Windows\SYSTEM32\dbgcore.DLL
0x00007ffdf09b0000 - 0x00007ffdf09be000 	C:\Users\yurib\.jdks\openjdk-15\bin\instrument.dll
0x00007ffdf08c0000 - 0x00007ffdf08e5000 	C:\Users\yurib\.jdks\openjdk-15\bin\java.dll
0x00007ffe0cfd0000 - 0x00007ffe0d6b7000 	C:\Windows\System32\SHELL32.dll
0x00007ffe0c950000 - 0x00007ffe0c9f9000 	C:\Windows\System32\shcore.dll
0x00007ffe0aa70000 - 0x00007ffe0b1f0000 	C:\Windows\System32\windows.storage.dll
0x00007ffe0a9b0000 - 0x00007ffe0a9d3000 	C:\Windows\System32\profapi.dll
0x00007ffe0aa20000 - 0x00007ffe0aa6a000 	C:\Windows\System32\powrprof.dll
0x00007ffe0a9a0000 - 0x00007ffe0a9b0000 	C:\Windows\System32\UMPDC.dll
0x00007ffe0cf70000 - 0x00007ffe0cfc2000 	C:\Windows\System32\shlwapi.dll
0x00007ffe0b2c0000 - 0x00007ffe0b2d7000 	C:\Windows\System32\cryptsp.dll
0x00007ffde9350000 - 0x00007ffde9368000 	C:\Users\yurib\.jdks\openjdk-15\bin\zip.dll
0x00007ffdefd90000 - 0x00007ffdefda9000 	C:\Users\yurib\.jdks\openjdk-15\bin\net.dll
0x00007ffe02820000 - 0x00007ffe02910000 	C:\Windows\SYSTEM32\WINHTTP.dll
0x00007ffe0a190000 - 0x00007ffe0a1f7000 	C:\Windows\system32\mswsock.dll
0x00007ffdee170000 - 0x00007ffdee182000 	C:\Users\yurib\.jdks\openjdk-15\bin\nio.dll
0x00007ffde5f20000 - 0x00007ffde5f3a000 	C:\Program Files\JetBrains\IntelliJ IDEA 2020.2.1\bin\breakgen64.dll
0x00007ffe09d00000 - 0x00007ffe09d33000 	C:\Windows\system32\rsaenh.dll
0x00007ffe0b2e0000 - 0x00007ffe0b306000 	C:\Windows\System32\bcrypt.dll
0x00007ffe0a8c0000 - 0x00007ffe0a8e5000 	C:\Windows\SYSTEM32\USERENV.dll
0x00007ffe0a360000 - 0x00007ffe0a36c000 	C:\Windows\SYSTEM32\CRYPTBASE.dll
0x00007ffe09ea0000 - 0x00007ffe09eda000 	C:\Windows\SYSTEM32\IPHLPAPI.DLL
0x00007ffe0c820000 - 0x00007ffe0c828000 	C:\Windows\System32\NSI.dll
0x00007ffe037c0000 - 0x00007ffe037d6000 	C:\Windows\SYSTEM32\dhcpcsvc6.DLL
0x00007ffe03730000 - 0x00007ffe0374c000 	C:\Windows\SYSTEM32\dhcpcsvc.DLL
0x00007ffe09ee0000 - 0x00007ffe09fab000 	C:\Windows\SYSTEM32\DNSAPI.dll
0x00007ffe08b80000 - 0x00007ffe08c0f000 	C:\Windows\system32\apphelp.dll
0x00000000637c0000 - 0x00000000637cd000 	C:\Users\yurib\AppData\Local\Temp\jogamp_0000\file_cache\jln14024999980095685397\jln11360484165733787886\natives\windows-amd64\gluegen-rt.dll
0x00007ffdcde90000 - 0x00007ffdce00f000 	C:\Users\yurib\.jdks\openjdk-15\bin\awt.dll
0x00007ffe0c140000 - 0x00007ffe0c205000 	C:\Windows\System32\OLEAUT32.dll
0x00007ffe08cd0000 - 0x00007ffe08d69000 	C:\Windows\system32\uxtheme.dll
0x00007ffe0bb90000 - 0x00007ffe0bcc5000 	C:\Windows\System32\MSCTF.dll
0x0000000180000000 - 0x000000018800d000 	C:\Program Files (x86)\ASUS\GPU TweakII\GTII-OSD\x64\GTII-OSD64-VK.dll
0x00007ffe0d750000 - 0x00007ffe0d8a7000 	C:\Windows\System32\ole32.dll
0x00007ffddd050000 - 0x00007ffddd15a000 	C:\Windows\SYSTEM32\vulkan-1.dll
0x00007ffdeff30000 - 0x00007ffdeff37000 	C:\Users\yurib\.jdks\openjdk-15\bin\jawt.dll
0x000000006a440000 - 0x000000006a44d000 	C:\Users\yurib\AppData\Local\Temp\jogamp_0000\file_cache\jln14024999980095685397\jln11360484165733787886\natives\windows-amd64\nativewindow_awt.dll
0x00007ffe09100000 - 0x00007ffe0912d000 	C:\Windows\system32\DWMAPI.DLL
0x00007ffddd540000 - 0x00007ffddd696000 	C:\Windows\system32\opengl32.dll
0x00007ffdfec90000 - 0x00007ffdfecbc000 	C:\Windows\SYSTEM32\GLU32.dll
0x00007ffe095d0000 - 0x00007ffe095f0000 	C:\Windows\SYSTEM32\dxcore.dll
0x00007ffdffb80000 - 0x00007ffdffd47000 	C:\Windows\system32\d3d9.dll
0x00007ffe0b9f0000 - 0x00007ffe0bb39000 	C:\Windows\System32\crypt32.dll
0x00007ffe0aa00000 - 0x00007ffe0aa12000 	C:\Windows\System32\MSASN1.dll
0x00007ffe04220000 - 0x00007ffe0424f000 	C:\Windows\SYSTEM32\cryptnet.dll
0x00007ffe0b990000 - 0x00007ffe0b9ec000 	C:\Windows\System32\WINTRUST.DLL
0x00007ffe0c720000 - 0x00007ffe0c73d000 	C:\Windows\System32\imagehlp.dll
0x00007ffdd10c0000 - 0x00007ffdd136e000 	C:\Windows\system32\nvspcap64.dll
0x00007ffe099c0000 - 0x00007ffe099f1000 	C:\Windows\SYSTEM32\ntmarta.dll
0x00007ffe09580000 - 0x00007ffe095a2000 	C:\Windows\SYSTEM32\gpapi.dll
0x000000006c100000 - 0x000000006c10f000 	C:\Users\yurib\AppData\Local\Temp\jogamp_0000\file_cache\jln14024999980095685397\jln11360484165733787886\natives\windows-amd64\nativewindow_win32.dll
0x0000000064500000 - 0x00000000645b1000 	C:\Users\yurib\AppData\Local\Temp\jogamp_0000\file_cache\jln14024999980095685397\jln11360484165733787886\natives\windows-amd64\jogl_desktop.dll
0x00007ffdc95b0000 - 0x00007ffdc98e9000 	C:\Users\yurib\AppData\Local\Programs\MiKTeX\miktex\bin\x64\libGLESv2.dll
0x0000000064340000 - 0x00000000643a2000 	C:\Users\yurib\AppData\Local\Temp\jogamp_0000\file_cache\jln14024999980095685397\jln11360484165733787886\natives\windows-amd64\jogl_mobile.dll
0x00007ffdbf1c0000 - 0x00007ffdc18e4000 	C:\Windows\System32\DriverStore\FileRepository\nv_dispi.inf_amd64_95bdb3a23d6478de\nvoglv64.dll
0x00007ffe0c2b0000 - 0x00007ffe0c720000 	C:\Windows\System32\SETUPAPI.dll
0x00007ffe07180000 - 0x00007ffe07193000 	C:\Windows\SYSTEM32\WTSAPI32.dll
0x00007ffe0a790000 - 0x00007ffe0a7ba000 	C:\Windows\SYSTEM32\DEVOBJ.dll
0x00007ffe0a460000 - 0x00007ffe0a4b6000 	C:\Windows\SYSTEM32\WINSTA.dll
0x000000006cbc0000 - 0x000000006cbd3000 	C:\Users\yurib\AppData\Local\Temp\jogamp_0000\file_cache\jln14024999980095685397\jln11360484165733787886\natives\windows-amd64\newt.dll
0x00007ffe03480000 - 0x00007ffe0352e000 	C:\Windows\SYSTEM32\mscms.dll
0x00007ffe03420000 - 0x00007ffe03437000 	C:\Windows\SYSTEM32\ColorAdapterClient.dll
0x00007ffde16c0000 - 0x00007ffde1703000 	C:\Windows\SYSTEM32\icm32.dll
0x00007ffe01920000 - 0x00007ffe019be000 	C:\Windows\System32\TextInputFramework.dll
0x00007ffe087f0000 - 0x00007ffe088c4000 	C:\Windows\System32\CoreMessaging.dll
0x00007ffe055b0000 - 0x00007ffe058da000 	C:\Windows\System32\CoreUIComponents.dll
0x00007ffe063a0000 - 0x00007ffe064f3000 	C:\Windows\SYSTEM32\wintypes.dll
0x00007ffdfaaf0000 - 0x00007ffdfad97000 	C:\Windows\System32\iertutil.dll
0x0000022857650000 - 0x000002285f642000 	C:\Program Files (x86)\ASUS\GPU TweakII\GTII-OSD\x64\GTII-OSD64-GL.dll
0x0000000071e40000 - 0x0000000071ea3000 	C:\Program Files (x86)\ASUS\GPU TweakII\GTII-OSD\x64\glew32.dll
0x00007ffde5a00000 - 0x00007ffde5a11000 	C:\Users\yurib\.jdks\openjdk-15\bin\jsound.dll
0x00007ffdc69d0000 - 0x00007ffdc6a69000 	C:\Windows\SYSTEM32\DSOUND.dll
0x000002285f8f0000 - 0x0000022867a1b000 	C:\Program Files (x86)\ASUS\GPU TweakII\GTII-OSD\x64\GTII-OSD64.dll
0x00007ffde25b0000 - 0x00007ffde25e1000 	C:\Windows\SYSTEM32\d3d10_1.dll
0x00007ffdde8a0000 - 0x00007ffdde91f000 	C:\Windows\SYSTEM32\d3dx10_43.dll
0x00007ffe07ba0000 - 0x00007ffe07ff2000 	C:\Windows\SYSTEM32\D3DCOMPILER_47.dll
0x00007ffdd0ee0000 - 0x00007ffdd10b2000 	C:\Windows\SYSTEM32\d3d12.dll
0x00007ffdce590000 - 0x00007ffdce7f3000 	C:\Windows\SYSTEM32\d3dx9_43.dll
0x00007ffe00460000 - 0x00007ffe0046d000 	C:\Windows\SYSTEM32\d3d10_1core.dll
0x00007ffe08000000 - 0x00007ffe0825b000 	C:\Windows\SYSTEM32\d3d11.dll
0x00007ffe09660000 - 0x00007ffe0974b000 	C:\Windows\SYSTEM32\dxgi.dll
0x00007ffdda800000 - 0x00007ffdda931000 	C:\Windows\SYSTEM32\d3d10.dll
0x00007ffe00450000 - 0x00007ffe0045d000 	C:\Windows\SYSTEM32\d3d10core.dll
0x00007ffe0cc60000 - 0x00007ffe0cd02000 	C:\Windows\System32\clbcatq.dll
0x00007ffe04bf0000 - 0x00007ffe04c62000 	C:\Windows\System32\MMDevApi.dll
0x00007ffda5160000 - 0x00007ffda51a4000 	C:\Windows\SYSTEM32\wdmaud.drv
0x00007ffdd28d0000 - 0x00007ffdd28d9000 	C:\Windows\SYSTEM32\ksuser.dll
0x00007ffe05ed0000 - 0x00007ffe05eda000 	C:\Windows\SYSTEM32\AVRT.dll
0x00007ffe052d0000 - 0x00007ffe0542d000 	C:\Windows\SYSTEM32\AUDIOSES.DLL
0x00007ffdd9120000 - 0x00007ffdd912d000 	C:\Windows\SYSTEM32\msacm32.drv
0x00007ffdb98f0000 - 0x00007ffdb990c000 	C:\Windows\SYSTEM32\MSACM32.dll
0x00007ffdd9110000 - 0x00007ffdd911a000 	C:\Windows\SYSTEM32\midimap.dll
0x00007ffe09010000 - 0x00007ffe09024000 	C:\Windows\SYSTEM32\resourcepolicyclient.dll
0x00007ffdd9640000 - 0x00007ffdd96c5000 	C:\Users\yurib\.jdks\openjdk-15\bin\freetype.dll
0x00007ffdd9060000 - 0x00007ffdd9109000 	C:\Users\yurib\.jdks\openjdk-15\bin\fontmanager.dll

dbghelp: loaded successfully - version: 4.0.5 - missing functions: none
symbol engine: initialized successfully - sym options: 0x614 - pdb path: .;C:\Users\yurib\.jdks\openjdk-15\bin;C:\Windows\SYSTEM32;C:\Windows\WinSxS\amd64_microsoft.windows.common-controls_6595b64144ccf1df_6.0.18362.1139_none_9e7bf2d3e4605ac6;C:\Users\yurib\.jdks\openjdk-15\bin\server;C:\Program Files\JetBrains\IntelliJ IDEA 2020.2.1\bin;C:\Users\yurib\AppData\Local\Temp\jogamp_0000\file_cache\jln14024999980095685397\jln11360484165733787886\natives\windows-amd64;C:\Program Files (x86)\ASUS\GPU TweakII\GTII-OSD\x64;C:\Windows\System32\DriverStore\FileRepository\nv_dispi.inf_amd64_95bdb3a23d6478de;C:\Users\yurib\AppData\Local\Programs\MiKTeX\miktex\bin\x64

VM Arguments:
jvm_args: -javaagent:C:\Program Files\JetBrains\IntelliJ IDEA 2020.2.1\lib\idea_rt.jar=63475:C:\Program Files\JetBrains\IntelliJ IDEA 2020.2.1\bin -Dfile.encoding=UTF-8 
java_command: Scene.Renderer
java_class_path (initial): C:\Users\yurib\IdeaProjects\naviador\out\production\naviador;C:\Users\yurib\Downloads\joglWin64\joglWin64\gluegen-rt-natives-windows-amd64.jar;C:\Users\yurib\Downloads\joglWin64\joglWin64\gluegen-rt.jar;C:\Users\yurib\Downloads\joglWin64\joglWin64\jogl-all-natives-windows-amd64.jar;C:\Users\yurib\Downloads\joglWin64\joglWin64\jogl-all.jar;C:\Users\yurib\.m2\repository\org\dyn4j\dyn4j\4.0.2\dyn4j-4.0.2.jar
Launcher Type: SUN_STANDARD

[Global flags]
     intx CICompilerCount                          = 4                                         {product} {ergonomic}
     uint ConcGCThreads                            = 2                                         {product} {ergonomic}
     uint G1ConcRefinementThreads                  = 8                                         {product} {ergonomic}
   size_t G1HeapRegionSize                         = 1048576                                   {product} {ergonomic}
    uintx GCDrainStackTargetSize                   = 64                                        {product} {ergonomic}
   size_t InitialHeapSize                          = 134217728                                 {product} {ergonomic}
   size_t MarkStackSize                            = 4194304                                   {product} {ergonomic}
   size_t MaxHeapSize                              = 2130706432                                {product} {ergonomic}
   size_t MaxNewSize                               = 1278214144                                {product} {ergonomic}
   size_t MinHeapDeltaBytes                        = 1048576                                   {product} {ergonomic}
   size_t MinHeapSize                              = 8388608                                   {product} {ergonomic}
    uintx NonNMethodCodeHeapSize                   = 5839372                                {pd product} {ergonomic}
    uintx NonProfiledCodeHeapSize                  = 122909434                              {pd product} {ergonomic}
    uintx ProfiledCodeHeapSize                     = 122909434                              {pd product} {ergonomic}
    uintx ReservedCodeCacheSize                    = 251658240                              {pd product} {ergonomic}
     bool SegmentedCodeCache                       = true                                      {product} {ergonomic}
   size_t SoftMaxHeapSize                          = 2130706432                             {manageable} {ergonomic}
     bool UseCompressedClassPointers               = true                                 {lp64_product} {ergonomic}
     bool UseCompressedOops                        = true                                 {lp64_product} {ergonomic}
     bool UseG1GC                                  = true                                      {product} {ergonomic}
     bool UseLargePagesIndividualAllocation        = false                                  {pd product} {ergonomic}

Logging:
Log output configuration:
 #0: stdout all=off uptime,level,tags
 #1: stderr all=off uptime,level,tags

Environment Variables:
JAVA_HOME=C:\Program Files\Java\jre1.8.0_261\bin
CLASSPATH=.;C:\Program Files\Java\jre1.8.0_261\bin
PATH=C:\Program Files (x86)\Common Files\Oracle\Java\javapath;C:\Windows\system32;C:\Windows;C:\Windows\System32\Wbem;C:\Windows\System32\WindowsPowerShell\v1.0\;C:\Windows\System32\OpenSSH\;C:\Program Files (x86)\NVIDIA Corporation\PhysX\Common;C:\Program Files\NVIDIA Corporation\NVIDIA NvDLISR;C:\Program Files\Git\cmd;C:\Program Files\nodejs\;C:\ProgramData\chocolatey\bin;C:\Program Files\dotnet\;C:\Program Files\Java\jre1.8.0_261\bin;C:\Users\yurib\scoop\shims;C:\Users\yurib\AppData\Local\Programs\Python\Python38-32\Scripts\;C:\Users\yurib\AppData\Local\Programs\Python\Python38-32\;C:\Users\yurib\AppData\Local\Microsoft\WindowsApps;C:\Users\yurib\AppData\Local\Programs\Microsoft VS Code\bin;C:\Program Files\JetBrains\PyCharm 2020.2\bin;C:\Program Files\JetBrains\IntelliJ IDEA 2020.2.1\bin;C:\Users\yurib\AppData\Local\Programs\MiKTeX\miktex\bin\x64\;C:\Users\yurib\AppData\Roaming\npm;C:\Users\yurib\AppData\Local\GitHubDesktop\bin;C:\Program Files\Java\jdk1.8.0_271\bin;
USERNAME=yurib
OS=Windows_NT
PROCESSOR_IDENTIFIER=Intel64 Family 6 Model 30 Stepping 5, GenuineIntel



---------------  S Y S T E M  ---------------

OS:
 Windows 10 , 64 bit Build 18362 (10.0.18362.1110)
OS uptime: 2 days 0:41 hours

CPU: total 8 (initial active 8) (4 cores per cpu, 2 threads per core) family 6 model 30 stepping 5, cmov, cx8, fxsr, mmx, sse, sse2, sse3, ssse3, sse4.1, sse4.2, popcnt, ht, tsc, tscinvbit, clflush

Memory: 4k page, system-wide physical 8125M (2536M free)
TotalPageFile size 20413M (AvailPageFile size 6823M)
current process WorkingSet (physical memory assigned to process): 225M, peak: 283M
current process commit charge ("private bytes"): 768M, peak: 820M

vm_info: OpenJDK 64-Bit Server VM (15+36-1562) for windows-amd64 JRE (15+36-1562), built on Aug 11 2020 22:33:04 by "mach5one" with unknown MS VC++:1925

END.
