#
# A fatal error has been detected by the Java Runtime Environment:
#
#  EXCEPTION_ACCESS_VIOLATION (0xc0000005) at pc=0x00007ffddd573275, pid=5940, tid=15520
#
# JRE version: OpenJDK Runtime Environment (15.0+36) (build 15+36-1562)
# Java VM: OpenJDK 64-Bit Server VM (15+36-1562, mixed mode, sharing, tiered, compressed oops, g1 gc, windows-amd64)
# Problematic frame:
# C  [opengl32.dll+0x33275]
#
# No core dump will be written. Minidumps are not enabled by default on client versions of Windows
#
# If you would like to submit a bug report, please visit:
#   https://bugreport.java.com/bugreport/crash.jsp
#

---------------  S U M M A R Y ------------

Command Line: -javaagent:C:\Program Files\JetBrains\IntelliJ IDEA 2020.2.1\lib\idea_rt.jar=55167:C:\Program Files\JetBrains\IntelliJ IDEA 2020.2.1\bin -Dfile.encoding=UTF-8 Scene.Renderer

Host: Intel(R) Core(TM) i7 CPU         860  @ 2.80GHz, 8 cores, 7G,  Windows 10 , 64 bit Build 18362 (10.0.18362.1110)
Time: Wed Nov  4 00:33:45 2020 Hora oficial do Brasil elapsed time: 10.610065 seconds (0d 0h 0m 10s)

---------------  T H R E A D  ---------------

Current thread (0x0000020d3fbc25f0):  VMThread "VM Thread" [stack: 0x000000d8e4500000,0x000000d8e4600000] [id=15520]

Stack: [0x000000d8e4500000,0x000000d8e4600000],  sp=0x000000d8e45fee10,  free space=1019k
Native frames: (J=compiled Java code, j=interpreted, Vv=VM code, C=native code)
C  [opengl32.dll+0x33275]


siginfo: EXCEPTION_ACCESS_VIOLATION (0xc0000005), reading address 0x0000000000000a38


Register to memory mapping:

RIP=0x00007ffddd573275 opengl32.dll
RAX=0x0 is NULL
RBX=0x0000020d4ccdba24 GTII-OSD64-GL.dll
RCX=0x0000000000000024 is an unknown value
RDX=0x0000020d4ccdba24 GTII-OSD64-GL.dll
RSP=0x000000d8e45fee10 points into unknown readable memory: 0x0000020d4878e678 | 78 e6 78 48 0d 02 00 00
RBP=0x000000d8e45ff220 points into unknown readable memory: 0x0000000000000000 | 00 00 00 00 00 00 00 00
RSI=0x0000020d4cbc0000 GTII-OSD64-GL.dll
RDI=0x0000000000000001 is an unknown value
R8 =0x000000d8e3bdc000 points into unknown readable memory: 0x0000000000000000 | 00 00 00 00 00 00 00 00
R9 =0x0000020d54ba9f64 GTII-OSD64-GL.dll
R10=0x0 is NULL
R11=0x000000d8e45fee70 points into unknown readable memory: 0x0000000000000001 | 01 00 00 00 00 00 00 00
R12=0x0000020d4cc26460 GTII-OSD64-GL.dll
R13=0x0000020d21147ae0 points into unknown readable memory: 0x8000000b00000001 | 01 00 00 00 0b 00 00 80
R14=0x0000020d4cbc0000 GTII-OSD64-GL.dll
R15=0x0000000000000001 is an unknown value


Registers:
RAX=0x0000000000000000, RBX=0x0000020d4ccdba24, RCX=0x0000000000000024, RDX=0x0000020d4ccdba24
RSP=0x000000d8e45fee10, RBP=0x000000d8e45ff220, RSI=0x0000020d4cbc0000, RDI=0x0000000000000001
R8 =0x000000d8e3bdc000, R9 =0x0000020d54ba9f64, R10=0x0000000000000000, R11=0x000000d8e45fee70
R12=0x0000020d4cc26460, R13=0x0000020d21147ae0, R14=0x0000020d4cbc0000, R15=0x0000000000000001
RIP=0x00007ffddd573275, EFLAGS=0x0000000000010287

Top of Stack: (sp=0x000000d8e45fee10)
0x000000d8e45fee10:   0000020d4878e678 0000000000000000
0x000000d8e45fee20:   0000020d4114c320 0000016ed0f14322
0x000000d8e45fee30:   0000000000000001 0000020d4cbd4248
0x000000d8e45fee40:   0000000000000000 0000000000003ca0
0x000000d8e45fee50:   0000000000000003 0000020d54ba9f64
0x000000d8e45fee60:   0000000000000001 0000020d4cbd95df
0x000000d8e45fee70:   0000000000000001 0000000000003ca0
0x000000d8e45fee80:   0000000000000003 0000020d54ba9f64
0x000000d8e45fee90:   0000000000000001 0000020d4cbe6eb4
0x000000d8e45feea0:   000000d8e45fef00 0000000000003ca0
0x000000d8e45feeb0:   0000000000000003 0000020d54ba9f64
0x000000d8e45feec0:   0000000000003ca0 0000020d4cbe675a
0x000000d8e45feed0:   0000000000000000 00007ffe0ca24d8a
0x000000d8e45feee0:   000000000000c2ba 0000020d4cbc0000
0x000000d8e45feef0:   0000000000000000 0000020d4cbe67d7
0x000000d8e45fef00:   0000000000000000 0000020d411ee8a0 

Instructions: (pc=0x00007ffddd573275)
0x00007ffddd573175:   48 8b 74 24 60 48 83 c4 40 5f c3 cc cc cc cc cc
0x00007ffddd573185:   cc cc cc cc cc cc cc cc cc cc cc 48 89 5c 24 08
0x00007ffddd573195:   48 89 6c 24 10 48 89 74 24 18 57 48 83 ec 50 8b
0x00007ffddd5731a5:   e9 41 8b d9 8b 0d 01 62 0f 00 41 8b f8 8b f2 83
0x00007ffddd5731b5:   f9 40 73 15 65 4c 8b 14 25 30 00 00 00 8b 05 c0
0x00007ffddd5731c5:   37 11 00 49 8b 04 02 eb 06 ff 15 ec 4c 0d 00 8b
0x00007ffddd5731d5:   8c 24 98 00 00 00 44 8b cb 48 8b 80 30 0a 00 00
0x00007ffddd5731e5:   44 8b c7 89 4c 24 38 8b d6 8b 8c 24 90 00 00 00
0x00007ffddd5731f5:   89 4c 24 30 8b 8c 24 88 00 00 00 89 4c 24 28 8b
0x00007ffddd573205:   8c 24 80 00 00 00 89 4c 24 20 8b cd ff 15 61 51
0x00007ffddd573215:   0d 00 48 8b 5c 24 60 48 8b 6c 24 68 48 8b 74 24
0x00007ffddd573225:   70 48 83 c4 50 5f c3 cc cc cc cc cc cc cc cc cc
0x00007ffddd573235:   cc cc cc cc cc cc cc cc cc cc cc 48 89 5c 24 08
0x00007ffddd573245:   57 48 83 ec 20 8b f9 48 8b da 8b 0d 5b 61 0f 00
0x00007ffddd573255:   83 f9 40 73 15 65 4c 8b 04 25 30 00 00 00 8b 05
0x00007ffddd573265:   1f 37 11 00 49 8b 04 00 eb 06 ff 15 4b 4c 0d 00
0x00007ffddd573275:   48 8b 80 38 0a 00 00 48 8b d3 8b cf 48 8b 5c 24
0x00007ffddd573285:   30 48 83 c4 20 5f 48 ff 25 e6 50 0d 00 cc cc cc
0x00007ffddd573295:   cc cc cc cc cc cc cc cc cc cc cc 48 89 5c 24 08
0x00007ffddd5732a5:   57 48 83 ec 20 8b f9 48 8b da 8b 0d fb 60 0f 00
0x00007ffddd5732b5:   83 f9 40 73 15 65 4c 8b 04 25 30 00 00 00 8b 05
0x00007ffddd5732c5:   bf 36 11 00 49 8b 04 00 eb 06 ff 15 eb 4b 0d 00
0x00007ffddd5732d5:   48 8b 80 40 0a 00 00 48 8b d3 8b cf 48 8b 5c 24
0x00007ffddd5732e5:   30 48 83 c4 20 5f 48 ff 25 86 50 0d 00 cc cc cc
0x00007ffddd5732f5:   cc cc cc cc cc cc cc cc cc cc cc 40 53 48 83 ec
0x00007ffddd573305:   20 8b d9 8b 0d a2 60 0f 00 83 f9 40 73 15 65 48
0x00007ffddd573315:   8b 14 25 30 00 00 00 8b 05 66 36 11 00 48 8b 04
0x00007ffddd573325:   02 eb 06 ff 15 92 4b 0d 00 48 8b 80 50 0a 00 00
0x00007ffddd573335:   8b cb 48 83 c4 20 5b 48 ff 25 35 50 0d 00 cc cc
0x00007ffddd573345:   cc cc cc cc cc cc cc cc cc cc cc 48 89 5c 24 08
0x00007ffddd573355:   48 89 74 24 10 57 48 83 ec 20 8b f1 49 8b d8 8b
0x00007ffddd573365:   0d 46 60 0f 00 48 8b fa 83 f9 40 73 15 65 4c 8b 


Stack slot to memory mapping:
stack at sp + 0 slots: 0x0000020d4878e678 points into unknown readable memory: 0x0000428703d78cd4 | d4 8c d7 03 87 42 00 00
stack at sp + 1 slots: 0x0 is NULL
stack at sp + 2 slots: 0x0000020d4114c320 points into unknown readable memory: 0x0000020d1eef0fc0 | c0 0f ef 1e 0d 02 00 00
stack at sp + 3 slots: 0x0000016ed0f14322 is an unknown value
stack at sp + 4 slots: 0x0000000000000001 is an unknown value
stack at sp + 5 slots: 0x0000020d4cbd4248 GTII-OSD64-GL.dll
stack at sp + 6 slots: 0x0 is NULL
stack at sp + 7 slots: 0x0000000000003ca0 is an unknown value

VM_Operation (0x000000d8e60fdf10): Exit, mode: safepoint, requested by thread 0x0000020d410eb160


---------------  P R O C E S S  ---------------

Threads class SMR info:
_java_thread_list=0x0000020d41147c30, length=22, elements={
0x0000020d3fbc3d80, 0x0000020d3fbc4860, 0x0000020d3fbd8970, 0x0000020d3fbdc350,
0x0000020d3fbddd20, 0x0000020d3fbe9ba0, 0x0000020d3fbf2660, 0x0000020d3fbf3450,
0x0000020d3fba97c0, 0x0000020d406eec60, 0x0000020d406a44f0, 0x0000020d40d9da10,
0x0000020d410eb160, 0x0000020d410ebb00, 0x0000020d410eac90, 0x0000020d410ed7e0,
0x0000020d4c203f00, 0x0000020d4c202220, 0x0000020d4c2026f0, 0x0000020d4c201880,
0x0000020d4c2048a0, 0x0000020d4c203090
}

Java Threads: ( => current thread )
  0x0000020d3fbc3d80 JavaThread "Reference Handler" daemon [_thread_blocked, id=7996, stack(0x000000d8e4600000,0x000000d8e4700000)]
  0x0000020d3fbc4860 JavaThread "Finalizer" daemon [_thread_blocked, id=7672, stack(0x000000d8e4700000,0x000000d8e4800000)]
  0x0000020d3fbd8970 JavaThread "Signal Dispatcher" daemon [_thread_blocked, id=8288, stack(0x000000d8e4800000,0x000000d8e4900000)]
  0x0000020d3fbdc350 JavaThread "Attach Listener" daemon [_thread_blocked, id=8380, stack(0x000000d8e4900000,0x000000d8e4a00000)]
  0x0000020d3fbddd20 JavaThread "Service Thread" daemon [_thread_blocked, id=10344, stack(0x000000d8e4a00000,0x000000d8e4b00000)]
  0x0000020d3fbe9ba0 JavaThread "C2 CompilerThread0" daemon [_thread_blocked, id=7428, stack(0x000000d8e4b00000,0x000000d8e4c00000)]
  0x0000020d3fbf2660 JavaThread "C1 CompilerThread0" daemon [_thread_blocked, id=2884, stack(0x000000d8e4c00000,0x000000d8e4d00000)]
  0x0000020d3fbf3450 JavaThread "Sweeper thread" daemon [_thread_blocked, id=2132, stack(0x000000d8e4d00000,0x000000d8e4e00000)]
  0x0000020d3fba97c0 JavaThread "Common-Cleaner" daemon [_thread_blocked, id=14396, stack(0x000000d8e4e00000,0x000000d8e4f00000)]
  0x0000020d406eec60 JavaThread "Monitor Ctrl-Break" daemon [_thread_in_native, id=12232, stack(0x000000d8e4f00000,0x000000d8e5000000)]
  0x0000020d406a44f0 JavaThread "Notification Thread" daemon [_thread_blocked, id=10972, stack(0x000000d8e5000000,0x000000d8e5100000)]
  0x0000020d40d9da10 JavaThread "Java2D Disposer" daemon [_thread_blocked, id=14320, stack(0x000000d8e5200000,0x000000d8e5300000)]
  0x0000020d410eb160 JavaThread "main-Display-.windows_nil-1-EDT-1" daemon [_thread_blocked, id=10796, stack(0x000000d8e6000000,0x000000d8e6100000)]
  0x0000020d410ebb00 JavaThread "DestroyJavaVM" [_thread_blocked, id=11968, stack(0x000000d8e3f00000,0x000000d8e4000000)]
  0x0000020d410eac90 JavaThread "Java Sound Event Dispatcher" daemon [_thread_blocked, id=672, stack(0x000000d8e6700000,0x000000d8e6800000)]
  0x0000020d410ed7e0 JavaThread "Direct Clip" daemon [_thread_blocked, id=17332, stack(0x000000d8e6a00000,0x000000d8e6b00000)]
  0x0000020d4c203f00 JavaThread "Direct Clip" daemon [_thread_blocked, id=1328, stack(0x000000d8e6d00000,0x000000d8e6e00000)]
  0x0000020d4c202220 JavaThread "Direct Clip" daemon [_thread_blocked, id=10124, stack(0x000000d8e6e00000,0x000000d8e6f00000)]
  0x0000020d4c2026f0 JavaThread "Direct Clip" daemon [_thread_blocked, id=10732, stack(0x000000d8e6f00000,0x000000d8e7000000)]
  0x0000020d4c201880 JavaThread "Direct Clip" daemon [_thread_blocked, id=17184, stack(0x000000d8e7000000,0x000000d8e7100000)]
  0x0000020d4c2048a0 JavaThread "Direct Clip" daemon [_thread_blocked, id=16908, stack(0x000000d8e7200000,0x000000d8e7300000)]
  0x0000020d4c203090 JavaThread "AWT-Shutdown" [_thread_blocked, id=10760, stack(0x000000d8e7600000,0x000000d8e7700000)]

Other Threads:
=>0x0000020d3fbc25f0 VMThread "VM Thread" [stack: 0x000000d8e4500000,0x000000d8e4600000] [id=15520]
  0x0000020d21114470 GCTaskThread "GC Thread#0" [stack: 0x000000d8e4000000,0x000000d8e4100000] [id=10976]
  0x0000020d483b0b40 GCTaskThread "GC Thread#1" [stack: 0x000000d8e5300000,0x000000d8e5400000] [id=888]
  0x0000020d483b0e70 GCTaskThread "GC Thread#2" [stack: 0x000000d8e5700000,0x000000d8e5800000] [id=9160]
  0x0000020d483b4170 GCTaskThread "GC Thread#3" [stack: 0x000000d8e7100000,0x000000d8e7200000] [id=10532]
  0x0000020d211262e0 ConcurrentGCThread "G1 Main Marker" [stack: 0x000000d8e4100000,0x000000d8e4200000] [id=15392]
  0x0000020d21127580 ConcurrentGCThread "G1 Conc#0" [stack: 0x000000d8e4200000,0x000000d8e4300000] [id=17096]
  0x0000020d2119d1f0 ConcurrentGCThread "G1 Refine#0" [stack: 0x000000d8e4300000,0x000000d8e4400000] [id=2708]
  0x0000020d2119dd00 ConcurrentGCThread "G1 Young RemSet Sampling" [stack: 0x000000d8e4400000,0x000000d8e4500000] [id=13580]

Threads with active compile tasks:

VM state: at safepoint (shutting down)

VM Mutex/Monitor currently owned by a thread:  ([mutex/lock_event])
[0x0000020d1f01ea20] Threads_lock - owner thread: 0x0000020d3fbc25f0
[0x0000020d1f020640] Heap_lock - owner thread: 0x0000020d410eb160

Heap address: 0x0000000081000000, size: 2032 MB, Compressed Oops mode: 32-bit
CDS archive(s) mapped at: [0x0000000800000000-0x0000000800b50000-0x0000000800b50000), size 11862016, SharedBaseAddress: 0x0000000800000000, ArchiveRelocationMode: 0.
Compressed class space mapped at: 0x0000000800b50000-0x0000000840b50000, size: 1073741824
Narrow klass base: 0x0000000800000000, Narrow klass shift: 3, Narrow klass range: 0x100000000

GC Precious Log:
 CPUs: 8 total, 8 available
 Memory: 8125M
 Large Page Support: Disabled
 NUMA Support: Disabled
 Compressed Oops: Enabled (32-bit)
 Heap Region Size: 1M
 Heap Min Capacity: 8M
 Heap Initial Capacity: 128M
 Heap Max Capacity: 2032M
 Pre-touch: Disabled
 Parallel Workers: 8
 Concurrent Workers: 2
 Concurrent Refinement Workers: 8
 Periodic GC: Disabled

Heap:
 garbage-first heap   total 131072K, used 34604K [0x0000000081000000, 0x0000000100000000)
  region size 1024K, 9 young (9216K), 2 survivors (2048K)
 Metaspace       used 13629K, capacity 13900K, committed 14208K, reserved 1062912K
  class space    used 1068K, capacity 1136K, committed 1152K, reserved 1048576K

Heap Regions: E=young(eden), S=young(survivor), O=old, HS=humongous(starts), HC=humongous(continues), CS=collection set, F=free, OA=open archive, CA=closed archive, TAMS=top-at-mark-start (previous, next)
|   0|0x0000000081000000, 0x0000000081100000, 0x0000000081100000|100%| O|  |TAMS 0x0000000081000000, 0x0000000081000000| Untracked 
|   1|0x0000000081100000, 0x0000000081200000, 0x0000000081200000|100%| O|  |TAMS 0x0000000081100000, 0x0000000081100000| Untracked 
|   2|0x0000000081200000, 0x0000000081300000, 0x0000000081300000|100%|HS|  |TAMS 0x0000000081200000, 0x0000000081200000| Complete 
|   3|0x0000000081300000, 0x0000000081400000, 0x0000000081400000|100%|HC|  |TAMS 0x0000000081300000, 0x0000000081300000| Complete 
|   4|0x0000000081400000, 0x0000000081500000, 0x0000000081500000|100%|HC|  |TAMS 0x0000000081400000, 0x0000000081400000| Complete 
|   5|0x0000000081500000, 0x0000000081600000, 0x0000000081600000|100%|HC|  |TAMS 0x0000000081500000, 0x0000000081500000| Complete 
|   6|0x0000000081600000, 0x0000000081700000, 0x0000000081700000|100%|HC|  |TAMS 0x0000000081600000, 0x0000000081600000| Complete 
|   7|0x0000000081700000, 0x0000000081800000, 0x0000000081800000|100%|HC|  |TAMS 0x0000000081700000, 0x0000000081700000| Complete 
|   8|0x0000000081800000, 0x0000000081900000, 0x0000000081900000|100%|HC|  |TAMS 0x0000000081800000, 0x0000000081800000| Complete 
|   9|0x0000000081900000, 0x0000000081a00000, 0x0000000081a00000|100%|HC|  |TAMS 0x0000000081900000, 0x0000000081900000| Complete 
|  10|0x0000000081a00000, 0x0000000081b00000, 0x0000000081b00000|100%|HC|  |TAMS 0x0000000081a00000, 0x0000000081a00000| Complete 
|  11|0x0000000081b00000, 0x0000000081c00000, 0x0000000081c00000|100%|HC|  |TAMS 0x0000000081b00000, 0x0000000081b00000| Complete 
|  12|0x0000000081c00000, 0x0000000081d00000, 0x0000000081d00000|100%|HC|  |TAMS 0x0000000081c00000, 0x0000000081c00000| Complete 
|  13|0x0000000081d00000, 0x0000000081e00000, 0x0000000081e00000|100%|HC|  |TAMS 0x0000000081d00000, 0x0000000081d00000| Complete 
|  14|0x0000000081e00000, 0x0000000081f00000, 0x0000000081f00000|100%|HC|  |TAMS 0x0000000081e00000, 0x0000000081e00000| Complete 
|  15|0x0000000081f00000, 0x0000000082000000, 0x0000000082000000|100%|HC|  |TAMS 0x0000000081f00000, 0x0000000081f00000| Complete 
|  16|0x0000000082000000, 0x0000000082100000, 0x0000000082100000|100%|HC|  |TAMS 0x0000000082000000, 0x0000000082000000| Complete 
|  17|0x0000000082100000, 0x0000000082200000, 0x0000000082200000|100%|HC|  |TAMS 0x0000000082100000, 0x0000000082100000| Complete 
|  18|0x0000000082200000, 0x0000000082300000, 0x0000000082300000|100%|HC|  |TAMS 0x0000000082200000, 0x0000000082200000| Complete 
|  19|0x0000000082300000, 0x0000000082400000, 0x0000000082400000|100%|HC|  |TAMS 0x0000000082300000, 0x0000000082300000| Complete 
|  20|0x0000000082400000, 0x0000000082500000, 0x0000000082500000|100%|HC|  |TAMS 0x0000000082400000, 0x0000000082400000| Complete 
|  21|0x0000000082500000, 0x0000000082600000, 0x0000000082600000|100%|HC|  |TAMS 0x0000000082500000, 0x0000000082500000| Complete 
|  22|0x0000000082600000, 0x0000000082700000, 0x0000000082700000|100%|HC|  |TAMS 0x0000000082600000, 0x0000000082600000| Complete 
|  23|0x0000000082700000, 0x0000000082800000, 0x0000000082800000|100%|HC|  |TAMS 0x0000000082700000, 0x0000000082700000| Complete 
|  24|0x0000000082800000, 0x0000000082900000, 0x0000000082900000|100%|HC|  |TAMS 0x0000000082800000, 0x0000000082800000| Complete 
|  25|0x0000000082900000, 0x0000000082a00000, 0x0000000082a00000|100%|HC|  |TAMS 0x0000000082900000, 0x0000000082900000| Complete 
|  26|0x0000000082a00000, 0x0000000082b00000, 0x0000000082b00000|100%| O|  |TAMS 0x0000000082a00000, 0x0000000082a00000| Untracked 
|  27|0x0000000082b00000, 0x0000000082b88c00, 0x0000000082c00000| 53%| O|  |TAMS 0x0000000082b00000, 0x0000000082b00000| Untracked 
|  28|0x0000000082c00000, 0x0000000082c00000, 0x0000000082d00000|  0%| F|  |TAMS 0x0000000082c00000, 0x0000000082c00000| Untracked 
|  29|0x0000000082d00000, 0x0000000082d00000, 0x0000000082e00000|  0%| F|  |TAMS 0x0000000082d00000, 0x0000000082d00000| Untracked 
|  30|0x0000000082e00000, 0x0000000082e00000, 0x0000000082f00000|  0%| F|  |TAMS 0x0000000082e00000, 0x0000000082e00000| Untracked 
|  31|0x0000000082f00000, 0x0000000082f00000, 0x0000000083000000|  0%| F|  |TAMS 0x0000000082f00000, 0x0000000082f00000| Untracked 
|  32|0x0000000083000000, 0x0000000083000000, 0x0000000083100000|  0%| F|  |TAMS 0x0000000083000000, 0x0000000083000000| Untracked 
|  33|0x0000000083100000, 0x0000000083100000, 0x0000000083200000|  0%| F|  |TAMS 0x0000000083100000, 0x0000000083100000| Untracked 
|  34|0x0000000083200000, 0x0000000083200000, 0x0000000083300000|  0%| F|  |TAMS 0x0000000083200000, 0x0000000083200000| Untracked 
|  35|0x0000000083300000, 0x0000000083300000, 0x0000000083400000|  0%| F|  |TAMS 0x0000000083300000, 0x0000000083300000| Untracked 
|  36|0x0000000083400000, 0x0000000083400000, 0x0000000083500000|  0%| F|  |TAMS 0x0000000083400000, 0x0000000083400000| Untracked 
|  37|0x0000000083500000, 0x0000000083500000, 0x0000000083600000|  0%| F|  |TAMS 0x0000000083500000, 0x0000000083500000| Untracked 
|  38|0x0000000083600000, 0x0000000083600000, 0x0000000083700000|  0%| F|  |TAMS 0x0000000083600000, 0x0000000083600000| Untracked 
|  39|0x0000000083700000, 0x0000000083700000, 0x0000000083800000|  0%| F|  |TAMS 0x0000000083700000, 0x0000000083700000| Untracked 
|  40|0x0000000083800000, 0x0000000083800000, 0x0000000083900000|  0%| F|  |TAMS 0x0000000083800000, 0x0000000083800000| Untracked 
|  41|0x0000000083900000, 0x0000000083900000, 0x0000000083a00000|  0%| F|  |TAMS 0x0000000083900000, 0x0000000083900000| Untracked 
|  42|0x0000000083a00000, 0x0000000083a00000, 0x0000000083b00000|  0%| F|  |TAMS 0x0000000083a00000, 0x0000000083a00000| Untracked 
|  43|0x0000000083b00000, 0x0000000083b00000, 0x0000000083c00000|  0%| F|  |TAMS 0x0000000083b00000, 0x0000000083b00000| Untracked 
|  44|0x0000000083c00000, 0x0000000083c00000, 0x0000000083d00000|  0%| F|  |TAMS 0x0000000083c00000, 0x0000000083c00000| Untracked 
|  45|0x0000000083d00000, 0x0000000083d00000, 0x0000000083e00000|  0%| F|  |TAMS 0x0000000083d00000, 0x0000000083d00000| Untracked 
|  46|0x0000000083e00000, 0x0000000083e00000, 0x0000000083f00000|  0%| F|  |TAMS 0x0000000083e00000, 0x0000000083e00000| Untracked 
|  47|0x0000000083f00000, 0x0000000083f00000, 0x0000000084000000|  0%| F|  |TAMS 0x0000000083f00000, 0x0000000083f00000| Untracked 
|  48|0x0000000084000000, 0x0000000084000000, 0x0000000084100000|  0%| F|  |TAMS 0x0000000084000000, 0x0000000084000000| Untracked 
|  49|0x0000000084100000, 0x0000000084100000, 0x0000000084200000|  0%| F|  |TAMS 0x0000000084100000, 0x0000000084100000| Untracked 
|  50|0x0000000084200000, 0x0000000084200000, 0x0000000084300000|  0%| F|  |TAMS 0x0000000084200000, 0x0000000084200000| Untracked 
|  51|0x0000000084300000, 0x0000000084300000, 0x0000000084400000|  0%| F|  |TAMS 0x0000000084300000, 0x0000000084300000| Untracked 
|  52|0x0000000084400000, 0x0000000084400000, 0x0000000084500000|  0%| F|  |TAMS 0x0000000084400000, 0x0000000084400000| Untracked 
|  53|0x0000000084500000, 0x0000000084500000, 0x0000000084600000|  0%| F|  |TAMS 0x0000000084500000, 0x0000000084500000| Untracked 
|  54|0x0000000084600000, 0x0000000084600000, 0x0000000084700000|  0%| F|  |TAMS 0x0000000084600000, 0x0000000084600000| Untracked 
|  55|0x0000000084700000, 0x0000000084700000, 0x0000000084800000|  0%| F|  |TAMS 0x0000000084700000, 0x0000000084700000| Untracked 
|  56|0x0000000084800000, 0x0000000084800000, 0x0000000084900000|  0%| F|  |TAMS 0x0000000084800000, 0x0000000084800000| Untracked 
|  57|0x0000000084900000, 0x0000000084900000, 0x0000000084a00000|  0%| F|  |TAMS 0x0000000084900000, 0x0000000084900000| Untracked 
|  58|0x0000000084a00000, 0x0000000084a00000, 0x0000000084b00000|  0%| F|  |TAMS 0x0000000084a00000, 0x0000000084a00000| Untracked 
|  59|0x0000000084b00000, 0x0000000084b00000, 0x0000000084c00000|  0%| F|  |TAMS 0x0000000084b00000, 0x0000000084b00000| Untracked 
|  60|0x0000000084c00000, 0x0000000084c00000, 0x0000000084d00000|  0%| F|  |TAMS 0x0000000084c00000, 0x0000000084c00000| Untracked 
|  61|0x0000000084d00000, 0x0000000084d00000, 0x0000000084e00000|  0%| F|  |TAMS 0x0000000084d00000, 0x0000000084d00000| Untracked 
|  62|0x0000000084e00000, 0x0000000084e00000, 0x0000000084f00000|  0%| F|  |TAMS 0x0000000084e00000, 0x0000000084e00000| Untracked 
|  63|0x0000000084f00000, 0x0000000084f00000, 0x0000000085000000|  0%| F|  |TAMS 0x0000000084f00000, 0x0000000084f00000| Untracked 
|  64|0x0000000085000000, 0x0000000085000000, 0x0000000085100000|  0%| F|  |TAMS 0x0000000085000000, 0x0000000085000000| Untracked 
|  65|0x0000000085100000, 0x0000000085100000, 0x0000000085200000|  0%| F|  |TAMS 0x0000000085100000, 0x0000000085100000| Untracked 
|  66|0x0000000085200000, 0x0000000085200000, 0x0000000085300000|  0%| F|  |TAMS 0x0000000085200000, 0x0000000085200000| Untracked 
|  67|0x0000000085300000, 0x0000000085300000, 0x0000000085400000|  0%| F|  |TAMS 0x0000000085300000, 0x0000000085300000| Untracked 
|  68|0x0000000085400000, 0x0000000085400000, 0x0000000085500000|  0%| F|  |TAMS 0x0000000085400000, 0x0000000085400000| Untracked 
|  69|0x0000000085500000, 0x0000000085500000, 0x0000000085600000|  0%| F|  |TAMS 0x0000000085500000, 0x0000000085500000| Untracked 
|  70|0x0000000085600000, 0x0000000085600000, 0x0000000085700000|  0%| F|  |TAMS 0x0000000085600000, 0x0000000085600000| Untracked 
|  71|0x0000000085700000, 0x0000000085700000, 0x0000000085800000|  0%| F|  |TAMS 0x0000000085700000, 0x0000000085700000| Untracked 
|  72|0x0000000085800000, 0x0000000085800000, 0x0000000085900000|  0%| F|  |TAMS 0x0000000085800000, 0x0000000085800000| Untracked 
|  73|0x0000000085900000, 0x0000000085900000, 0x0000000085a00000|  0%| F|  |TAMS 0x0000000085900000, 0x0000000085900000| Untracked 
|  74|0x0000000085a00000, 0x0000000085a00000, 0x0000000085b00000|  0%| F|  |TAMS 0x0000000085a00000, 0x0000000085a00000| Untracked 
|  75|0x0000000085b00000, 0x0000000085b00000, 0x0000000085c00000|  0%| F|  |TAMS 0x0000000085b00000, 0x0000000085b00000| Untracked 
|  76|0x0000000085c00000, 0x0000000085c00000, 0x0000000085d00000|  0%| F|  |TAMS 0x0000000085c00000, 0x0000000085c00000| Untracked 
|  77|0x0000000085d00000, 0x0000000085d00000, 0x0000000085e00000|  0%| F|  |TAMS 0x0000000085d00000, 0x0000000085d00000| Untracked 
|  78|0x0000000085e00000, 0x0000000085e00000, 0x0000000085f00000|  0%| F|  |TAMS 0x0000000085e00000, 0x0000000085e00000| Untracked 
|  79|0x0000000085f00000, 0x0000000085f00000, 0x0000000086000000|  0%| F|  |TAMS 0x0000000085f00000, 0x0000000085f00000| Untracked 
|  80|0x0000000086000000, 0x0000000086000000, 0x0000000086100000|  0%| F|  |TAMS 0x0000000086000000, 0x0000000086000000| Untracked 
|  81|0x0000000086100000, 0x0000000086100000, 0x0000000086200000|  0%| F|  |TAMS 0x0000000086100000, 0x0000000086100000| Untracked 
|  82|0x0000000086200000, 0x0000000086200000, 0x0000000086300000|  0%| F|  |TAMS 0x0000000086200000, 0x0000000086200000| Untracked 
|  83|0x0000000086300000, 0x0000000086300000, 0x0000000086400000|  0%| F|  |TAMS 0x0000000086300000, 0x0000000086300000| Untracked 
|  84|0x0000000086400000, 0x0000000086400000, 0x0000000086500000|  0%| F|  |TAMS 0x0000000086400000, 0x0000000086400000| Untracked 
|  85|0x0000000086500000, 0x0000000086500000, 0x0000000086600000|  0%| F|  |TAMS 0x0000000086500000, 0x0000000086500000| Untracked 
|  86|0x0000000086600000, 0x0000000086600000, 0x0000000086700000|  0%| F|  |TAMS 0x0000000086600000, 0x0000000086600000| Untracked 
|  87|0x0000000086700000, 0x0000000086700000, 0x0000000086800000|  0%| F|  |TAMS 0x0000000086700000, 0x0000000086700000| Untracked 
|  88|0x0000000086800000, 0x0000000086800000, 0x0000000086900000|  0%| F|  |TAMS 0x0000000086800000, 0x0000000086800000| Untracked 
|  89|0x0000000086900000, 0x0000000086900000, 0x0000000086a00000|  0%| F|  |TAMS 0x0000000086900000, 0x0000000086900000| Untracked 
|  90|0x0000000086a00000, 0x0000000086a00000, 0x0000000086b00000|  0%| F|  |TAMS 0x0000000086a00000, 0x0000000086a00000| Untracked 
|  91|0x0000000086b00000, 0x0000000086b00000, 0x0000000086c00000|  0%| F|  |TAMS 0x0000000086b00000, 0x0000000086b00000| Untracked 
|  92|0x0000000086c00000, 0x0000000086c00000, 0x0000000086d00000|  0%| F|  |TAMS 0x0000000086c00000, 0x0000000086c00000| Untracked 
|  93|0x0000000086d00000, 0x0000000086d00000, 0x0000000086e00000|  0%| F|  |TAMS 0x0000000086d00000, 0x0000000086d00000| Untracked 
|  94|0x0000000086e00000, 0x0000000086e426d0, 0x0000000086f00000| 25%| S|CS|TAMS 0x0000000086e00000, 0x0000000086e00000| Complete 
|  95|0x0000000086f00000, 0x0000000087000000, 0x0000000087000000|100%| S|CS|TAMS 0x0000000086f00000, 0x0000000086f00000| Complete 
|  96|0x0000000087000000, 0x0000000087000000, 0x0000000087100000|  0%| F|  |TAMS 0x0000000087000000, 0x0000000087000000| Untracked 
|  97|0x0000000087100000, 0x0000000087100000, 0x0000000087200000|  0%| F|  |TAMS 0x0000000087100000, 0x0000000087100000| Untracked 
|  98|0x0000000087200000, 0x0000000087200000, 0x0000000087300000|  0%| F|  |TAMS 0x0000000087200000, 0x0000000087200000| Untracked 
|  99|0x0000000087300000, 0x0000000087300000, 0x0000000087400000|  0%| F|  |TAMS 0x0000000087300000, 0x0000000087300000| Untracked 
| 100|0x0000000087400000, 0x0000000087400000, 0x0000000087500000|  0%| F|  |TAMS 0x0000000087400000, 0x0000000087400000| Untracked 
| 101|0x0000000087500000, 0x0000000087500000, 0x0000000087600000|  0%| F|  |TAMS 0x0000000087500000, 0x0000000087500000| Untracked 
| 102|0x0000000087600000, 0x0000000087600000, 0x0000000087700000|  0%| F|  |TAMS 0x0000000087600000, 0x0000000087600000| Untracked 
| 103|0x0000000087700000, 0x0000000087700000, 0x0000000087800000|  0%| F|  |TAMS 0x0000000087700000, 0x0000000087700000| Untracked 
| 104|0x0000000087800000, 0x0000000087800000, 0x0000000087900000|  0%| F|  |TAMS 0x0000000087800000, 0x0000000087800000| Untracked 
| 105|0x0000000087900000, 0x0000000087900000, 0x0000000087a00000|  0%| F|  |TAMS 0x0000000087900000, 0x0000000087900000| Untracked 
| 106|0x0000000087a00000, 0x0000000087a00000, 0x0000000087b00000|  0%| F|  |TAMS 0x0000000087a00000, 0x0000000087a00000| Untracked 
| 107|0x0000000087b00000, 0x0000000087b00000, 0x0000000087c00000|  0%| F|  |TAMS 0x0000000087b00000, 0x0000000087b00000| Untracked 
| 108|0x0000000087c00000, 0x0000000087c00000, 0x0000000087d00000|  0%| F|  |TAMS 0x0000000087c00000, 0x0000000087c00000| Untracked 
| 109|0x0000000087d00000, 0x0000000087d00000, 0x0000000087e00000|  0%| F|  |TAMS 0x0000000087d00000, 0x0000000087d00000| Untracked 
| 110|0x0000000087e00000, 0x0000000087e00000, 0x0000000087f00000|  0%| F|  |TAMS 0x0000000087e00000, 0x0000000087e00000| Untracked 
| 111|0x0000000087f00000, 0x0000000087f00000, 0x0000000088000000|  0%| F|  |TAMS 0x0000000087f00000, 0x0000000087f00000| Untracked 
| 112|0x0000000088000000, 0x0000000088000000, 0x0000000088100000|  0%| F|  |TAMS 0x0000000088000000, 0x0000000088000000| Untracked 
| 113|0x0000000088100000, 0x0000000088100000, 0x0000000088200000|  0%| F|  |TAMS 0x0000000088100000, 0x0000000088100000| Untracked 
| 114|0x0000000088200000, 0x0000000088200000, 0x0000000088300000|  0%| F|  |TAMS 0x0000000088200000, 0x0000000088200000| Untracked 
| 115|0x0000000088300000, 0x0000000088300000, 0x0000000088400000|  0%| F|  |TAMS 0x0000000088300000, 0x0000000088300000| Untracked 
| 116|0x0000000088400000, 0x0000000088400000, 0x0000000088500000|  0%| F|  |TAMS 0x0000000088400000, 0x0000000088400000| Untracked 
| 117|0x0000000088500000, 0x0000000088500000, 0x0000000088600000|  0%| F|  |TAMS 0x0000000088500000, 0x0000000088500000| Untracked 
| 118|0x0000000088600000, 0x0000000088600000, 0x0000000088700000|  0%| F|  |TAMS 0x0000000088600000, 0x0000000088600000| Untracked 
| 119|0x0000000088700000, 0x0000000088700000, 0x0000000088800000|  0%| F|  |TAMS 0x0000000088700000, 0x0000000088700000| Untracked 
| 120|0x0000000088800000, 0x0000000088800000, 0x0000000088900000|  0%| F|  |TAMS 0x0000000088800000, 0x0000000088800000| Untracked 
| 121|0x0000000088900000, 0x0000000088900800, 0x0000000088a00000|  0%| E|  |TAMS 0x0000000088900000, 0x0000000088900000| Complete 
| 122|0x0000000088a00000, 0x0000000088b00000, 0x0000000088b00000|100%| E|CS|TAMS 0x0000000088a00000, 0x0000000088a00000| Complete 
| 123|0x0000000088b00000, 0x0000000088c00000, 0x0000000088c00000|100%| E|CS|TAMS 0x0000000088b00000, 0x0000000088b00000| Complete 
| 124|0x0000000088c00000, 0x0000000088d00000, 0x0000000088d00000|100%| E|  |TAMS 0x0000000088c00000, 0x0000000088c00000| Complete 
| 125|0x0000000088d00000, 0x0000000088e00000, 0x0000000088e00000|100%| E|CS|TAMS 0x0000000088d00000, 0x0000000088d00000| Complete 
| 126|0x0000000088e00000, 0x0000000088f00000, 0x0000000088f00000|100%| E|CS|TAMS 0x0000000088e00000, 0x0000000088e00000| Complete 
| 127|0x0000000088f00000, 0x0000000089000000, 0x0000000089000000|100%| E|CS|TAMS 0x0000000088f00000, 0x0000000088f00000| Complete 

Card table byte_map: [0x0000020d38a20000,0x0000020d38e20000] _byte_map_base: 0x0000020d38618000

Marking Bits (Prev, Next): (CMBitMap*) 0x0000020d21115b80, (CMBitMap*) 0x0000020d21115bc0
 Prev Bits: [0x0000020d39220000, 0x0000020d3b1e0000)
 Next Bits: [0x0000020d3b1e0000, 0x0000020d3d1a0000)

Polling page: 0x0000020d1efa0000

Metaspace:

Usage:
  Non-class:     12.46 MB capacity,    12.27 MB ( 98%) used,   187.26 KB (  1%) free+waste,    15.63 KB ( <1%) overhead. 
      Class:      1.11 MB capacity,     1.04 MB ( 94%) used,    62.85 KB (  6%) free+waste,     5.00 KB ( <1%) overhead. 
       Both:     13.57 MB capacity,    13.31 MB ( 98%) used,   250.11 KB (  2%) free+waste,    20.63 KB ( <1%) overhead. 

Virtual space:
  Non-class space:       14.00 MB reserved,      12.75 MB ( 91%) committed 
      Class space:        1.00 GB reserved,       1.13 MB ( <1%) committed 
             Both:        1.01 GB reserved,      13.88 MB (  1%) committed 

Chunk freelists:
   Non-Class:  164.00 KB
       Class:  16.00 KB
        Both:  180.00 KB

MaxMetaspaceSize: 17179869184.00 GB
CompressedClassSpaceSize: 1.00 GB

CodeHeap 'non-profiled nmethods': size=120000Kb used=654Kb max_used=654Kb free=119345Kb
 bounds [0x0000020d30dc0000, 0x0000020d31030000, 0x0000020d382f0000]
CodeHeap 'profiled nmethods': size=120000Kb used=3317Kb max_used=3317Kb free=116682Kb
 bounds [0x0000020d29890000, 0x0000020d29bd0000, 0x0000020d30dc0000]
CodeHeap 'non-nmethods': size=5760Kb used=1574Kb max_used=1589Kb free=4185Kb
 bounds [0x0000020d292f0000, 0x0000020d29560000, 0x0000020d29890000]
 total_blobs=2907 nmethods=1957 adapters=863
 compilation: enabled
              stopped_count=0, restarted_count=0
 full_count=0

Compilation events (20 events):
Event: 9.257 Thread 0x0000020d3fbe9ba0 1946       4       sun.java2d.SurfaceData::canRenderParallelograms (137 bytes)
Event: 9.259 Thread 0x0000020d3fbe9ba0 nmethod 1946 0x0000020d30e61b90 code [0x0000020d30e61d40, 0x0000020d30e61ec8]
Event: 9.325 Thread 0x0000020d3fbf2660 1949       3       com.jogamp.opengl.util.awt.TextRenderer$Manager::allocateBackingStore (102 bytes)
Event: 9.325 Thread 0x0000020d3fbf2660 nmethod 1949 0x0000020d29bc1d10 code [0x0000020d29bc1ee0, 0x0000020d29bc2228]
Event: 9.327 Thread 0x0000020d3fbf2660 1950       3       com.jogamp.opengl.util.awt.TextRenderer$Pipelined_QuadRenderer::drawVertexArrays (236 bytes)
Event: 9.328 Thread 0x0000020d3fbf2660 nmethod 1950 0x0000020d29bc2410 code [0x0000020d29bc2720, 0x0000020d29bc3828]
Event: 9.357 Thread 0x0000020d3fbf2660 1951       3       com.jogamp.opengl.util.texture.TextureIO::newTexture (8 bytes)
Event: 9.358 Thread 0x0000020d3fbf2660 nmethod 1951 0x0000020d29bc3e90 code [0x0000020d29bc4080, 0x0000020d29bc44e8]
Event: 9.358 Thread 0x0000020d3fbf2660 1952       3       com.jogamp.opengl.util.texture.TextureIO::newTexture (24 bytes)
Event: 9.358 Thread 0x0000020d3fbf2660 nmethod 1952 0x0000020d29bc4710 code [0x0000020d29bc48e0, 0x0000020d29bc4cb8]
Event: 9.390 Thread 0x0000020d3fbf2660 1953       3       sun.font.SunFontManager::findFont2D (1001 bytes)
Event: 9.397 Thread 0x0000020d3fbf2660 nmethod 1953 0x0000020d29bc4e90 code [0x0000020d29bc58e0, 0x0000020d29bcb948]
Event: 9.423 Thread 0x0000020d3fbe9ba0 1954       4       java.awt.image.BufferedImage::getWidth (8 bytes)
Event: 9.424 Thread 0x0000020d3fbe9ba0 nmethod 1954 0x0000020d30e62090 code [0x0000020d30e62200, 0x0000020d30e62278]
Event: 9.441 Thread 0x0000020d3fbe9ba0 1955       4       com.jogamp.common.nio.Buffers::isDirect (69 bytes)
Event: 9.442 Thread 0x0000020d3fbe9ba0 nmethod 1955 0x0000020d30e62390 code [0x0000020d30e62520, 0x0000020d30e625b8]
Event: 9.445 Thread 0x0000020d3fbe9ba0 1956       4       java.lang.AbstractStringBuilder::append (77 bytes)
Event: 9.451 Thread 0x0000020d3fbe9ba0 nmethod 1956 0x0000020d30e62690 code [0x0000020d30e62820, 0x0000020d30e62d38]
Event: 9.520 Thread 0x0000020d3fbe9ba0 1957       4       java.util.HashSet::contains (9 bytes)
Event: 9.528 Thread 0x0000020d3fbe9ba0 nmethod 1957 0x0000020d30e63010 code [0x0000020d30e631c0, 0x0000020d30e63648]

GC Heap History (4 events):
Event: 2.600 GC heap before
{Heap before GC invocations=0 (full 0):
 garbage-first heap   total 131072K, used 23552K [0x0000000081000000, 0x0000000100000000)
  region size 1024K, 23 young (23552K), 0 survivors (0K)
 Metaspace       used 9671K, capacity 9909K, committed 10368K, reserved 1058816K
  class space    used 741K, capacity 809K, committed 896K, reserved 1048576K
}
Event: 2.618 GC heap after
{Heap after GC invocations=1 (full 0):
 garbage-first heap   total 131072K, used 3730K [0x0000000081000000, 0x0000000100000000)
  region size 1024K, 3 young (3072K), 3 survivors (3072K)
 Metaspace       used 9671K, capacity 9909K, committed 10368K, reserved 1058816K
  class space    used 741K, capacity 809K, committed 896K, reserved 1048576K
}
Event: 8.649 GC heap before
{Heap before GC invocations=1 (full 0):
 garbage-first heap   total 131072K, used 56978K [0x0000000081000000, 0x0000000100000000)
  region size 1024K, 32 young (32768K), 3 survivors (3072K)
 Metaspace       used 13460K, capacity 13675K, committed 13952K, reserved 1062912K
  class space    used 1063K, capacity 1104K, committed 1152K, reserved 1048576K
}
Event: 8.654 GC heap after
{Heap after GC invocations=2 (full 0):
 garbage-first heap   total 131072K, used 29484K [0x0000000081000000, 0x0000000100000000)
  region size 1024K, 2 young (2048K), 2 survivors (2048K)
 Metaspace       used 13460K, capacity 13675K, committed 13952K, reserved 1062912K
  class space    used 1063K, capacity 1104K, committed 1152K, reserved 1048576K
}

Deoptimization events (20 events):
Event: 2.656 Thread 0x0000020d47cd2a70 DEOPT PACKING pc=0x0000020d29a0d9ae sp=0x000000d8e58fea30
Event: 2.656 Thread 0x0000020d47cd2a70 DEOPT UNPACKING pc=0x0000020d2933df30 sp=0x000000d8e58fded8 mode 0
Event: 2.656 Thread 0x0000020d47cd2a70 DEOPT PACKING pc=0x0000020d29a0d9ae sp=0x000000d8e58fea30
Event: 2.656 Thread 0x0000020d47cd2a70 DEOPT UNPACKING pc=0x0000020d2933df30 sp=0x000000d8e58fded8 mode 0
Event: 2.677 Thread 0x0000020d47cd2a70 DEOPT PACKING pc=0x0000020d29a0d9ae sp=0x000000d8e58fea30
Event: 2.678 Thread 0x0000020d47cd2a70 DEOPT UNPACKING pc=0x0000020d2933df30 sp=0x000000d8e58fded8 mode 0
Event: 2.751 Thread 0x0000020d210d4990 Uncommon trap: trap_request=0xffffff45 fr.pc=0x0000020d30e0bd24 relative=0x0000000000000084
Event: 2.751 Thread 0x0000020d210d4990 Uncommon trap: reason=unstable_if action=reinterpret pc=0x0000020d30e0bd24 method=java.lang.reflect.AccessibleObject.checkCanSetAccessible(Ljava/lang/Class;Ljava/lang/Class;Z)Z @ 30 c2
Event: 2.751 Thread 0x0000020d210d4990 DEOPT PACKING pc=0x0000020d30e0bd24 sp=0x000000d8e3fff020
Event: 2.751 Thread 0x0000020d210d4990 DEOPT UNPACKING pc=0x0000020d2933e129 sp=0x000000d8e3ffef80 mode 2
Event: 2.779 Thread 0x0000020d410eb160 Uncommon trap: trap_request=0xffffff45 fr.pc=0x0000020d30e105f4 relative=0x0000000000000254
Event: 2.779 Thread 0x0000020d410eb160 Uncommon trap: reason=unstable_if action=reinterpret pc=0x0000020d30e105f4 method=java.util.HashMap.putVal(ILjava/lang/Object;Ljava/lang/Object;ZZ)Ljava/lang/Object; @ 162 c2
Event: 2.779 Thread 0x0000020d410eb160 DEOPT PACKING pc=0x0000020d30e105f4 sp=0x000000d8e60fea40
Event: 2.779 Thread 0x0000020d410eb160 DEOPT UNPACKING pc=0x0000020d2933e129 sp=0x000000d8e60fe988 mode 2
Event: 3.234 Thread 0x0000020d410eb630 Uncommon trap: trap_request=0xffffff45 fr.pc=0x0000020d30dfe930 relative=0x00000000000002b0
Event: 3.234 Thread 0x0000020d410eb630 Uncommon trap: reason=unstable_if action=reinterpret pc=0x0000020d30dfe930 method=java.lang.StringUTF16.compress([CI[BII)I @ 20 c2
Event: 3.234 Thread 0x0000020d410eb630 DEOPT PACKING pc=0x0000020d30dfe930 sp=0x000000d8e61fd2c0
Event: 3.234 Thread 0x0000020d410eb630 DEOPT UNPACKING pc=0x0000020d2933e129 sp=0x000000d8e61fd240 mode 2
Event: 7.964 Thread 0x0000020d410eb630 DEOPT PACKING pc=0x0000020d29b49d3f sp=0x000000d8e61fe4f0
Event: 7.964 Thread 0x0000020d410eb630 DEOPT UNPACKING pc=0x0000020d2933df30 sp=0x000000d8e61fd9a0 mode 0

Classes unloaded (0 events):
No events

Classes redefined (0 events):
No events

Internal exceptions (17 events):
Event: 0.166 Thread 0x0000020d406eec60 Exception <a 'java/lang/NoSuchMethodError'{0x0000000088d08948}: 'java.lang.Object java.lang.invoke.DirectMethodHandle$Holder.invokeStatic(java.lang.Object)'> (0x0000000088d08948) 
thrown [./open/src/hotspot/share/interpreter/linkResolver.cpp, line 782]
Event: 0.167 Thread 0x0000020d406eec60 Exception <a 'java/lang/NoSuchMethodError'{0x0000000088d0c258}: 'java.lang.Object java.lang.invoke.DirectMethodHandle$Holder.invokeStaticInit(java.lang.Object)'> (0x0000000088d0c258) 
thrown [./open/src/hotspot/share/interpreter/linkResolver.cpp, line 782]
Event: 0.174 Thread 0x0000020d406eec60 Exception <a 'java/lang/NoSuchMethodError'{0x0000000088d195f8}: 'void java.lang.invoke.DirectMethodHandle$Holder.invokeStatic(java.lang.Object, java.lang.Object)'> (0x0000000088d195f8) 
thrown [./open/src/hotspot/share/interpreter/linkResolver.cpp, line 782]
Event: 0.242 Thread 0x0000020d210d4990 Exception <a 'java/lang/NoSuchMethodError'{0x0000000088ca6800}: 'void java.lang.invoke.DirectMethodHandle$Holder.invokeStaticInit(java.lang.Object, java.lang.Object)'> (0x0000000088ca6800) 
thrown [./open/src/hotspot/share/interpreter/linkResolver.cpp, line 782]
Event: 0.253 Thread 0x0000020d210d4990 Exception <a 'java/lang/NoSuchMethodError'{0x0000000088cd3a80}: 'java.lang.Object java.lang.invoke.DirectMethodHandle$Holder.invokeStaticInit(java.lang.Object, int, int, int, int)'> (0x0000000088cd3a80) 
thrown [./open/src/hotspot/share/interpreter/linkResolver.cpp, line 782]
Event: 0.332 Thread 0x0000020d210d4990 Exception <a 'java/lang/NoSuchMethodError'{0x0000000088b5f730}: 'java.lang.Object java.lang.invoke.DirectMethodHandle$Holder.invokeStaticInit(java.lang.Object, java.lang.Object, int, int, int, int)'> (0x0000000088b5f730) 
thrown [./open/src/hotspot/share/interpreter/linkResolver.cpp, line 782]
Event: 0.376 Thread 0x0000020d210d4990 Exception <a 'java/lang/NoSuchMethodError'{0x0000000088b7dc90}: 'void java.lang.invoke.DirectMethodHandle$Holder.invokeStatic(java.lang.Object, long)'> (0x0000000088b7dc90) 
thrown [./open/src/hotspot/share/interpreter/linkResolver.cpp, line 782]
Event: 0.377 Thread 0x0000020d210d4990 Exception <a 'java/lang/NoSuchMethodError'{0x0000000088b83850}: 'java.lang.Object java.lang.invoke.DirectMethodHandle$Holder.newInvokeSpecial(java.lang.Object, long)'> (0x0000000088b83850) 
thrown [./open/src/hotspot/share/interpreter/linkResolver.cpp, line 782]
Event: 0.381 Thread 0x0000020d210d4990 Exception <a 'java/lang/NoSuchMethodError'{0x0000000088b8e878}: 'java.lang.Object java.lang.invoke.DirectMethodHandle$Holder.invokeStaticInit(java.lang.Object, java.lang.Object, long, java.lang.Object)'> (0x0000000088b8e878) 
thrown [./open/src/hotspot/share/interpreter/linkResolver.cpp, line 782]
Event: 0.382 Thread 0x0000020d210d4990 Exception <a 'java/lang/NoSuchMethodError'{0x0000000088b95390}: 'java.lang.Object java.lang.invoke.DirectMethodHandle$Holder.newInvokeSpecial(java.lang.Object, java.lang.Object, long)'> (0x0000000088b95390) 
thrown [./open/src/hotspot/share/interpreter/linkResolver.cpp, line 782]
Event: 0.383 Thread 0x0000020d210d4990 Exception <a 'java/lang/NoSuchMethodError'{0x0000000088b99780}: 'java.lang.Object java.lang.invoke.Invokers$Holder.linkToTargetMethod(java.lang.Object, long, java.lang.Object)'> (0x0000000088b99780) 
thrown [./open/src/hotspot/share/interpreter/linkResolver.cpp, line 782]
Event: 0.552 Thread 0x0000020d210d4990 Exception <a 'java/lang/ClassNotFoundException'{0x00000000889b17c0}: sun/awt/resources/spi/awtProvider> (0x00000000889b17c0) 
thrown [./open/src/hotspot/share/classfile/systemDictionary.cpp, line 295]
Event: 0.580 Thread 0x0000020d210d4990 Exception <a 'java/io/FileNotFoundException'{0x00000000889fab08}> (0x00000000889fab08) 
thrown [./open/src/hotspot/share/prims/jni.cpp, line 578]
Event: 0.591 Thread 0x0000020d210d4990 Exception <a 'java/io/FileNotFoundException'{0x000000008882a048}> (0x000000008882a048) 
thrown [./open/src/hotspot/share/prims/jni.cpp, line 578]
Event: 0.595 Thread 0x0000020d210d4990 Exception <a 'java/lang/NoSuchMethodError'{0x000000008882cf20}: 'void java.lang.invoke.DirectMethodHandle$Holder.invokeSpecial(java.lang.Object, java.lang.Object, java.lang.Object)'> (0x000000008882cf20) 
thrown [./open/src/hotspot/share/interpreter/linkResolver.cpp, line 782]
Event: 9.445 Thread 0x0000020d4c202bc0 JVM_StopThread thread JavaThread 0x0000020d410eb630 as oop 0x0000000086f21580 [exception 0x000000d8e73ff170]
Event: 9.445 Thread 0x0000020d410eb630 Exception <a 'java/lang/ThreadDeath'{0x0000000088a02a70}> (0x0000000088a02a70) 
thrown [./open/src/hotspot/share/runtime/objectMonitor.cpp, line 1545]

Events (20 events):
Event: 8.654 Executing VM operation: HandshakeAllThreads
Event: 8.654 Executing VM operation: HandshakeAllThreads done
Event: 8.815 Thread 0x0000020d4c2048a0 Thread added: 0x0000020d4c2048a0
Event: 9.102 Loaded shared library C:\Users\yurib\AppData\Local\Temp\jogamp_0000\file_cache\jln3171023593364528208\jln15098469243258375115\natives\windows-amd64\nativewindow_win32.dll
Event: 9.196 Loaded shared library C:\Users\yurib\AppData\Local\Temp\jogamp_0000\file_cache\jln3171023593364528208\jln15098469243258375115\natives\windows-amd64\nativewindow_win32.dll
Event: 9.444 Thread 0x0000020d4c202bc0 Thread added: 0x0000020d4c202bc0
Event: 9.444 Thread 0x0000020d4c204d70 Thread added: 0x0000020d4c204d70
Event: 9.444 Thread 0x0000020d4c2013b0 Thread added: 0x0000020d4c2013b0
Event: 9.445 Thread 0x0000020d4c203090 Thread added: 0x0000020d4c203090
Event: 9.445 loading class java/nio/channels/ClosedChannelException
Event: 9.445 loading class java/nio/channels/ClosedChannelException done
Event: 9.445 Executing VM operation: HandshakeOneThread
Event: 9.445 Thread 0x0000020d4c2013b0 Thread exited: 0x0000020d4c2013b0
Event: 9.445 Executing VM operation: HandshakeOneThread done
Event: 9.445 Thread 0x0000020d410eb630 Thread exited: 0x0000020d410eb630
Event: 9.468 Thread 0x0000020d40d9f090 Thread exited: 0x0000020d40d9f090
Event: 9.516 Thread 0x0000020d47cd2a70 Thread exited: 0x0000020d47cd2a70
Event: 9.521 Thread 0x0000020d4c202bc0 Thread exited: 0x0000020d4c202bc0
Event: 9.545 Thread 0x0000020d4c204d70 Thread exited: 0x0000020d4c204d70
Event: 9.546 Executing VM operation: Exit


Dynamic libraries:
0x00007ff6bd960000 - 0x00007ff6bd96d000 	C:\Users\yurib\.jdks\openjdk-15\bin\java.exe
0x00007ffe0dae0000 - 0x00007ffe0dcd0000 	C:\Windows\SYSTEM32\ntdll.dll
0x00007ffe0cba0000 - 0x00007ffe0cc52000 	C:\Windows\System32\KERNEL32.DLL
0x00007ffe0b540000 - 0x00007ffe0b7e5000 	C:\Windows\System32\KERNELBASE.dll
0x00007ffe0b310000 - 0x00007ffe0b40a000 	C:\Windows\System32\ucrtbase.dll
0x00007ffe003b0000 - 0x00007ffe003c9000 	C:\Users\yurib\.jdks\openjdk-15\bin\VCRUNTIME140.dll
0x00007ffe00390000 - 0x00007ffe003a8000 	C:\Users\yurib\.jdks\openjdk-15\bin\jli.dll
0x00007ffe0ca00000 - 0x00007ffe0cb94000 	C:\Windows\System32\USER32.dll
0x00007ffdf6120000 - 0x00007ffdf63a4000 	C:\Windows\WinSxS\amd64_microsoft.windows.common-controls_6595b64144ccf1df_6.0.18362.1139_none_9e7bf2d3e4605ac6\COMCTL32.dll
0x00007ffe0b1f0000 - 0x00007ffe0b211000 	C:\Windows\System32\win32u.dll
0x00007ffe0da00000 - 0x00007ffe0da9e000 	C:\Windows\System32\msvcrt.dll
0x00007ffe0cf30000 - 0x00007ffe0cf56000 	C:\Windows\System32\GDI32.dll
0x00007ffe0bcd0000 - 0x00007ffe0c005000 	C:\Windows\System32\combase.dll
0x00007ffe0b7f0000 - 0x00007ffe0b986000 	C:\Windows\System32\gdi32full.dll
0x00007ffe0c830000 - 0x00007ffe0c950000 	C:\Windows\System32\RPCRT4.dll
0x00007ffe0b220000 - 0x00007ffe0b2be000 	C:\Windows\System32\msvcp_win.dll
0x00007ffe0b410000 - 0x00007ffe0b490000 	C:\Windows\System32\bcryptPrimitives.dll
0x00007ffe0d9d0000 - 0x00007ffe0d9fe000 	C:\Windows\System32\IMM32.DLL
0x00007ffe00330000 - 0x00007ffe0033c000 	C:\Users\yurib\.jdks\openjdk-15\bin\vcruntime140_1.dll
0x00007ffde5b00000 - 0x00007ffde5b91000 	C:\Users\yurib\.jdks\openjdk-15\bin\msvcp140.dll
0x00007ffddb0b0000 - 0x00007ffddbc0c000 	C:\Users\yurib\.jdks\openjdk-15\bin\server\jvm.dll
0x00007ffe0d920000 - 0x00007ffe0d9c3000 	C:\Windows\System32\ADVAPI32.dll
0x00007ffe0c210000 - 0x00007ffe0c2a7000 	C:\Windows\System32\sechost.dll
0x00007ffe0d740000 - 0x00007ffe0d748000 	C:\Windows\System32\PSAPI.DLL
0x00007ffe088d0000 - 0x00007ffe088f4000 	C:\Windows\SYSTEM32\WINMM.dll
0x00007ffdf92c0000 - 0x00007ffdf92c9000 	C:\Windows\SYSTEM32\WSOCK32.dll
0x00007ffe0cec0000 - 0x00007ffe0cf2f000 	C:\Windows\System32\WS2_32.dll
0x00007ffe087c0000 - 0x00007ffe087ed000 	C:\Windows\SYSTEM32\winmmbase.dll
0x00007ffe04430000 - 0x00007ffe0443a000 	C:\Windows\SYSTEM32\VERSION.dll
0x00007ffe0bb40000 - 0x00007ffe0bb8a000 	C:\Windows\System32\cfgmgr32.dll
0x00007ffe0a9e0000 - 0x00007ffe0a9f1000 	C:\Windows\System32\kernel.appcore.dll
0x00007ffdf35b0000 - 0x00007ffdf35ba000 	C:\Users\yurib\.jdks\openjdk-15\bin\jimage.dll
0x00007ffdf77d0000 - 0x00007ffdf79c4000 	C:\Windows\SYSTEM32\DBGHELP.DLL
0x00007ffdf7b00000 - 0x00007ffdf7b2a000 	C:\Windows\SYSTEM32\dbgcore.DLL
0x00007ffdf3150000 - 0x00007ffdf315e000 	C:\Users\yurib\.jdks\openjdk-15\bin\instrument.dll
0x00007ffdf08c0000 - 0x00007ffdf08e5000 	C:\Users\yurib\.jdks\openjdk-15\bin\java.dll
0x00007ffe0cfd0000 - 0x00007ffe0d6b7000 	C:\Windows\System32\SHELL32.dll
0x00007ffe0c950000 - 0x00007ffe0c9f9000 	C:\Windows\System32\shcore.dll
0x00007ffe0aa70000 - 0x00007ffe0b1f0000 	C:\Windows\System32\windows.storage.dll
0x00007ffe0a9b0000 - 0x00007ffe0a9d3000 	C:\Windows\System32\profapi.dll
0x00007ffe0aa20000 - 0x00007ffe0aa6a000 	C:\Windows\System32\powrprof.dll
0x00007ffe0a9a0000 - 0x00007ffe0a9b0000 	C:\Windows\System32\UMPDC.dll
0x00007ffe0cf70000 - 0x00007ffe0cfc2000 	C:\Windows\System32\shlwapi.dll
0x00007ffe0b2c0000 - 0x00007ffe0b2d7000 	C:\Windows\System32\cryptsp.dll
0x00007ffdee170000 - 0x00007ffdee188000 	C:\Users\yurib\.jdks\openjdk-15\bin\zip.dll
0x00007ffdf09a0000 - 0x00007ffdf09b9000 	C:\Users\yurib\.jdks\openjdk-15\bin\net.dll
0x00007ffe02820000 - 0x00007ffe02910000 	C:\Windows\SYSTEM32\WINHTTP.dll
0x00007ffe0a190000 - 0x00007ffe0a1f7000 	C:\Windows\system32\mswsock.dll
0x00007ffdefd90000 - 0x00007ffdefda2000 	C:\Users\yurib\.jdks\openjdk-15\bin\nio.dll
0x00007ffde9270000 - 0x00007ffde928a000 	C:\Program Files\JetBrains\IntelliJ IDEA 2020.2.1\bin\breakgen64.dll
0x00007ffe09d00000 - 0x00007ffe09d33000 	C:\Windows\system32\rsaenh.dll
0x00007ffe0b2e0000 - 0x00007ffe0b306000 	C:\Windows\System32\bcrypt.dll
0x00007ffe0a8c0000 - 0x00007ffe0a8e5000 	C:\Windows\SYSTEM32\USERENV.dll
0x00007ffe0a360000 - 0x00007ffe0a36c000 	C:\Windows\SYSTEM32\CRYPTBASE.dll
0x00007ffe09ea0000 - 0x00007ffe09eda000 	C:\Windows\SYSTEM32\IPHLPAPI.DLL
0x00007ffe0c820000 - 0x00007ffe0c828000 	C:\Windows\System32\NSI.dll
0x00007ffe037c0000 - 0x00007ffe037d6000 	C:\Windows\SYSTEM32\dhcpcsvc6.DLL
0x00007ffe03730000 - 0x00007ffe0374c000 	C:\Windows\SYSTEM32\dhcpcsvc.DLL
0x00007ffe09ee0000 - 0x00007ffe09fab000 	C:\Windows\SYSTEM32\DNSAPI.dll
0x00007ffe08b80000 - 0x00007ffe08c0f000 	C:\Windows\system32\apphelp.dll
0x00000000637c0000 - 0x00000000637cd000 	C:\Users\yurib\AppData\Local\Temp\jogamp_0000\file_cache\jln3171023593364528208\jln15098469243258375115\natives\windows-amd64\gluegen-rt.dll
0x00007ffdce0a0000 - 0x00007ffdce21f000 	C:\Users\yurib\.jdks\openjdk-15\bin\awt.dll
0x00007ffe0c140000 - 0x00007ffe0c205000 	C:\Windows\System32\OLEAUT32.dll
0x00007ffe08cd0000 - 0x00007ffe08d69000 	C:\Windows\system32\uxtheme.dll
0x00007ffe0bb90000 - 0x00007ffe0bcc5000 	C:\Windows\System32\MSCTF.dll
0x0000000180000000 - 0x000000018800d000 	C:\Program Files (x86)\ASUS\GPU TweakII\GTII-OSD\x64\GTII-OSD64-VK.dll
0x00007ffe0d750000 - 0x00007ffe0d8a7000 	C:\Windows\System32\ole32.dll
0x00007ffddd050000 - 0x00007ffddd15a000 	C:\Windows\SYSTEM32\vulkan-1.dll
0x00007ffdefcf0000 - 0x00007ffdefcf7000 	C:\Users\yurib\.jdks\openjdk-15\bin\jawt.dll
0x000000006a440000 - 0x000000006a44d000 	C:\Users\yurib\AppData\Local\Temp\jogamp_0000\file_cache\jln3171023593364528208\jln15098469243258375115\natives\windows-amd64\nativewindow_awt.dll
0x00007ffe09100000 - 0x00007ffe0912d000 	C:\Windows\system32\DWMAPI.DLL
0x00007ffddd540000 - 0x00007ffddd696000 	C:\Windows\system32\opengl32.dll
0x00007ffdfec90000 - 0x00007ffdfecbc000 	C:\Windows\SYSTEM32\GLU32.dll
0x00007ffe095d0000 - 0x00007ffe095f0000 	C:\Windows\SYSTEM32\dxcore.dll
0x00007ffdffb80000 - 0x00007ffdffd47000 	C:\Windows\system32\d3d9.dll
0x00007ffe0b9f0000 - 0x00007ffe0bb39000 	C:\Windows\System32\crypt32.dll
0x00007ffe0aa00000 - 0x00007ffe0aa12000 	C:\Windows\System32\MSASN1.dll
0x00007ffe04220000 - 0x00007ffe0424f000 	C:\Windows\SYSTEM32\cryptnet.dll
0x00007ffe0b990000 - 0x00007ffe0b9ec000 	C:\Windows\System32\WINTRUST.DLL
0x00007ffe0c720000 - 0x00007ffe0c73d000 	C:\Windows\System32\imagehlp.dll
0x00007ffdd10c0000 - 0x00007ffdd136e000 	C:\Windows\system32\nvspcap64.dll
0x00007ffe099c0000 - 0x00007ffe099f1000 	C:\Windows\SYSTEM32\ntmarta.dll
0x00007ffe09580000 - 0x00007ffe095a2000 	C:\Windows\SYSTEM32\gpapi.dll
0x000000006c100000 - 0x000000006c10f000 	C:\Users\yurib\AppData\Local\Temp\jogamp_0000\file_cache\jln3171023593364528208\jln15098469243258375115\natives\windows-amd64\nativewindow_win32.dll
0x0000000064500000 - 0x00000000645b1000 	C:\Users\yurib\AppData\Local\Temp\jogamp_0000\file_cache\jln3171023593364528208\jln15098469243258375115\natives\windows-amd64\jogl_desktop.dll
0x00007ffdc9820000 - 0x00007ffdc9b59000 	C:\Users\yurib\AppData\Local\Programs\MiKTeX\miktex\bin\x64\libGLESv2.dll
0x0000000064340000 - 0x00000000643a2000 	C:\Users\yurib\AppData\Local\Temp\jogamp_0000\file_cache\jln3171023593364528208\jln15098469243258375115\natives\windows-amd64\jogl_mobile.dll
0x00007ffdbf1c0000 - 0x00007ffdc18e4000 	C:\Windows\System32\DriverStore\FileRepository\nv_dispi.inf_amd64_95bdb3a23d6478de\nvoglv64.dll
0x00007ffe0c2b0000 - 0x00007ffe0c720000 	C:\Windows\System32\SETUPAPI.dll
0x00007ffe07180000 - 0x00007ffe07193000 	C:\Windows\SYSTEM32\WTSAPI32.dll
0x00007ffe0a790000 - 0x00007ffe0a7ba000 	C:\Windows\SYSTEM32\DEVOBJ.dll
0x00007ffe0a460000 - 0x00007ffe0a4b6000 	C:\Windows\SYSTEM32\WINSTA.dll
0x000000006cbc0000 - 0x000000006cbd3000 	C:\Users\yurib\AppData\Local\Temp\jogamp_0000\file_cache\jln3171023593364528208\jln15098469243258375115\natives\windows-amd64\newt.dll
0x00007ffe03480000 - 0x00007ffe0352e000 	C:\Windows\SYSTEM32\mscms.dll
0x00007ffe03420000 - 0x00007ffe03437000 	C:\Windows\SYSTEM32\ColorAdapterClient.dll
0x00007ffde16c0000 - 0x00007ffde1703000 	C:\Windows\SYSTEM32\icm32.dll
0x00007ffe01920000 - 0x00007ffe019be000 	C:\Windows\System32\TextInputFramework.dll
0x00007ffe055b0000 - 0x00007ffe058da000 	C:\Windows\System32\CoreUIComponents.dll
0x00007ffe087f0000 - 0x00007ffe088c4000 	C:\Windows\System32\CoreMessaging.dll
0x00007ffe063a0000 - 0x00007ffe064f3000 	C:\Windows\SYSTEM32\wintypes.dll
0x00007ffdfaaf0000 - 0x00007ffdfad97000 	C:\Windows\System32\iertutil.dll
0x00007ffde9060000 - 0x00007ffde9071000 	C:\Users\yurib\.jdks\openjdk-15\bin\jsound.dll
0x00007ffdc69d0000 - 0x00007ffdc6a69000 	C:\Windows\SYSTEM32\DSOUND.dll
0x00007ffe0cc60000 - 0x00007ffe0cd02000 	C:\Windows\System32\clbcatq.dll
0x00007ffe04bf0000 - 0x00007ffe04c62000 	C:\Windows\System32\MMDevApi.dll
0x00007ffda5160000 - 0x00007ffda51a4000 	C:\Windows\SYSTEM32\wdmaud.drv
0x00007ffe05ed0000 - 0x00007ffe05eda000 	C:\Windows\SYSTEM32\AVRT.dll
0x00007ffdd28d0000 - 0x00007ffdd28d9000 	C:\Windows\SYSTEM32\ksuser.dll
0x00007ffe052d0000 - 0x00007ffe0542d000 	C:\Windows\SYSTEM32\AUDIOSES.DLL
0x00007ffdd9120000 - 0x00007ffdd912d000 	C:\Windows\SYSTEM32\msacm32.drv
0x00007ffdb98f0000 - 0x00007ffdb990c000 	C:\Windows\SYSTEM32\MSACM32.dll
0x00007ffdd9110000 - 0x00007ffdd911a000 	C:\Windows\SYSTEM32\midimap.dll
0x00007ffe09010000 - 0x00007ffe09024000 	C:\Windows\SYSTEM32\resourcepolicyclient.dll
0x00007ffdd9640000 - 0x00007ffdd96c5000 	C:\Users\yurib\.jdks\openjdk-15\bin\freetype.dll
0x00007ffdd9060000 - 0x00007ffdd9109000 	C:\Users\yurib\.jdks\openjdk-15\bin\fontmanager.dll
0x00007ffdf6400000 - 0x00007ffdf6551000 	C:\Windows\System32\Windows.UI.dll
0x00007ffdfe7b0000 - 0x00007ffdfe8cb000 	C:\Windows\System32\InputHost.dll
0x00007ffe06e80000 - 0x00007ffe06f70000 	C:\Windows\System32\PROPSYS.dll
0x0000020d4cbc0000 - 0x0000020d54bb2000 	C:\Program Files (x86)\ASUS\GPU TweakII\GTII-OSD\x64\GTII-OSD64-GL.dll
0x0000000071e40000 - 0x0000000071ea3000 	C:\Program Files (x86)\ASUS\GPU TweakII\GTII-OSD\x64\glew32.dll
0x0000020d54d50000 - 0x0000020d5ce7b000 	C:\Program Files (x86)\ASUS\GPU TweakII\GTII-OSD\x64\GTII-OSD64.dll
0x00007ffdde8a0000 - 0x00007ffdde91f000 	C:\Windows\SYSTEM32\d3dx10_43.dll
0x00007ffe07ba0000 - 0x00007ffe07ff2000 	C:\Windows\SYSTEM32\D3DCOMPILER_47.dll
0x00007ffdd0ee0000 - 0x00007ffdd10b2000 	C:\Windows\SYSTEM32\d3d12.dll
0x00007ffde25b0000 - 0x00007ffde25e1000 	C:\Windows\SYSTEM32\d3d10_1.dll
0x00007ffdce590000 - 0x00007ffdce7f3000 	C:\Windows\SYSTEM32\d3dx9_43.dll
0x00007ffe08000000 - 0x00007ffe0825b000 	C:\Windows\SYSTEM32\d3d11.dll
0x00007ffe00460000 - 0x00007ffe0046d000 	C:\Windows\SYSTEM32\d3d10_1core.dll

dbghelp: loaded successfully - version: 4.0.5 - missing functions: none
symbol engine: initialized successfully - sym options: 0x614 - pdb path: .;C:\Users\yurib\.jdks\openjdk-15\bin;C:\Windows\SYSTEM32;C:\Windows\WinSxS\amd64_microsoft.windows.common-controls_6595b64144ccf1df_6.0.18362.1139_none_9e7bf2d3e4605ac6;C:\Users\yurib\.jdks\openjdk-15\bin\server;C:\Program Files\JetBrains\IntelliJ IDEA 2020.2.1\bin;C:\Users\yurib\AppData\Local\Temp\jogamp_0000\file_cache\jln3171023593364528208\jln15098469243258375115\natives\windows-amd64;C:\Program Files (x86)\ASUS\GPU TweakII\GTII-OSD\x64;C:\Windows\System32\DriverStore\FileRepository\nv_dispi.inf_amd64_95bdb3a23d6478de;C:\Users\yurib\AppData\Local\Programs\MiKTeX\miktex\bin\x64

VM Arguments:
jvm_args: -javaagent:C:\Program Files\JetBrains\IntelliJ IDEA 2020.2.1\lib\idea_rt.jar=55167:C:\Program Files\JetBrains\IntelliJ IDEA 2020.2.1\bin -Dfile.encoding=UTF-8 
java_command: Scene.Renderer
java_class_path (initial): C:\Users\yurib\IdeaProjects\naviador\out\production\naviador;C:\Users\yurib\Downloads\joglWin64\joglWin64\gluegen-rt-natives-windows-amd64.jar;C:\Users\yurib\Downloads\joglWin64\joglWin64\gluegen-rt.jar;C:\Users\yurib\Downloads\joglWin64\joglWin64\jogl-all-natives-windows-amd64.jar;C:\Users\yurib\Downloads\joglWin64\joglWin64\jogl-all.jar;C:\Users\yurib\.m2\repository\org\dyn4j\dyn4j\4.0.2\dyn4j-4.0.2.jar
Launcher Type: SUN_STANDARD

[Global flags]
     intx CICompilerCount                          = 4                                         {product} {ergonomic}
     uint ConcGCThreads                            = 2                                         {product} {ergonomic}
     uint G1ConcRefinementThreads                  = 8                                         {product} {ergonomic}
   size_t G1HeapRegionSize                         = 1048576                                   {product} {ergonomic}
    uintx GCDrainStackTargetSize                   = 64                                        {product} {ergonomic}
   size_t InitialHeapSize                          = 134217728                                 {product} {ergonomic}
   size_t MarkStackSize                            = 4194304                                   {product} {ergonomic}
   size_t MaxHeapSize                              = 2130706432                                {product} {ergonomic}
   size_t MaxNewSize                               = 1278214144                                {product} {ergonomic}
   size_t MinHeapDeltaBytes                        = 1048576                                   {product} {ergonomic}
   size_t MinHeapSize                              = 8388608                                   {product} {ergonomic}
    uintx NonNMethodCodeHeapSize                   = 5839372                                {pd product} {ergonomic}
    uintx NonProfiledCodeHeapSize                  = 122909434                              {pd product} {ergonomic}
    uintx ProfiledCodeHeapSize                     = 122909434                              {pd product} {ergonomic}
    uintx ReservedCodeCacheSize                    = 251658240                              {pd product} {ergonomic}
     bool SegmentedCodeCache                       = true                                      {product} {ergonomic}
   size_t SoftMaxHeapSize                          = 2130706432                             {manageable} {ergonomic}
     bool UseCompressedClassPointers               = true                                 {lp64_product} {ergonomic}
     bool UseCompressedOops                        = true                                 {lp64_product} {ergonomic}
     bool UseG1GC                                  = true                                      {product} {ergonomic}
     bool UseLargePagesIndividualAllocation        = false                                  {pd product} {ergonomic}

Logging:
Log output configuration:
 #0: stdout all=off uptime,level,tags
 #1: stderr all=off uptime,level,tags

Environment Variables:
JAVA_HOME=C:\Program Files\Java\jre1.8.0_261\bin
CLASSPATH=.;C:\Program Files\Java\jre1.8.0_261\bin
PATH=C:\Program Files (x86)\Common Files\Oracle\Java\javapath;C:\Windows\system32;C:\Windows;C:\Windows\System32\Wbem;C:\Windows\System32\WindowsPowerShell\v1.0\;C:\Windows\System32\OpenSSH\;C:\Program Files (x86)\NVIDIA Corporation\PhysX\Common;C:\Program Files\NVIDIA Corporation\NVIDIA NvDLISR;C:\Program Files\Git\cmd;C:\Program Files\nodejs\;C:\ProgramData\chocolatey\bin;C:\Program Files\dotnet\;C:\Program Files\Java\jre1.8.0_261\bin;C:\Users\yurib\scoop\shims;C:\Users\yurib\AppData\Local\Programs\Python\Python38-32\Scripts\;C:\Users\yurib\AppData\Local\Programs\Python\Python38-32\;C:\Users\yurib\AppData\Local\Microsoft\WindowsApps;C:\Users\yurib\AppData\Local\Programs\Microsoft VS Code\bin;C:\Program Files\JetBrains\PyCharm 2020.2\bin;C:\Program Files\JetBrains\IntelliJ IDEA 2020.2.1\bin;C:\Users\yurib\AppData\Local\Programs\MiKTeX\miktex\bin\x64\;C:\Users\yurib\AppData\Roaming\npm;C:\Users\yurib\AppData\Local\GitHubDesktop\bin;C:\Program Files\Java\jdk1.8.0_271\bin;
USERNAME=yurib
OS=Windows_NT
PROCESSOR_IDENTIFIER=Intel64 Family 6 Model 30 Stepping 5, GenuineIntel



---------------  S Y S T E M  ---------------

OS:
 Windows 10 , 64 bit Build 18362 (10.0.18362.1110)
OS uptime: 2 days 1:15 hours

CPU: total 8 (initial active 8) (4 cores per cpu, 2 threads per core) family 6 model 30 stepping 5, cmov, cx8, fxsr, mmx, sse, sse2, sse3, ssse3, sse4.1, sse4.2, popcnt, ht, tsc, tscinvbit, clflush

Memory: 4k page, system-wide physical 8125M (2355M free)
TotalPageFile size 20413M (AvailPageFile size 6938M)
current process WorkingSet (physical memory assigned to process): 225M, peak: 277M
current process commit charge ("private bytes"): 750M, peak: 807M

vm_info: OpenJDK 64-Bit Server VM (15+36-1562) for windows-amd64 JRE (15+36-1562), built on Aug 11 2020 22:33:04 by "mach5one" with unknown MS VC++:1925

END.
