#
# A fatal error has been detected by the Java Runtime Environment:
#
#  EXCEPTION_ACCESS_VIOLATION (0xc0000005) at pc=0x00007ffddd573275, pid=6372, tid=4496
#
# JRE version: OpenJDK Runtime Environment (15.0+36) (build 15+36-1562)
# Java VM: OpenJDK 64-Bit Server VM (15+36-1562, mixed mode, sharing, tiered, compressed oops, g1 gc, windows-amd64)
# Problematic frame:
# C  [opengl32.dll+0x33275]
#
# No core dump will be written. Minidumps are not enabled by default on client versions of Windows
#
# If you would like to submit a bug report, please visit:
#   https://bugreport.java.com/bugreport/crash.jsp
#

---------------  S U M M A R Y ------------

Command Line: -javaagent:C:\Program Files\JetBrains\IntelliJ IDEA 2020.2.1\lib\idea_rt.jar=63242:C:\Program Files\JetBrains\IntelliJ IDEA 2020.2.1\bin -Dfile.encoding=UTF-8 Scene.Renderer

Host: Intel(R) Core(TM) i7 CPU         860  @ 2.80GHz, 8 cores, 7G,  Windows 10 , 64 bit Build 18362 (10.0.18362.1110)
Time: Tue Nov  3 23:38:58 2020 Hora oficial do Brasil elapsed time: 24.027906 seconds (0d 0h 0m 24s)

---------------  T H R E A D  ---------------

Current thread (0x000001bcdce60eb0):  VMThread "VM Thread" [stack: 0x0000009e85500000,0x0000009e85600000] [id=4496]

Stack: [0x0000009e85500000,0x0000009e85600000],  sp=0x0000009e855feb70,  free space=1018k
Native frames: (J=compiled Java code, j=interpreted, Vv=VM code, C=native code)
C  [opengl32.dll+0x33275]


siginfo: EXCEPTION_ACCESS_VIOLATION (0xc0000005), reading address 0x0000000000000a38


Register to memory mapping:

RIP=0x00007ffddd573275 opengl32.dll
RAX=0x0 is NULL
RBX=0x000001bce9c0ba24 GTII-OSD64-GL.dll
RCX=0x0000000000000024 is an unknown value
RDX=0x000001bce9c0ba24 GTII-OSD64-GL.dll
RSP=0x0000009e855feb70 points into unknown readable memory: 0x000001bce5a79118 | 18 91 a7 e5 bc 01 00 00
RBP=0x0000009e855fef80 points into unknown readable memory: 0x0000000000000000 | 00 00 00 00 00 00 00 00
RSI=0x000001bce9af0000 GTII-OSD64-GL.dll
RDI=0x0000000000000001 is an unknown value
R8 =0x0000009e84a9b000 points into unknown readable memory: 0x0000000000000000 | 00 00 00 00 00 00 00 00
R9 =0x000001bcf1ad9f64 GTII-OSD64-GL.dll
R10=0x0 is NULL
R11=0x0000009e855febd0 points into unknown readable memory: 0x0000000000000001 | 01 00 00 00 00 00 00 00
R12=0x000001bce9b56460 GTII-OSD64-GL.dll
R13=0x000001bcbe3ce260 points into unknown readable memory: 0x8000000b00000001 | 01 00 00 00 0b 00 00 80
R14=0x000001bce9af0000 GTII-OSD64-GL.dll
R15=0x0000000000000001 is an unknown value


Registers:
RAX=0x0000000000000000, RBX=0x000001bce9c0ba24, RCX=0x0000000000000024, RDX=0x000001bce9c0ba24
RSP=0x0000009e855feb70, RBP=0x0000009e855fef80, RSI=0x000001bce9af0000, RDI=0x0000000000000001
R8 =0x0000009e84a9b000, R9 =0x000001bcf1ad9f64, R10=0x0000000000000000, R11=0x0000009e855febd0
R12=0x000001bce9b56460, R13=0x000001bcbe3ce260, R14=0x000001bce9af0000, R15=0x0000000000000001
RIP=0x00007ffddd573275, EFLAGS=0x0000000000010287

Top of Stack: (sp=0x0000009e855feb70)
0x0000009e855feb70:   000001bce5a79118 0000000000000000
0x0000009e855feb80:   000001bce578b990 00000048d0f14322
0x0000009e855feb90:   0000000000000001 000001bce9b04248
0x0000009e855feba0:   0000000000000000 0000000000001190
0x0000009e855febb0:   0000000000000003 000001bcf1ad9f64
0x0000009e855febc0:   0000000000000001 000001bce9b095df
0x0000009e855febd0:   0000000000000001 0000000000001190
0x0000009e855febe0:   0000000000000003 000001bcf1ad9f64
0x0000009e855febf0:   0000000000000001 000001bce9b16eb4
0x0000009e855fec00:   0000009e855fec60 0000000000001190
0x0000009e855fec10:   0000000000000003 000001bcf1ad9f64
0x0000009e855fec20:   0000000000001190 000001bce9b1675a
0x0000009e855fec30:   0000000000000000 00007ffe0ca24d8a
0x0000009e855fec40:   000000000000c2ba 000001bce9af0000
0x0000009e855fec50:   0000000000000000 000001bce9b167d7
0x0000009e855fec60:   0000000000000000 000001bce8a257c0 

Instructions: (pc=0x00007ffddd573275)
0x00007ffddd573175:   48 8b 74 24 60 48 83 c4 40 5f c3 cc cc cc cc cc
0x00007ffddd573185:   cc cc cc cc cc cc cc cc cc cc cc 48 89 5c 24 08
0x00007ffddd573195:   48 89 6c 24 10 48 89 74 24 18 57 48 83 ec 50 8b
0x00007ffddd5731a5:   e9 41 8b d9 8b 0d 01 62 0f 00 41 8b f8 8b f2 83
0x00007ffddd5731b5:   f9 40 73 15 65 4c 8b 14 25 30 00 00 00 8b 05 c0
0x00007ffddd5731c5:   37 11 00 49 8b 04 02 eb 06 ff 15 ec 4c 0d 00 8b
0x00007ffddd5731d5:   8c 24 98 00 00 00 44 8b cb 48 8b 80 30 0a 00 00
0x00007ffddd5731e5:   44 8b c7 89 4c 24 38 8b d6 8b 8c 24 90 00 00 00
0x00007ffddd5731f5:   89 4c 24 30 8b 8c 24 88 00 00 00 89 4c 24 28 8b
0x00007ffddd573205:   8c 24 80 00 00 00 89 4c 24 20 8b cd ff 15 61 51
0x00007ffddd573215:   0d 00 48 8b 5c 24 60 48 8b 6c 24 68 48 8b 74 24
0x00007ffddd573225:   70 48 83 c4 50 5f c3 cc cc cc cc cc cc cc cc cc
0x00007ffddd573235:   cc cc cc cc cc cc cc cc cc cc cc 48 89 5c 24 08
0x00007ffddd573245:   57 48 83 ec 20 8b f9 48 8b da 8b 0d 5b 61 0f 00
0x00007ffddd573255:   83 f9 40 73 15 65 4c 8b 04 25 30 00 00 00 8b 05
0x00007ffddd573265:   1f 37 11 00 49 8b 04 00 eb 06 ff 15 4b 4c 0d 00
0x00007ffddd573275:   48 8b 80 38 0a 00 00 48 8b d3 8b cf 48 8b 5c 24
0x00007ffddd573285:   30 48 83 c4 20 5f 48 ff 25 e6 50 0d 00 cc cc cc
0x00007ffddd573295:   cc cc cc cc cc cc cc cc cc cc cc 48 89 5c 24 08
0x00007ffddd5732a5:   57 48 83 ec 20 8b f9 48 8b da 8b 0d fb 60 0f 00
0x00007ffddd5732b5:   83 f9 40 73 15 65 4c 8b 04 25 30 00 00 00 8b 05
0x00007ffddd5732c5:   bf 36 11 00 49 8b 04 00 eb 06 ff 15 eb 4b 0d 00
0x00007ffddd5732d5:   48 8b 80 40 0a 00 00 48 8b d3 8b cf 48 8b 5c 24
0x00007ffddd5732e5:   30 48 83 c4 20 5f 48 ff 25 86 50 0d 00 cc cc cc
0x00007ffddd5732f5:   cc cc cc cc cc cc cc cc cc cc cc 40 53 48 83 ec
0x00007ffddd573305:   20 8b d9 8b 0d a2 60 0f 00 83 f9 40 73 15 65 48
0x00007ffddd573315:   8b 14 25 30 00 00 00 8b 05 66 36 11 00 48 8b 04
0x00007ffddd573325:   02 eb 06 ff 15 92 4b 0d 00 48 8b 80 50 0a 00 00
0x00007ffddd573335:   8b cb 48 83 c4 20 5b 48 ff 25 35 50 0d 00 cc cc
0x00007ffddd573345:   cc cc cc cc cc cc cc cc cc cc cc 48 89 5c 24 08
0x00007ffddd573355:   48 89 74 24 10 57 48 83 ec 20 8b f1 49 8b d8 8b
0x00007ffddd573365:   0d 46 60 0f 00 48 8b fa 83 f9 40 73 15 65 4c 8b 


Stack slot to memory mapping:
stack at sp + 0 slots: 0x000001bce5a79118 points into unknown readable memory: 0x00008a8c995af59c | 9c f5 5a 99 8c 8a 00 00
stack at sp + 1 slots: 0x0 is NULL
stack at sp + 2 slots: 0x000001bce578b990 points into unknown readable memory: 0x000001bcbc080e40 | 40 0e 08 bc bc 01 00 00
stack at sp + 3 slots: 0x00000048d0f14322 is an unknown value
stack at sp + 4 slots: 0x0000000000000001 is an unknown value
stack at sp + 5 slots: 0x000001bce9b04248 GTII-OSD64-GL.dll
stack at sp + 6 slots: 0x0 is NULL
stack at sp + 7 slots: 0x0000000000001190 is an unknown value

VM_Operation (0x0000009e8714da00): Exit, mode: safepoint, requested by thread 0x000001bcde34f1d0


---------------  P R O C E S S  ---------------

Threads class SMR info:
_java_thread_list=0x000001bce934c330, length=30, elements={
0x000001bcdce64650, 0x000001bcdce65130, 0x000001bcdce79190, 0x000001bcdce7cb70,
0x000001bcdce7e540, 0x000001bcdce876f0, 0x000001bcdce8b6a0, 0x000001bcdcea0490,
0x000001bcbe41bc10, 0x000001bcdd93f530, 0x000001bcdd93fa00, 0x000001bcddfc1f40,
0x000001bcde34f1d0, 0x000001bcde3509e0, 0x000001bcde350eb0, 0x000001bcde351380,
0x000001bce9363520, 0x000001bce9366070, 0x000001bce9366a10, 0x000001bce9360500,
0x000001bce9361370, 0x000001bce93609d0, 0x000001bce9365200, 0x000001bce9361d10,
0x000001bce9360ea0, 0x000001bce9361840, 0x000001bce9366ee0, 0x000001bce9364d30,
0x000001bce93673b0, 0x000001bce93656d0
}

Java Threads: ( => current thread )
  0x000001bcdce64650 JavaThread "Reference Handler" daemon [_thread_blocked, id=8392, stack(0x0000009e85600000,0x0000009e85700000)]
  0x000001bcdce65130 JavaThread "Finalizer" daemon [_thread_blocked, id=16700, stack(0x0000009e85700000,0x0000009e85800000)]
  0x000001bcdce79190 JavaThread "Signal Dispatcher" daemon [_thread_blocked, id=10900, stack(0x0000009e85800000,0x0000009e85900000)]
  0x000001bcdce7cb70 JavaThread "Attach Listener" daemon [_thread_blocked, id=5656, stack(0x0000009e85900000,0x0000009e85a00000)]
  0x000001bcdce7e540 JavaThread "Service Thread" daemon [_thread_blocked, id=12208, stack(0x0000009e85a00000,0x0000009e85b00000)]
  0x000001bcdce876f0 JavaThread "C2 CompilerThread0" daemon [_thread_blocked, id=2896, stack(0x0000009e85b00000,0x0000009e85c00000)]
  0x000001bcdce8b6a0 JavaThread "C1 CompilerThread0" daemon [_thread_blocked, id=1188, stack(0x0000009e85c00000,0x0000009e85d00000)]
  0x000001bcdcea0490 JavaThread "Sweeper thread" daemon [_thread_blocked, id=14276, stack(0x0000009e85d00000,0x0000009e85e00000)]
  0x000001bcbe41bc10 JavaThread "Common-Cleaner" daemon [_thread_blocked, id=11252, stack(0x0000009e85e00000,0x0000009e85f00000)]
  0x000001bcdd93f530 JavaThread "Monitor Ctrl-Break" daemon [_thread_in_native, id=9160, stack(0x0000009e85f00000,0x0000009e86000000)]
  0x000001bcdd93fa00 JavaThread "Notification Thread" daemon [_thread_blocked, id=9932, stack(0x0000009e86000000,0x0000009e86100000)]
  0x000001bcddfc1f40 JavaThread "Java2D Disposer" daemon [_thread_blocked, id=14616, stack(0x0000009e86300000,0x0000009e86400000)]
  0x000001bcde34f1d0 JavaThread "main-Display-.windows_nil-1-EDT-1" daemon [_thread_blocked, id=6388, stack(0x0000009e87050000,0x0000009e87150000)]
  0x000001bcde3509e0 JavaThread "DestroyJavaVM" [_thread_blocked, id=12880, stack(0x0000009e84f00000,0x0000009e85000000)]
  0x000001bcde350eb0 JavaThread "Java Sound Event Dispatcher" daemon [_thread_blocked, id=16204, stack(0x0000009e87750000,0x0000009e87850000)]
  0x000001bcde351380 JavaThread "Direct Clip" daemon [_thread_blocked, id=13676, stack(0x0000009e87a50000,0x0000009e87b50000)]
  0x000001bce9363520 JavaThread "Direct Clip" daemon [_thread_blocked, id=7776, stack(0x0000009e87d50000,0x0000009e87e50000)]
  0x000001bce9366070 JavaThread "Direct Clip" daemon [_thread_blocked, id=2908, stack(0x0000009e87e50000,0x0000009e87f50000)]
  0x000001bce9366a10 JavaThread "Direct Clip" daemon [_thread_blocked, id=9864, stack(0x0000009e87f50000,0x0000009e88050000)]
  0x000001bce9360500 JavaThread "Direct Clip" daemon [_thread_blocked, id=7428, stack(0x0000009e88050000,0x0000009e88150000)]
  0x000001bce9361370 JavaThread "Direct Clip" daemon [_thread_blocked, id=14848, stack(0x0000009e88250000,0x0000009e88350000)]
  0x000001bce93609d0 JavaThread "Direct Clip" daemon [_thread_blocked, id=17360, stack(0x0000009e88350000,0x0000009e88450000)]
  0x000001bce9365200 JavaThread "Direct Clip" daemon [_thread_blocked, id=8360, stack(0x0000009e88450000,0x0000009e88550000)]
  0x000001bce9361d10 JavaThread "Direct Clip" daemon [_thread_blocked, id=13112, stack(0x0000009e88550000,0x0000009e88650000)]
  0x000001bce9360ea0 JavaThread "Direct Clip" daemon [_thread_blocked, id=13680, stack(0x0000009e88650000,0x0000009e88750000)]
  0x000001bce9361840 JavaThread "Direct Clip" daemon [_thread_blocked, id=1776, stack(0x0000009e88750000,0x0000009e88850000)]
  0x000001bce9366ee0 JavaThread "Direct Clip" daemon [_thread_blocked, id=10652, stack(0x0000009e88850000,0x0000009e88950000)]
  0x000001bce9364d30 JavaThread "Direct Clip" daemon [_thread_blocked, id=13860, stack(0x0000009e88950000,0x0000009e88a50000)]
  0x000001bce93673b0 JavaThread "Direct Clip" daemon [_thread_blocked, id=9400, stack(0x0000009e88a50000,0x0000009e88b50000)]
  0x000001bce93656d0 JavaThread "AWT-Shutdown" [_thread_blocked, id=9492, stack(0x0000009e88e50000,0x0000009e88f50000)]

Other Threads:
=>0x000001bcdce60eb0 VMThread "VM Thread" [stack: 0x0000009e85500000,0x0000009e85600000] [id=4496]
  0x000001bcbe393770 GCTaskThread "GC Thread#0" [stack: 0x0000009e85000000,0x0000009e85100000] [id=12700]
  0x000001bce57856b0 GCTaskThread "GC Thread#1" [stack: 0x0000009e86400000,0x0000009e86500000] [id=10196]
  0x000001bce57833a0 GCTaskThread "GC Thread#2" [stack: 0x0000009e86750000,0x0000009e86850000] [id=12928]
  0x000001bce5785050 GCTaskThread "GC Thread#3" [stack: 0x0000009e88150000,0x0000009e88250000] [id=14424]
  0x000001bcbe3a55e0 ConcurrentGCThread "G1 Main Marker" [stack: 0x0000009e85100000,0x0000009e85200000] [id=14344]
  0x000001bcbe3a6880 ConcurrentGCThread "G1 Conc#0" [stack: 0x0000009e85200000,0x0000009e85300000] [id=11344]
  0x000001bcbe4142d0 ConcurrentGCThread "G1 Refine#0" [stack: 0x0000009e85300000,0x0000009e85400000] [id=15568]
  0x000001bcbe414de0 ConcurrentGCThread "G1 Young RemSet Sampling" [stack: 0x0000009e85400000,0x0000009e85500000] [id=15088]

Threads with active compile tasks:

VM state: at safepoint (shutting down)

VM Mutex/Monitor currently owned by a thread:  ([mutex/lock_event])
[0x000001bcbc1b0190] Threads_lock - owner thread: 0x000001bcdce60eb0
[0x000001bcbc1afda0] Heap_lock - owner thread: 0x000001bcde34f1d0

Heap address: 0x0000000081000000, size: 2032 MB, Compressed Oops mode: 32-bit
CDS archive(s) mapped at: [0x0000000800000000-0x0000000800b50000-0x0000000800b50000), size 11862016, SharedBaseAddress: 0x0000000800000000, ArchiveRelocationMode: 0.
Compressed class space mapped at: 0x0000000800b50000-0x0000000840b50000, size: 1073741824
Narrow klass base: 0x0000000800000000, Narrow klass shift: 3, Narrow klass range: 0x100000000

GC Precious Log:
 CPUs: 8 total, 8 available
 Memory: 8125M
 Large Page Support: Disabled
 NUMA Support: Disabled
 Compressed Oops: Enabled (32-bit)
 Heap Region Size: 1M
 Heap Min Capacity: 8M
 Heap Initial Capacity: 128M
 Heap Max Capacity: 2032M
 Pre-touch: Disabled
 Parallel Workers: 8
 Concurrent Workers: 2
 Concurrent Refinement Workers: 8
 Periodic GC: Disabled

Heap:
 garbage-first heap   total 131072K, used 52663K [0x0000000081000000, 0x0000000100000000)
  region size 1024K, 25 young (25600K), 2 survivors (2048K)
 Metaspace       used 13912K, capacity 14092K, committed 14464K, reserved 1062912K
  class space    used 1070K, capacity 1136K, committed 1152K, reserved 1048576K

Heap Regions: E=young(eden), S=young(survivor), O=old, HS=humongous(starts), HC=humongous(continues), CS=collection set, F=free, OA=open archive, CA=closed archive, TAMS=top-at-mark-start (previous, next)
|   0|0x0000000081000000, 0x0000000081100000, 0x0000000081100000|100%| O|  |TAMS 0x0000000081000000, 0x0000000081000000| Untracked 
|   1|0x0000000081100000, 0x0000000081200000, 0x0000000081200000|100%| O|  |TAMS 0x0000000081100000, 0x0000000081100000| Untracked 
|   2|0x0000000081200000, 0x0000000081300000, 0x0000000081300000|100%|HS|  |TAMS 0x0000000081200000, 0x0000000081200000| Complete 
|   3|0x0000000081300000, 0x0000000081400000, 0x0000000081400000|100%|HC|  |TAMS 0x0000000081300000, 0x0000000081300000| Complete 
|   4|0x0000000081400000, 0x0000000081500000, 0x0000000081500000|100%|HC|  |TAMS 0x0000000081400000, 0x0000000081400000| Complete 
|   5|0x0000000081500000, 0x0000000081600000, 0x0000000081600000|100%|HC|  |TAMS 0x0000000081500000, 0x0000000081500000| Complete 
|   6|0x0000000081600000, 0x0000000081700000, 0x0000000081700000|100%|HC|  |TAMS 0x0000000081600000, 0x0000000081600000| Complete 
|   7|0x0000000081700000, 0x0000000081800000, 0x0000000081800000|100%|HC|  |TAMS 0x0000000081700000, 0x0000000081700000| Complete 
|   8|0x0000000081800000, 0x0000000081900000, 0x0000000081900000|100%|HC|  |TAMS 0x0000000081800000, 0x0000000081800000| Complete 
|   9|0x0000000081900000, 0x0000000081a00000, 0x0000000081a00000|100%|HC|  |TAMS 0x0000000081900000, 0x0000000081900000| Complete 
|  10|0x0000000081a00000, 0x0000000081b00000, 0x0000000081b00000|100%|HC|  |TAMS 0x0000000081a00000, 0x0000000081a00000| Complete 
|  11|0x0000000081b00000, 0x0000000081c00000, 0x0000000081c00000|100%|HC|  |TAMS 0x0000000081b00000, 0x0000000081b00000| Complete 
|  12|0x0000000081c00000, 0x0000000081d00000, 0x0000000081d00000|100%|HC|  |TAMS 0x0000000081c00000, 0x0000000081c00000| Complete 
|  13|0x0000000081d00000, 0x0000000081e00000, 0x0000000081e00000|100%|HC|  |TAMS 0x0000000081d00000, 0x0000000081d00000| Complete 
|  14|0x0000000081e00000, 0x0000000081f00000, 0x0000000081f00000|100%|HC|  |TAMS 0x0000000081e00000, 0x0000000081e00000| Complete 
|  15|0x0000000081f00000, 0x0000000082000000, 0x0000000082000000|100%|HC|  |TAMS 0x0000000081f00000, 0x0000000081f00000| Complete 
|  16|0x0000000082000000, 0x0000000082100000, 0x0000000082100000|100%|HC|  |TAMS 0x0000000082000000, 0x0000000082000000| Complete 
|  17|0x0000000082100000, 0x0000000082200000, 0x0000000082200000|100%|HC|  |TAMS 0x0000000082100000, 0x0000000082100000| Complete 
|  18|0x0000000082200000, 0x0000000082300000, 0x0000000082300000|100%|HC|  |TAMS 0x0000000082200000, 0x0000000082200000| Complete 
|  19|0x0000000082300000, 0x0000000082400000, 0x0000000082400000|100%|HC|  |TAMS 0x0000000082300000, 0x0000000082300000| Complete 
|  20|0x0000000082400000, 0x0000000082500000, 0x0000000082500000|100%|HC|  |TAMS 0x0000000082400000, 0x0000000082400000| Complete 
|  21|0x0000000082500000, 0x0000000082600000, 0x0000000082600000|100%|HC|  |TAMS 0x0000000082500000, 0x0000000082500000| Complete 
|  22|0x0000000082600000, 0x0000000082700000, 0x0000000082700000|100%|HC|  |TAMS 0x0000000082600000, 0x0000000082600000| Complete 
|  23|0x0000000082700000, 0x0000000082800000, 0x0000000082800000|100%|HC|  |TAMS 0x0000000082700000, 0x0000000082700000| Complete 
|  24|0x0000000082800000, 0x0000000082900000, 0x0000000082900000|100%|HC|  |TAMS 0x0000000082800000, 0x0000000082800000| Complete 
|  25|0x0000000082900000, 0x0000000082a00000, 0x0000000082a00000|100%|HC|  |TAMS 0x0000000082900000, 0x0000000082900000| Complete 
|  26|0x0000000082a00000, 0x0000000082b00000, 0x0000000082b00000|100%| O|  |TAMS 0x0000000082a00000, 0x0000000082a00000| Untracked 
|  27|0x0000000082b00000, 0x0000000082b89c00, 0x0000000082c00000| 53%| O|  |TAMS 0x0000000082b00000, 0x0000000082b00000| Untracked 
|  28|0x0000000082c00000, 0x0000000082c00000, 0x0000000082d00000|  0%| F|  |TAMS 0x0000000082c00000, 0x0000000082c00000| Untracked 
|  29|0x0000000082d00000, 0x0000000082d00000, 0x0000000082e00000|  0%| F|  |TAMS 0x0000000082d00000, 0x0000000082d00000| Untracked 
|  30|0x0000000082e00000, 0x0000000082e00000, 0x0000000082f00000|  0%| F|  |TAMS 0x0000000082e00000, 0x0000000082e00000| Untracked 
|  31|0x0000000082f00000, 0x0000000082f00000, 0x0000000083000000|  0%| F|  |TAMS 0x0000000082f00000, 0x0000000082f00000| Untracked 
|  32|0x0000000083000000, 0x0000000083000000, 0x0000000083100000|  0%| F|  |TAMS 0x0000000083000000, 0x0000000083000000| Untracked 
|  33|0x0000000083100000, 0x0000000083100000, 0x0000000083200000|  0%| F|  |TAMS 0x0000000083100000, 0x0000000083100000| Untracked 
|  34|0x0000000083200000, 0x0000000083200000, 0x0000000083300000|  0%| F|  |TAMS 0x0000000083200000, 0x0000000083200000| Untracked 
|  35|0x0000000083300000, 0x0000000083300000, 0x0000000083400000|  0%| F|  |TAMS 0x0000000083300000, 0x0000000083300000| Untracked 
|  36|0x0000000083400000, 0x0000000083400000, 0x0000000083500000|  0%| F|  |TAMS 0x0000000083400000, 0x0000000083400000| Untracked 
|  37|0x0000000083500000, 0x0000000083500000, 0x0000000083600000|  0%| F|  |TAMS 0x0000000083500000, 0x0000000083500000| Untracked 
|  38|0x0000000083600000, 0x0000000083600000, 0x0000000083700000|  0%| F|  |TAMS 0x0000000083600000, 0x0000000083600000| Untracked 
|  39|0x0000000083700000, 0x0000000083700000, 0x0000000083800000|  0%| F|  |TAMS 0x0000000083700000, 0x0000000083700000| Untracked 
|  40|0x0000000083800000, 0x0000000083800000, 0x0000000083900000|  0%| F|  |TAMS 0x0000000083800000, 0x0000000083800000| Untracked 
|  41|0x0000000083900000, 0x0000000083900000, 0x0000000083a00000|  0%| F|  |TAMS 0x0000000083900000, 0x0000000083900000| Untracked 
|  42|0x0000000083a00000, 0x0000000083a00000, 0x0000000083b00000|  0%| F|  |TAMS 0x0000000083a00000, 0x0000000083a00000| Untracked 
|  43|0x0000000083b00000, 0x0000000083b00000, 0x0000000083c00000|  0%| F|  |TAMS 0x0000000083b00000, 0x0000000083b00000| Untracked 
|  44|0x0000000083c00000, 0x0000000083c00000, 0x0000000083d00000|  0%| F|  |TAMS 0x0000000083c00000, 0x0000000083c00000| Untracked 
|  45|0x0000000083d00000, 0x0000000083d00000, 0x0000000083e00000|  0%| F|  |TAMS 0x0000000083d00000, 0x0000000083d00000| Untracked 
|  46|0x0000000083e00000, 0x0000000083e00000, 0x0000000083f00000|  0%| F|  |TAMS 0x0000000083e00000, 0x0000000083e00000| Untracked 
|  47|0x0000000083f00000, 0x0000000083f00000, 0x0000000084000000|  0%| F|  |TAMS 0x0000000083f00000, 0x0000000083f00000| Untracked 
|  48|0x0000000084000000, 0x0000000084000000, 0x0000000084100000|  0%| F|  |TAMS 0x0000000084000000, 0x0000000084000000| Untracked 
|  49|0x0000000084100000, 0x0000000084100000, 0x0000000084200000|  0%| F|  |TAMS 0x0000000084100000, 0x0000000084100000| Untracked 
|  50|0x0000000084200000, 0x0000000084200000, 0x0000000084300000|  0%| F|  |TAMS 0x0000000084200000, 0x0000000084200000| Untracked 
|  51|0x0000000084300000, 0x0000000084300000, 0x0000000084400000|  0%| F|  |TAMS 0x0000000084300000, 0x0000000084300000| Untracked 
|  52|0x0000000084400000, 0x0000000084400000, 0x0000000084500000|  0%| F|  |TAMS 0x0000000084400000, 0x0000000084400000| Untracked 
|  53|0x0000000084500000, 0x0000000084500000, 0x0000000084600000|  0%| F|  |TAMS 0x0000000084500000, 0x0000000084500000| Untracked 
|  54|0x0000000084600000, 0x0000000084600000, 0x0000000084700000|  0%| F|  |TAMS 0x0000000084600000, 0x0000000084600000| Untracked 
|  55|0x0000000084700000, 0x0000000084700000, 0x0000000084800000|  0%| F|  |TAMS 0x0000000084700000, 0x0000000084700000| Untracked 
|  56|0x0000000084800000, 0x0000000084800000, 0x0000000084900000|  0%| F|  |TAMS 0x0000000084800000, 0x0000000084800000| Untracked 
|  57|0x0000000084900000, 0x0000000084900000, 0x0000000084a00000|  0%| F|  |TAMS 0x0000000084900000, 0x0000000084900000| Untracked 
|  58|0x0000000084a00000, 0x0000000084a00000, 0x0000000084b00000|  0%| F|  |TAMS 0x0000000084a00000, 0x0000000084a00000| Untracked 
|  59|0x0000000084b00000, 0x0000000084b00000, 0x0000000084c00000|  0%| F|  |TAMS 0x0000000084b00000, 0x0000000084b00000| Untracked 
|  60|0x0000000084c00000, 0x0000000084c00000, 0x0000000084d00000|  0%| F|  |TAMS 0x0000000084c00000, 0x0000000084c00000| Untracked 
|  61|0x0000000084d00000, 0x0000000084d00000, 0x0000000084e00000|  0%| F|  |TAMS 0x0000000084d00000, 0x0000000084d00000| Untracked 
|  62|0x0000000084e00000, 0x0000000084ee40c8, 0x0000000084f00000| 89%| S|CS|TAMS 0x0000000084e00000, 0x0000000084e00000| Complete 
|  63|0x0000000084f00000, 0x0000000085000000, 0x0000000085000000|100%| S|CS|TAMS 0x0000000084f00000, 0x0000000084f00000| Complete 
|  64|0x0000000085000000, 0x0000000085000000, 0x0000000085100000|  0%| F|  |TAMS 0x0000000085000000, 0x0000000085000000| Untracked 
|  65|0x0000000085100000, 0x0000000085100000, 0x0000000085200000|  0%| F|  |TAMS 0x0000000085100000, 0x0000000085100000| Untracked 
|  66|0x0000000085200000, 0x0000000085200000, 0x0000000085300000|  0%| F|  |TAMS 0x0000000085200000, 0x0000000085200000| Untracked 
|  67|0x0000000085300000, 0x0000000085300000, 0x0000000085400000|  0%| F|  |TAMS 0x0000000085300000, 0x0000000085300000| Untracked 
|  68|0x0000000085400000, 0x0000000085400000, 0x0000000085500000|  0%| F|  |TAMS 0x0000000085400000, 0x0000000085400000| Untracked 
|  69|0x0000000085500000, 0x0000000085500000, 0x0000000085600000|  0%| F|  |TAMS 0x0000000085500000, 0x0000000085500000| Untracked 
|  70|0x0000000085600000, 0x0000000085600000, 0x0000000085700000|  0%| F|  |TAMS 0x0000000085600000, 0x0000000085600000| Untracked 
|  71|0x0000000085700000, 0x0000000085700000, 0x0000000085800000|  0%| F|  |TAMS 0x0000000085700000, 0x0000000085700000| Untracked 
|  72|0x0000000085800000, 0x0000000085800000, 0x0000000085900000|  0%| F|  |TAMS 0x0000000085800000, 0x0000000085800000| Untracked 
|  73|0x0000000085900000, 0x0000000085900000, 0x0000000085a00000|  0%| F|  |TAMS 0x0000000085900000, 0x0000000085900000| Untracked 
|  74|0x0000000085a00000, 0x0000000085a00000, 0x0000000085b00000|  0%| F|  |TAMS 0x0000000085a00000, 0x0000000085a00000| Untracked 
|  75|0x0000000085b00000, 0x0000000085b00000, 0x0000000085c00000|  0%| F|  |TAMS 0x0000000085b00000, 0x0000000085b00000| Untracked 
|  76|0x0000000085c00000, 0x0000000085c00000, 0x0000000085d00000|  0%| F|  |TAMS 0x0000000085c00000, 0x0000000085c00000| Untracked 
|  77|0x0000000085d00000, 0x0000000085d00000, 0x0000000085e00000|  0%| F|  |TAMS 0x0000000085d00000, 0x0000000085d00000| Untracked 
|  78|0x0000000085e00000, 0x0000000085e00000, 0x0000000085f00000|  0%| F|  |TAMS 0x0000000085e00000, 0x0000000085e00000| Untracked 
|  79|0x0000000085f00000, 0x0000000085f00000, 0x0000000086000000|  0%| F|  |TAMS 0x0000000085f00000, 0x0000000085f00000| Untracked 
|  80|0x0000000086000000, 0x0000000086000000, 0x0000000086100000|  0%| F|  |TAMS 0x0000000086000000, 0x0000000086000000| Untracked 
|  81|0x0000000086100000, 0x0000000086100000, 0x0000000086200000|  0%| F|  |TAMS 0x0000000086100000, 0x0000000086100000| Untracked 
|  82|0x0000000086200000, 0x0000000086200000, 0x0000000086300000|  0%| F|  |TAMS 0x0000000086200000, 0x0000000086200000| Untracked 
|  83|0x0000000086300000, 0x0000000086300000, 0x0000000086400000|  0%| F|  |TAMS 0x0000000086300000, 0x0000000086300000| Untracked 
|  84|0x0000000086400000, 0x0000000086400000, 0x0000000086500000|  0%| F|  |TAMS 0x0000000086400000, 0x0000000086400000| Untracked 
|  85|0x0000000086500000, 0x0000000086500000, 0x0000000086600000|  0%| F|  |TAMS 0x0000000086500000, 0x0000000086500000| Untracked 
|  86|0x0000000086600000, 0x0000000086600000, 0x0000000086700000|  0%| F|  |TAMS 0x0000000086600000, 0x0000000086600000| Untracked 
|  87|0x0000000086700000, 0x0000000086700000, 0x0000000086800000|  0%| F|  |TAMS 0x0000000086700000, 0x0000000086700000| Untracked 
|  88|0x0000000086800000, 0x0000000086800000, 0x0000000086900000|  0%| F|  |TAMS 0x0000000086800000, 0x0000000086800000| Untracked 
|  89|0x0000000086900000, 0x0000000086900000, 0x0000000086a00000|  0%| F|  |TAMS 0x0000000086900000, 0x0000000086900000| Untracked 
|  90|0x0000000086a00000, 0x0000000086a00000, 0x0000000086b00000|  0%| F|  |TAMS 0x0000000086a00000, 0x0000000086a00000| Untracked 
|  91|0x0000000086b00000, 0x0000000086b00000, 0x0000000086c00000|  0%| F|  |TAMS 0x0000000086b00000, 0x0000000086b00000| Untracked 
|  92|0x0000000086c00000, 0x0000000086c00000, 0x0000000086d00000|  0%| F|  |TAMS 0x0000000086c00000, 0x0000000086c00000| Untracked 
|  93|0x0000000086d00000, 0x0000000086d00000, 0x0000000086e00000|  0%| F|  |TAMS 0x0000000086d00000, 0x0000000086d00000| Untracked 
|  94|0x0000000086e00000, 0x0000000086e00000, 0x0000000086f00000|  0%| F|  |TAMS 0x0000000086e00000, 0x0000000086e00000| Untracked 
|  95|0x0000000086f00000, 0x0000000086f00000, 0x0000000087000000|  0%| F|  |TAMS 0x0000000086f00000, 0x0000000086f00000| Untracked 
|  96|0x0000000087000000, 0x0000000087000000, 0x0000000087100000|  0%| F|  |TAMS 0x0000000087000000, 0x0000000087000000| Untracked 
|  97|0x0000000087100000, 0x0000000087100000, 0x0000000087200000|  0%| F|  |TAMS 0x0000000087100000, 0x0000000087100000| Untracked 
|  98|0x0000000087200000, 0x0000000087200000, 0x0000000087300000|  0%| F|  |TAMS 0x0000000087200000, 0x0000000087200000| Untracked 
|  99|0x0000000087300000, 0x0000000087300000, 0x0000000087400000|  0%| F|  |TAMS 0x0000000087300000, 0x0000000087300000| Untracked 
| 100|0x0000000087400000, 0x0000000087400000, 0x0000000087500000|  0%| F|  |TAMS 0x0000000087400000, 0x0000000087400000| Untracked 
| 101|0x0000000087500000, 0x0000000087500000, 0x0000000087600000|  0%| F|  |TAMS 0x0000000087500000, 0x0000000087500000| Untracked 
| 102|0x0000000087600000, 0x0000000087600000, 0x0000000087700000|  0%| F|  |TAMS 0x0000000087600000, 0x0000000087600000| Untracked 
| 103|0x0000000087700000, 0x0000000087700000, 0x0000000087800000|  0%| F|  |TAMS 0x0000000087700000, 0x0000000087700000| Untracked 
| 104|0x0000000087800000, 0x0000000087800000, 0x0000000087900000|  0%| F|  |TAMS 0x0000000087800000, 0x0000000087800000| Untracked 
| 105|0x0000000087900000, 0x000000008792b208, 0x0000000087a00000| 16%| E|  |TAMS 0x0000000087900000, 0x0000000087900000| Complete 
| 106|0x0000000087a00000, 0x0000000087b00000, 0x0000000087b00000|100%| E|CS|TAMS 0x0000000087a00000, 0x0000000087a00000| Complete 
| 107|0x0000000087b00000, 0x0000000087c00000, 0x0000000087c00000|100%| E|CS|TAMS 0x0000000087b00000, 0x0000000087b00000| Complete 
| 108|0x0000000087c00000, 0x0000000087d00000, 0x0000000087d00000|100%| E|CS|TAMS 0x0000000087c00000, 0x0000000087c00000| Complete 
| 109|0x0000000087d00000, 0x0000000087e00000, 0x0000000087e00000|100%| E|CS|TAMS 0x0000000087d00000, 0x0000000087d00000| Complete 
| 110|0x0000000087e00000, 0x0000000087f00000, 0x0000000087f00000|100%| E|CS|TAMS 0x0000000087e00000, 0x0000000087e00000| Complete 
| 111|0x0000000087f00000, 0x0000000088000000, 0x0000000088000000|100%| E|CS|TAMS 0x0000000087f00000, 0x0000000087f00000| Complete 
| 112|0x0000000088000000, 0x0000000088100000, 0x0000000088100000|100%| E|CS|TAMS 0x0000000088000000, 0x0000000088000000| Complete 
| 113|0x0000000088100000, 0x0000000088200000, 0x0000000088200000|100%| E|CS|TAMS 0x0000000088100000, 0x0000000088100000| Complete 
| 114|0x0000000088200000, 0x0000000088300000, 0x0000000088300000|100%| E|CS|TAMS 0x0000000088200000, 0x0000000088200000| Complete 
| 115|0x0000000088300000, 0x0000000088400000, 0x0000000088400000|100%| E|CS|TAMS 0x0000000088300000, 0x0000000088300000| Complete 
| 116|0x0000000088400000, 0x0000000088500000, 0x0000000088500000|100%| E|CS|TAMS 0x0000000088400000, 0x0000000088400000| Complete 
| 117|0x0000000088500000, 0x0000000088600000, 0x0000000088600000|100%| E|CS|TAMS 0x0000000088500000, 0x0000000088500000| Complete 
| 118|0x0000000088600000, 0x0000000088700000, 0x0000000088700000|100%| E|CS|TAMS 0x0000000088600000, 0x0000000088600000| Complete 
| 119|0x0000000088700000, 0x0000000088800000, 0x0000000088800000|100%| E|CS|TAMS 0x0000000088700000, 0x0000000088700000| Complete 
| 120|0x0000000088800000, 0x0000000088900000, 0x0000000088900000|100%| E|CS|TAMS 0x0000000088800000, 0x0000000088800000| Complete 
| 121|0x0000000088900000, 0x0000000088a00000, 0x0000000088a00000|100%| E|CS|TAMS 0x0000000088900000, 0x0000000088900000| Complete 
| 122|0x0000000088a00000, 0x0000000088b00000, 0x0000000088b00000|100%| E|CS|TAMS 0x0000000088a00000, 0x0000000088a00000| Complete 
| 123|0x0000000088b00000, 0x0000000088c00000, 0x0000000088c00000|100%| E|CS|TAMS 0x0000000088b00000, 0x0000000088b00000| Complete 
| 124|0x0000000088c00000, 0x0000000088d00000, 0x0000000088d00000|100%| E|CS|TAMS 0x0000000088c00000, 0x0000000088c00000| Complete 
| 125|0x0000000088d00000, 0x0000000088e00000, 0x0000000088e00000|100%| E|CS|TAMS 0x0000000088d00000, 0x0000000088d00000| Complete 
| 126|0x0000000088e00000, 0x0000000088f00000, 0x0000000088f00000|100%| E|CS|TAMS 0x0000000088e00000, 0x0000000088e00000| Complete 
| 127|0x0000000088f00000, 0x0000000089000000, 0x0000000089000000|100%| E|CS|TAMS 0x0000000088f00000, 0x0000000088f00000| Complete 

Card table byte_map: [0x000001bcd5cb0000,0x000001bcd60b0000] _byte_map_base: 0x000001bcd58a8000

Marking Bits (Prev, Next): (CMBitMap*) 0x000001bcbe394e80, (CMBitMap*) 0x000001bcbe394ec0
 Prev Bits: [0x000001bcd64b0000, 0x000001bcd8470000)
 Next Bits: [0x000001bcd8470000, 0x000001bcda430000)

Polling page: 0x000001bcbc120000

Metaspace:

Usage:
  Non-class:     12.65 MB capacity,    12.54 MB (>99%) used,    97.76 KB ( <1%) free+waste,    15.81 KB ( <1%) overhead. 
      Class:      1.11 MB capacity,     1.05 MB ( 94%) used,    60.80 KB (  5%) free+waste,     5.00 KB ( <1%) overhead. 
       Both:     13.76 MB capacity,    13.59 MB ( 99%) used,   158.56 KB (  1%) free+waste,    20.81 KB ( <1%) overhead. 

Virtual space:
  Non-class space:       14.00 MB reserved,      13.00 MB ( 93%) committed 
      Class space:        1.00 GB reserved,       1.13 MB ( <1%) committed 
             Both:        1.01 GB reserved,      14.13 MB (  1%) committed 

Chunk freelists:
   Non-Class:  164.00 KB
       Class:  16.00 KB
        Both:  180.00 KB

MaxMetaspaceSize: 17179869184.00 GB
CompressedClassSpaceSize: 1.00 GB

CodeHeap 'non-profiled nmethods': size=120000Kb used=990Kb max_used=990Kb free=119009Kb
 bounds [0x000001bcce040000, 0x000001bcce2b0000, 0x000001bcd5570000]
CodeHeap 'profiled nmethods': size=120000Kb used=4101Kb max_used=4101Kb free=115898Kb
 bounds [0x000001bcc6b10000, 0x000001bcc6f20000, 0x000001bcce040000]
CodeHeap 'non-nmethods': size=5760Kb used=1571Kb max_used=1613Kb free=4188Kb
 bounds [0x000001bcc6570000, 0x000001bcc67e0000, 0x000001bcc6b10000]
 total_blobs=3246 nmethods=2295 adapters=865
 compilation: enabled
              stopped_count=0, restarted_count=0
 full_count=0

Compilation events (20 events):
Event: 21.921 Thread 0x000001bcdce8b6a0 2284       3       com.jogamp.common.nio.Buffers::rangeCheck (53 bytes)
Event: 21.922 Thread 0x000001bcdce8b6a0 nmethod 2284 0x000001bcc6f0df10 code [0x000001bcc6f0e180, 0x000001bcc6f0ea38]
Event: 22.149 Thread 0x000001bcdce876f0 2287       4       java.util.regex.Pattern$$Lambda$20/0x0000000800b63f38::is (9 bytes)
Event: 22.149 Thread 0x000001bcdce876f0 nmethod 2287 0x000001bcce135490 code [0x000001bcce135600, 0x000001bcce135678]
Event: 22.382 Thread 0x000001bcdce876f0 2288       4       com.jogamp.common.nio.Buffers::getDirectBufferByteOffset (160 bytes)
Event: 22.383 Thread 0x000001bcdce876f0 nmethod 2288 0x000001bcce135790 code [0x000001bcce135900, 0x000001bcce135978]
Event: 22.399 Thread 0x000001bcdce876f0 2289       4       java.util.regex.Matcher::start (65 bytes)
Event: 22.400 Thread 0x000001bcdce876f0 nmethod 2289 0x000001bcce135a90 code [0x000001bcce135c20, 0x000001bcce135d18]
Event: 22.416 Thread 0x000001bcdce876f0 2290       4       com.jogamp.opengl.util.packrect.LevelSet::expand (13 bytes)
Event: 22.416 Thread 0x000001bcdce876f0 nmethod 2290 0x000001bcce135e90 code [0x000001bcce136000, 0x000001bcce136078]
Event: 22.534 Thread 0x000001bcdce876f0 2291       4       jogamp.opengl.gl4.GL4bcImpl::glGetError (42 bytes)
Event: 22.535 Thread 0x000001bcdce876f0 nmethod 2291 0x000001bcce136190 code [0x000001bcce136320, 0x000001bcce1363e8]
Event: 22.765 Thread 0x000001bcdce876f0 2292       4       java.awt.image.ComponentSampleModel::getNumDataElements (5 bytes)
Event: 22.766 Thread 0x000001bcdce876f0 nmethod 2292 0x000001bcce136510 code [0x000001bcce136680, 0x000001bcce1366d8]
Event: 22.784 Thread 0x000001bcdce876f0 2293       4       jogamp.opengl.gl4.GL4bcImpl::glBindBuffer (54 bytes)
Event: 22.791 Thread 0x000001bcdce876f0 nmethod 2293 0x000001bcce136810 code [0x000001bcce1369c0, 0x000001bcce136da8]
Event: 22.814 Thread 0x000001bcdce8b6a0 2294       3       jdk.internal.loader.BuiltinClassLoader::isSealed (71 bytes)
Event: 22.817 Thread 0x000001bcdce8b6a0 nmethod 2294 0x000001bcc6f0ee10 code [0x000001bcc6f0f200, 0x000001bcc6f10bb8]
Event: 22.817 Thread 0x000001bcdce876f0 2295       4       java.util.HashSet::contains (9 bytes)
Event: 22.825 Thread 0x000001bcdce876f0 nmethod 2295 0x000001bcce137190 code [0x000001bcce137340, 0x000001bcce1377c8]

GC Heap History (6 events):
Event: 2.471 GC heap before
{Heap before GC invocations=0 (full 0):
 garbage-first heap   total 131072K, used 23552K [0x0000000081000000, 0x0000000100000000)
  region size 1024K, 23 young (23552K), 0 survivors (0K)
 Metaspace       used 9659K, capacity 9909K, committed 10368K, reserved 1058816K
  class space    used 741K, capacity 809K, committed 896K, reserved 1048576K
}
Event: 2.489 GC heap after
{Heap after GC invocations=1 (full 0):
 garbage-first heap   total 131072K, used 3730K [0x0000000081000000, 0x0000000100000000)
  region size 1024K, 3 young (3072K), 3 survivors (3072K)
 Metaspace       used 9659K, capacity 9909K, committed 10368K, reserved 1058816K
  class space    used 741K, capacity 809K, committed 896K, reserved 1048576K
}
Event: 8.650 GC heap before
{Heap before GC invocations=1 (full 0):
 garbage-first heap   total 131072K, used 58002K [0x0000000081000000, 0x0000000100000000)
  region size 1024K, 32 young (32768K), 3 survivors (3072K)
 Metaspace       used 13462K, capacity 13675K, committed 13952K, reserved 1062912K
  class space    used 1063K, capacity 1104K, committed 1152K, reserved 1048576K
}
Event: 8.655 GC heap after
{Heap after GC invocations=2 (full 0):
 garbage-first heap   total 131072K, used 29489K [0x0000000081000000, 0x0000000100000000)
  region size 1024K, 2 young (2048K), 2 survivors (2048K)
 Metaspace       used 13462K, capacity 13675K, committed 13952K, reserved 1062912K
  class space    used 1063K, capacity 1104K, committed 1152K, reserved 1048576K
}
Event: 19.199 GC heap before
{Heap before GC invocations=2 (full 0):
 garbage-first heap   total 131072K, used 91953K [0x0000000081000000, 0x0000000100000000)
  region size 1024K, 64 young (65536K), 2 survivors (2048K)
 Metaspace       used 13843K, capacity 14060K, committed 14464K, reserved 1062912K
  class space    used 1063K, capacity 1104K, committed 1152K, reserved 1048576K
}
Event: 19.202 GC heap after
{Heap after GC invocations=3 (full 0):
 garbage-first heap   total 131072K, used 30135K [0x0000000081000000, 0x0000000100000000)
  region size 1024K, 2 young (2048K), 2 survivors (2048K)
 Metaspace       used 13843K, capacity 14060K, committed 14464K, reserved 1062912K
  class space    used 1063K, capacity 1104K, committed 1152K, reserved 1048576K
}

Deoptimization events (20 events):
Event: 14.932 Thread 0x000001bcde34e360 DEOPT PACKING pc=0x000001bcce110224 sp=0x0000009e8724e990
Event: 14.932 Thread 0x000001bcde34e360 DEOPT UNPACKING pc=0x000001bcc65be129 sp=0x0000009e8724e940 mode 2
Event: 19.516 Thread 0x000001bcde34e360 DEOPT PACKING pc=0x000001bcc6dc876b sp=0x0000009e8724e8a0
Event: 19.516 Thread 0x000001bcde34e360 DEOPT UNPACKING pc=0x000001bcc65bdf30 sp=0x0000009e8724ddd8 mode 0
Event: 19.615 Thread 0x000001bcde34e360 Uncommon trap: trap_request=0xffffffde fr.pc=0x000001bcce12f6b4 relative=0x0000000000000114
Event: 19.615 Thread 0x000001bcde34e360 Uncommon trap: reason=class_check action=maybe_recompile pc=0x000001bcce12f6b4 method=jdk.internal.misc.Unsafe.allocateUninitializedArray(Ljava/lang/Class;I)Ljava/lang/Object; @ 51 c2
Event: 19.615 Thread 0x000001bcde34e360 DEOPT PACKING pc=0x000001bcce12f6b4 sp=0x0000009e8724e830
Event: 19.616 Thread 0x000001bcde34e360 DEOPT UNPACKING pc=0x000001bcc65be129 sp=0x0000009e8724e7b8 mode 2
Event: 19.616 Thread 0x000001bcde34e360 Uncommon trap: trap_request=0xffffffde fr.pc=0x000001bcce12f6b4 relative=0x0000000000000114
Event: 19.616 Thread 0x000001bcde34e360 Uncommon trap: reason=class_check action=maybe_recompile pc=0x000001bcce12f6b4 method=jdk.internal.misc.Unsafe.allocateUninitializedArray(Ljava/lang/Class;I)Ljava/lang/Object; @ 51 c2
Event: 19.616 Thread 0x000001bcde34e360 DEOPT PACKING pc=0x000001bcce12f6b4 sp=0x0000009e8724ebc0
Event: 19.616 Thread 0x000001bcde34e360 DEOPT UNPACKING pc=0x000001bcc65be129 sp=0x0000009e8724eb48 mode 2
Event: 19.632 Thread 0x000001bcde34e360 Uncommon trap: trap_request=0xffffffde fr.pc=0x000001bcce12f6b4 relative=0x0000000000000114
Event: 19.632 Thread 0x000001bcde34e360 Uncommon trap: reason=class_check action=maybe_recompile pc=0x000001bcce12f6b4 method=jdk.internal.misc.Unsafe.allocateUninitializedArray(Ljava/lang/Class;I)Ljava/lang/Object; @ 51 c2
Event: 19.632 Thread 0x000001bcde34e360 DEOPT PACKING pc=0x000001bcce12f6b4 sp=0x0000009e8724e830
Event: 19.632 Thread 0x000001bcde34e360 DEOPT UNPACKING pc=0x000001bcc65be129 sp=0x0000009e8724e7b8 mode 2
Event: 19.633 Thread 0x000001bcde34e360 Uncommon trap: trap_request=0xffffffde fr.pc=0x000001bcce12f6b4 relative=0x0000000000000114
Event: 19.633 Thread 0x000001bcde34e360 Uncommon trap: reason=class_check action=maybe_recompile pc=0x000001bcce12f6b4 method=jdk.internal.misc.Unsafe.allocateUninitializedArray(Ljava/lang/Class;I)Ljava/lang/Object; @ 51 c2
Event: 19.633 Thread 0x000001bcde34e360 DEOPT PACKING pc=0x000001bcce12f6b4 sp=0x0000009e8724ebc0
Event: 19.633 Thread 0x000001bcde34e360 DEOPT UNPACKING pc=0x000001bcc65be129 sp=0x0000009e8724eb48 mode 2

Classes unloaded (0 events):
No events

Classes redefined (0 events):
No events

Internal exceptions (16 events):
Event: 0.150 Thread 0x000001bcdd93f530 Exception <a 'java/lang/NoSuchMethodError'{0x0000000088d08948}: 'java.lang.Object java.lang.invoke.DirectMethodHandle$Holder.invokeStatic(java.lang.Object)'> (0x0000000088d08948) 
thrown [./open/src/hotspot/share/interpreter/linkResolver.cpp, line 782]
Event: 0.151 Thread 0x000001bcdd93f530 Exception <a 'java/lang/NoSuchMethodError'{0x0000000088d0c258}: 'java.lang.Object java.lang.invoke.DirectMethodHandle$Holder.invokeStaticInit(java.lang.Object)'> (0x0000000088d0c258) 
thrown [./open/src/hotspot/share/interpreter/linkResolver.cpp, line 782]
Event: 0.160 Thread 0x000001bcdd93f530 Exception <a 'java/lang/NoSuchMethodError'{0x0000000088d195f8}: 'void java.lang.invoke.DirectMethodHandle$Holder.invokeStatic(java.lang.Object, java.lang.Object)'> (0x0000000088d195f8) 
thrown [./open/src/hotspot/share/interpreter/linkResolver.cpp, line 782]
Event: 0.220 Thread 0x000001bcbe353830 Exception <a 'java/lang/NoSuchMethodError'{0x0000000088ca6800}: 'void java.lang.invoke.DirectMethodHandle$Holder.invokeStaticInit(java.lang.Object, java.lang.Object)'> (0x0000000088ca6800) 
thrown [./open/src/hotspot/share/interpreter/linkResolver.cpp, line 782]
Event: 0.230 Thread 0x000001bcbe353830 Exception <a 'java/lang/NoSuchMethodError'{0x0000000088cd3a80}: 'java.lang.Object java.lang.invoke.DirectMethodHandle$Holder.invokeStaticInit(java.lang.Object, int, int, int, int)'> (0x0000000088cd3a80) 
thrown [./open/src/hotspot/share/interpreter/linkResolver.cpp, line 782]
Event: 0.296 Thread 0x000001bcbe353830 Exception <a 'java/lang/NoSuchMethodError'{0x0000000088b5e408}: 'java.lang.Object java.lang.invoke.DirectMethodHandle$Holder.invokeStaticInit(java.lang.Object, java.lang.Object, int, int, int, int)'> (0x0000000088b5e408) 
thrown [./open/src/hotspot/share/interpreter/linkResolver.cpp, line 782]
Event: 0.335 Thread 0x000001bcbe353830 Exception <a 'java/lang/NoSuchMethodError'{0x0000000088b7ca68}: 'void java.lang.invoke.DirectMethodHandle$Holder.invokeStatic(java.lang.Object, long)'> (0x0000000088b7ca68) 
thrown [./open/src/hotspot/share/interpreter/linkResolver.cpp, line 782]
Event: 0.336 Thread 0x000001bcbe353830 Exception <a 'java/lang/NoSuchMethodError'{0x0000000088b82628}: 'java.lang.Object java.lang.invoke.DirectMethodHandle$Holder.newInvokeSpecial(java.lang.Object, long)'> (0x0000000088b82628) 
thrown [./open/src/hotspot/share/interpreter/linkResolver.cpp, line 782]
Event: 0.338 Thread 0x000001bcbe353830 Exception <a 'java/lang/NoSuchMethodError'{0x0000000088b8d650}: 'java.lang.Object java.lang.invoke.DirectMethodHandle$Holder.invokeStaticInit(java.lang.Object, java.lang.Object, long, java.lang.Object)'> (0x0000000088b8d650) 
thrown [./open/src/hotspot/share/interpreter/linkResolver.cpp, line 782]
Event: 0.339 Thread 0x000001bcbe353830 Exception <a 'java/lang/NoSuchMethodError'{0x0000000088b94168}: 'java.lang.Object java.lang.invoke.DirectMethodHandle$Holder.newInvokeSpecial(java.lang.Object, java.lang.Object, long)'> (0x0000000088b94168) 
thrown [./open/src/hotspot/share/interpreter/linkResolver.cpp, line 782]
Event: 0.340 Thread 0x000001bcbe353830 Exception <a 'java/lang/NoSuchMethodError'{0x0000000088b98558}: 'java.lang.Object java.lang.invoke.Invokers$Holder.linkToTargetMethod(java.lang.Object, long, java.lang.Object)'> (0x0000000088b98558) 
thrown [./open/src/hotspot/share/interpreter/linkResolver.cpp, line 782]
Event: 0.503 Thread 0x000001bcbe353830 Exception <a 'java/lang/ClassNotFoundException'{0x00000000889ae778}: sun/awt/resources/spi/awtProvider> (0x00000000889ae778) 
thrown [./open/src/hotspot/share/classfile/systemDictionary.cpp, line 295]
Event: 0.527 Thread 0x000001bcbe353830 Exception <a 'java/io/FileNotFoundException'{0x00000000889f7ac0}> (0x00000000889f7ac0) 
thrown [./open/src/hotspot/share/prims/jni.cpp, line 578]
Event: 0.537 Thread 0x000001bcbe353830 Exception <a 'java/io/FileNotFoundException'{0x0000000088826a70}> (0x0000000088826a70) 
thrown [./open/src/hotspot/share/prims/jni.cpp, line 578]
Event: 0.541 Thread 0x000001bcbe353830 Exception <a 'java/lang/NoSuchMethodError'{0x0000000088829948}: 'void java.lang.invoke.DirectMethodHandle$Holder.invokeSpecial(java.lang.Object, java.lang.Object, java.lang.Object)'> (0x0000000088829948) 
thrown [./open/src/hotspot/share/interpreter/linkResolver.cpp, line 782]
Event: 22.815 Thread 0x000001bce9363ec0 JVM_StopThread thread JavaThread 0x000001bcde34e360 as oop 0x0000000084f2ea28 [exception 0x0000009e88d4ed30]

Events (20 events):
Event: 22.813 Thread 0x000001bce9363ec0 Thread added: 0x000001bce9363ec0
Event: 22.813 Thread 0x000001bce93639f0 Thread added: 0x000001bce93639f0
Event: 22.814 Thread 0x000001bce93656d0 Thread added: 0x000001bce93656d0
Event: 22.814 loading class java/nio/channels/ClosedChannelException
Event: 22.814 loading class java/nio/channels/ClosedChannelException done
Event: 22.814 Thread 0x000001bce93639f0 Thread exited: 0x000001bce93639f0
Event: 22.815 Executing VM operation: HandshakeOneThread
Event: 22.815 Executing VM operation: HandshakeOneThread done
Event: 22.816 loading class java/lang/Throwable$WrappedPrintStream
Event: 22.816 loading class java/lang/Throwable$PrintStreamOrWriter
Event: 22.816 loading class java/lang/Throwable$PrintStreamOrWriter done
Event: 22.816 loading class java/lang/Throwable$WrappedPrintStream done
Event: 22.817 loading class java/lang/StackTraceElement$HashedModules
Event: 22.817 loading class java/lang/StackTraceElement$HashedModules done
Event: 22.819 Thread 0x000001bcde34e360 Thread exited: 0x000001bcde34e360
Event: 22.836 Thread 0x000001bcddfee030 Thread exited: 0x000001bcddfee030
Event: 22.883 Thread 0x000001bce503d3b0 Thread exited: 0x000001bce503d3b0
Event: 22.887 Thread 0x000001bce9363ec0 Thread exited: 0x000001bce9363ec0
Event: 22.914 Thread 0x000001bce935fb60 Thread exited: 0x000001bce935fb60
Event: 22.915 Executing VM operation: Exit


Dynamic libraries:
0x00007ff6bd960000 - 0x00007ff6bd96d000 	C:\Users\yurib\.jdks\openjdk-15\bin\java.exe
0x00007ffe0dae0000 - 0x00007ffe0dcd0000 	C:\Windows\SYSTEM32\ntdll.dll
0x00007ffe0cba0000 - 0x00007ffe0cc52000 	C:\Windows\System32\KERNEL32.DLL
0x00007ffe0b540000 - 0x00007ffe0b7e5000 	C:\Windows\System32\KERNELBASE.dll
0x00007ffe0b310000 - 0x00007ffe0b40a000 	C:\Windows\System32\ucrtbase.dll
0x00007ffe003b0000 - 0x00007ffe003c9000 	C:\Users\yurib\.jdks\openjdk-15\bin\VCRUNTIME140.dll
0x00007ffe00390000 - 0x00007ffe003a8000 	C:\Users\yurib\.jdks\openjdk-15\bin\jli.dll
0x00007ffe0ca00000 - 0x00007ffe0cb94000 	C:\Windows\System32\USER32.dll
0x00007ffdf6120000 - 0x00007ffdf63a4000 	C:\Windows\WinSxS\amd64_microsoft.windows.common-controls_6595b64144ccf1df_6.0.18362.1139_none_9e7bf2d3e4605ac6\COMCTL32.dll
0x00007ffe0b1f0000 - 0x00007ffe0b211000 	C:\Windows\System32\win32u.dll
0x00007ffe0da00000 - 0x00007ffe0da9e000 	C:\Windows\System32\msvcrt.dll
0x00007ffe0cf30000 - 0x00007ffe0cf56000 	C:\Windows\System32\GDI32.dll
0x00007ffe0bcd0000 - 0x00007ffe0c005000 	C:\Windows\System32\combase.dll
0x00007ffe0b7f0000 - 0x00007ffe0b986000 	C:\Windows\System32\gdi32full.dll
0x00007ffe0c830000 - 0x00007ffe0c950000 	C:\Windows\System32\RPCRT4.dll
0x00007ffe0b220000 - 0x00007ffe0b2be000 	C:\Windows\System32\msvcp_win.dll
0x00007ffe0b410000 - 0x00007ffe0b490000 	C:\Windows\System32\bcryptPrimitives.dll
0x00007ffe0d9d0000 - 0x00007ffe0d9fe000 	C:\Windows\System32\IMM32.DLL
0x00007ffe00330000 - 0x00007ffe0033c000 	C:\Users\yurib\.jdks\openjdk-15\bin\vcruntime140_1.dll
0x00007ffde5b00000 - 0x00007ffde5b91000 	C:\Users\yurib\.jdks\openjdk-15\bin\msvcp140.dll
0x00007ffddb0b0000 - 0x00007ffddbc0c000 	C:\Users\yurib\.jdks\openjdk-15\bin\server\jvm.dll
0x00007ffe0d920000 - 0x00007ffe0d9c3000 	C:\Windows\System32\ADVAPI32.dll
0x00007ffe0c210000 - 0x00007ffe0c2a7000 	C:\Windows\System32\sechost.dll
0x00007ffe0d740000 - 0x00007ffe0d748000 	C:\Windows\System32\PSAPI.DLL
0x00007ffdf92c0000 - 0x00007ffdf92c9000 	C:\Windows\SYSTEM32\WSOCK32.dll
0x00007ffe04430000 - 0x00007ffe0443a000 	C:\Windows\SYSTEM32\VERSION.dll
0x00007ffe088d0000 - 0x00007ffe088f4000 	C:\Windows\SYSTEM32\WINMM.dll
0x00007ffe0cec0000 - 0x00007ffe0cf2f000 	C:\Windows\System32\WS2_32.dll
0x00007ffe087c0000 - 0x00007ffe087ed000 	C:\Windows\SYSTEM32\winmmbase.dll
0x00007ffe0bb40000 - 0x00007ffe0bb8a000 	C:\Windows\System32\cfgmgr32.dll
0x00007ffe0a9e0000 - 0x00007ffe0a9f1000 	C:\Windows\System32\kernel.appcore.dll
0x00007ffdf35b0000 - 0x00007ffdf35ba000 	C:\Users\yurib\.jdks\openjdk-15\bin\jimage.dll
0x00007ffdf77d0000 - 0x00007ffdf79c4000 	C:\Windows\SYSTEM32\DBGHELP.DLL
0x00007ffdf7b00000 - 0x00007ffdf7b2a000 	C:\Windows\SYSTEM32\dbgcore.DLL
0x00007ffdf09b0000 - 0x00007ffdf09be000 	C:\Users\yurib\.jdks\openjdk-15\bin\instrument.dll
0x00007ffdf08c0000 - 0x00007ffdf08e5000 	C:\Users\yurib\.jdks\openjdk-15\bin\java.dll
0x00007ffe0cfd0000 - 0x00007ffe0d6b7000 	C:\Windows\System32\SHELL32.dll
0x00007ffe0c950000 - 0x00007ffe0c9f9000 	C:\Windows\System32\shcore.dll
0x00007ffe0aa70000 - 0x00007ffe0b1f0000 	C:\Windows\System32\windows.storage.dll
0x00007ffe0a9b0000 - 0x00007ffe0a9d3000 	C:\Windows\System32\profapi.dll
0x00007ffe0aa20000 - 0x00007ffe0aa6a000 	C:\Windows\System32\powrprof.dll
0x00007ffe0a9a0000 - 0x00007ffe0a9b0000 	C:\Windows\System32\UMPDC.dll
0x00007ffe0cf70000 - 0x00007ffe0cfc2000 	C:\Windows\System32\shlwapi.dll
0x00007ffe0b2c0000 - 0x00007ffe0b2d7000 	C:\Windows\System32\cryptsp.dll
0x00007ffde9350000 - 0x00007ffde9368000 	C:\Users\yurib\.jdks\openjdk-15\bin\zip.dll
0x00007ffdefd90000 - 0x00007ffdefda9000 	C:\Users\yurib\.jdks\openjdk-15\bin\net.dll
0x00007ffe02820000 - 0x00007ffe02910000 	C:\Windows\SYSTEM32\WINHTTP.dll
0x00007ffe0a190000 - 0x00007ffe0a1f7000 	C:\Windows\system32\mswsock.dll
0x00007ffdee170000 - 0x00007ffdee182000 	C:\Users\yurib\.jdks\openjdk-15\bin\nio.dll
0x00007ffde9270000 - 0x00007ffde928a000 	C:\Program Files\JetBrains\IntelliJ IDEA 2020.2.1\bin\breakgen64.dll
0x00007ffe09d00000 - 0x00007ffe09d33000 	C:\Windows\system32\rsaenh.dll
0x00007ffe0b2e0000 - 0x00007ffe0b306000 	C:\Windows\System32\bcrypt.dll
0x00007ffe0a8c0000 - 0x00007ffe0a8e5000 	C:\Windows\SYSTEM32\USERENV.dll
0x00007ffe0a360000 - 0x00007ffe0a36c000 	C:\Windows\SYSTEM32\CRYPTBASE.dll
0x00007ffe09ea0000 - 0x00007ffe09eda000 	C:\Windows\SYSTEM32\IPHLPAPI.DLL
0x00007ffe0c820000 - 0x00007ffe0c828000 	C:\Windows\System32\NSI.dll
0x00007ffe037c0000 - 0x00007ffe037d6000 	C:\Windows\SYSTEM32\dhcpcsvc6.DLL
0x00007ffe03730000 - 0x00007ffe0374c000 	C:\Windows\SYSTEM32\dhcpcsvc.DLL
0x00007ffe09ee0000 - 0x00007ffe09fab000 	C:\Windows\SYSTEM32\DNSAPI.dll
0x00007ffe08b80000 - 0x00007ffe08c0f000 	C:\Windows\system32\apphelp.dll
0x00000000637c0000 - 0x00000000637cd000 	C:\Users\yurib\AppData\Local\Temp\jogamp_0000\file_cache\jln703554478393596316\jln109288638948386939\natives\windows-amd64\gluegen-rt.dll
0x00007ffdcde90000 - 0x00007ffdce00f000 	C:\Users\yurib\.jdks\openjdk-15\bin\awt.dll
0x00007ffe0c140000 - 0x00007ffe0c205000 	C:\Windows\System32\OLEAUT32.dll
0x00007ffe08cd0000 - 0x00007ffe08d69000 	C:\Windows\system32\uxtheme.dll
0x00007ffe0bb90000 - 0x00007ffe0bcc5000 	C:\Windows\System32\MSCTF.dll
0x0000000180000000 - 0x000000018800d000 	C:\Program Files (x86)\ASUS\GPU TweakII\GTII-OSD\x64\GTII-OSD64-VK.dll
0x00007ffe0d750000 - 0x00007ffe0d8a7000 	C:\Windows\System32\ole32.dll
0x00007ffddd050000 - 0x00007ffddd15a000 	C:\Windows\SYSTEM32\vulkan-1.dll
0x00007ffdeff30000 - 0x00007ffdeff37000 	C:\Users\yurib\.jdks\openjdk-15\bin\jawt.dll
0x000000006a440000 - 0x000000006a44d000 	C:\Users\yurib\AppData\Local\Temp\jogamp_0000\file_cache\jln703554478393596316\jln109288638948386939\natives\windows-amd64\nativewindow_awt.dll
0x00007ffe09100000 - 0x00007ffe0912d000 	C:\Windows\system32\DWMAPI.DLL
0x00007ffddd540000 - 0x00007ffddd696000 	C:\Windows\system32\opengl32.dll
0x00007ffdfec90000 - 0x00007ffdfecbc000 	C:\Windows\SYSTEM32\GLU32.dll
0x00007ffe095d0000 - 0x00007ffe095f0000 	C:\Windows\SYSTEM32\dxcore.dll
0x00007ffdffb80000 - 0x00007ffdffd47000 	C:\Windows\system32\d3d9.dll
0x00007ffe0b9f0000 - 0x00007ffe0bb39000 	C:\Windows\System32\crypt32.dll
0x00007ffe0aa00000 - 0x00007ffe0aa12000 	C:\Windows\System32\MSASN1.dll
0x00007ffe04220000 - 0x00007ffe0424f000 	C:\Windows\SYSTEM32\cryptnet.dll
0x00007ffe0b990000 - 0x00007ffe0b9ec000 	C:\Windows\System32\WINTRUST.DLL
0x00007ffe0c720000 - 0x00007ffe0c73d000 	C:\Windows\System32\imagehlp.dll
0x00007ffdd10c0000 - 0x00007ffdd136e000 	C:\Windows\system32\nvspcap64.dll
0x00007ffe099c0000 - 0x00007ffe099f1000 	C:\Windows\SYSTEM32\ntmarta.dll
0x00007ffe09580000 - 0x00007ffe095a2000 	C:\Windows\SYSTEM32\gpapi.dll
0x000000006c100000 - 0x000000006c10f000 	C:\Users\yurib\AppData\Local\Temp\jogamp_0000\file_cache\jln703554478393596316\jln109288638948386939\natives\windows-amd64\nativewindow_win32.dll
0x0000000064500000 - 0x00000000645b1000 	C:\Users\yurib\AppData\Local\Temp\jogamp_0000\file_cache\jln703554478393596316\jln109288638948386939\natives\windows-amd64\jogl_desktop.dll
0x00007ffdc9820000 - 0x00007ffdc9b59000 	C:\Users\yurib\AppData\Local\Programs\MiKTeX\miktex\bin\x64\libGLESv2.dll
0x0000000064340000 - 0x00000000643a2000 	C:\Users\yurib\AppData\Local\Temp\jogamp_0000\file_cache\jln703554478393596316\jln109288638948386939\natives\windows-amd64\jogl_mobile.dll
0x00007ffdbf1c0000 - 0x00007ffdc18e4000 	C:\Windows\System32\DriverStore\FileRepository\nv_dispi.inf_amd64_95bdb3a23d6478de\nvoglv64.dll
0x00007ffe0c2b0000 - 0x00007ffe0c720000 	C:\Windows\System32\SETUPAPI.dll
0x00007ffe07180000 - 0x00007ffe07193000 	C:\Windows\SYSTEM32\WTSAPI32.dll
0x00007ffe0a790000 - 0x00007ffe0a7ba000 	C:\Windows\SYSTEM32\DEVOBJ.dll
0x00007ffe0a460000 - 0x00007ffe0a4b6000 	C:\Windows\SYSTEM32\WINSTA.dll
0x000000006cbc0000 - 0x000000006cbd3000 	C:\Users\yurib\AppData\Local\Temp\jogamp_0000\file_cache\jln703554478393596316\jln109288638948386939\natives\windows-amd64\newt.dll
0x00007ffe03480000 - 0x00007ffe0352e000 	C:\Windows\SYSTEM32\mscms.dll
0x00007ffe03420000 - 0x00007ffe03437000 	C:\Windows\SYSTEM32\ColorAdapterClient.dll
0x00007ffde24f0000 - 0x00007ffde2533000 	C:\Windows\SYSTEM32\icm32.dll
0x00007ffe01920000 - 0x00007ffe019be000 	C:\Windows\System32\TextInputFramework.dll
0x00007ffe087f0000 - 0x00007ffe088c4000 	C:\Windows\System32\CoreMessaging.dll
0x00007ffe055b0000 - 0x00007ffe058da000 	C:\Windows\System32\CoreUIComponents.dll
0x00007ffe063a0000 - 0x00007ffe064f3000 	C:\Windows\SYSTEM32\wintypes.dll
0x00007ffdfaaf0000 - 0x00007ffdfad97000 	C:\Windows\System32\iertutil.dll
0x00007ffde8c60000 - 0x00007ffde8c71000 	C:\Users\yurib\.jdks\openjdk-15\bin\jsound.dll
0x00007ffdc69d0000 - 0x00007ffdc6a69000 	C:\Windows\SYSTEM32\DSOUND.dll
0x00007ffe0cc60000 - 0x00007ffe0cd02000 	C:\Windows\System32\clbcatq.dll
0x00007ffe04bf0000 - 0x00007ffe04c62000 	C:\Windows\System32\MMDevApi.dll
0x00007ffda5160000 - 0x00007ffda51a4000 	C:\Windows\SYSTEM32\wdmaud.drv
0x00007ffe05ed0000 - 0x00007ffe05eda000 	C:\Windows\SYSTEM32\AVRT.dll
0x00007ffdd28d0000 - 0x00007ffdd28d9000 	C:\Windows\SYSTEM32\ksuser.dll
0x00007ffe052d0000 - 0x00007ffe0542d000 	C:\Windows\SYSTEM32\AUDIOSES.DLL
0x00007ffdd9120000 - 0x00007ffdd912d000 	C:\Windows\SYSTEM32\msacm32.drv
0x00007ffdb98f0000 - 0x00007ffdb990c000 	C:\Windows\SYSTEM32\MSACM32.dll
0x00007ffdd9110000 - 0x00007ffdd911a000 	C:\Windows\SYSTEM32\midimap.dll
0x00007ffe09010000 - 0x00007ffe09024000 	C:\Windows\SYSTEM32\resourcepolicyclient.dll
0x000001bce9af0000 - 0x000001bcf1ae2000 	C:\Program Files (x86)\ASUS\GPU TweakII\GTII-OSD\x64\GTII-OSD64-GL.dll
0x0000000071e40000 - 0x0000000071ea3000 	C:\Program Files (x86)\ASUS\GPU TweakII\GTII-OSD\x64\glew32.dll
0x00007ffddd6d0000 - 0x00007ffddd755000 	C:\Users\yurib\.jdks\openjdk-15\bin\freetype.dll
0x000001bcf1c70000 - 0x000001bcf9d9b000 	C:\Program Files (x86)\ASUS\GPU TweakII\GTII-OSD\x64\GTII-OSD64.dll
0x00007ffdd0ee0000 - 0x00007ffdd10b2000 	C:\Windows\SYSTEM32\d3d12.dll
0x00007ffdde8a0000 - 0x00007ffdde91f000 	C:\Windows\SYSTEM32\d3dx10_43.dll
0x00007ffde25b0000 - 0x00007ffde25e1000 	C:\Windows\SYSTEM32\d3d10_1.dll
0x00007ffe07ba0000 - 0x00007ffe07ff2000 	C:\Windows\SYSTEM32\D3DCOMPILER_47.dll
0x00007ffdce590000 - 0x00007ffdce7f3000 	C:\Windows\SYSTEM32\d3dx9_43.dll
0x00007ffe00460000 - 0x00007ffe0046d000 	C:\Windows\SYSTEM32\d3d10_1core.dll
0x00007ffe08000000 - 0x00007ffe0825b000 	C:\Windows\SYSTEM32\d3d11.dll
0x00007ffe09660000 - 0x00007ffe0974b000 	C:\Windows\SYSTEM32\dxgi.dll
0x00007ffdda800000 - 0x00007ffdda931000 	C:\Windows\SYSTEM32\d3d10.dll
0x00007ffe00450000 - 0x00007ffe0045d000 	C:\Windows\SYSTEM32\d3d10core.dll
0x00007ffdd9620000 - 0x00007ffdd96c9000 	C:\Users\yurib\.jdks\openjdk-15\bin\fontmanager.dll

dbghelp: loaded successfully - version: 4.0.5 - missing functions: none
symbol engine: initialized successfully - sym options: 0x614 - pdb path: .;C:\Users\yurib\.jdks\openjdk-15\bin;C:\Windows\SYSTEM32;C:\Windows\WinSxS\amd64_microsoft.windows.common-controls_6595b64144ccf1df_6.0.18362.1139_none_9e7bf2d3e4605ac6;C:\Users\yurib\.jdks\openjdk-15\bin\server;C:\Program Files\JetBrains\IntelliJ IDEA 2020.2.1\bin;C:\Users\yurib\AppData\Local\Temp\jogamp_0000\file_cache\jln703554478393596316\jln109288638948386939\natives\windows-amd64;C:\Program Files (x86)\ASUS\GPU TweakII\GTII-OSD\x64;C:\Windows\System32\DriverStore\FileRepository\nv_dispi.inf_amd64_95bdb3a23d6478de;C:\Users\yurib\AppData\Local\Programs\MiKTeX\miktex\bin\x64

VM Arguments:
jvm_args: -javaagent:C:\Program Files\JetBrains\IntelliJ IDEA 2020.2.1\lib\idea_rt.jar=63242:C:\Program Files\JetBrains\IntelliJ IDEA 2020.2.1\bin -Dfile.encoding=UTF-8 
java_command: Scene.Renderer
java_class_path (initial): C:\Users\yurib\IdeaProjects\naviador\out\production\naviador;C:\Users\yurib\Downloads\joglWin64\joglWin64\gluegen-rt-natives-windows-amd64.jar;C:\Users\yurib\Downloads\joglWin64\joglWin64\gluegen-rt.jar;C:\Users\yurib\Downloads\joglWin64\joglWin64\jogl-all-natives-windows-amd64.jar;C:\Users\yurib\Downloads\joglWin64\joglWin64\jogl-all.jar;C:\Users\yurib\.m2\repository\org\dyn4j\dyn4j\4.0.2\dyn4j-4.0.2.jar
Launcher Type: SUN_STANDARD

[Global flags]
     intx CICompilerCount                          = 4                                         {product} {ergonomic}
     uint ConcGCThreads                            = 2                                         {product} {ergonomic}
     uint G1ConcRefinementThreads                  = 8                                         {product} {ergonomic}
   size_t G1HeapRegionSize                         = 1048576                                   {product} {ergonomic}
    uintx GCDrainStackTargetSize                   = 64                                        {product} {ergonomic}
   size_t InitialHeapSize                          = 134217728                                 {product} {ergonomic}
   size_t MarkStackSize                            = 4194304                                   {product} {ergonomic}
   size_t MaxHeapSize                              = 2130706432                                {product} {ergonomic}
   size_t MaxNewSize                               = 1278214144                                {product} {ergonomic}
   size_t MinHeapDeltaBytes                        = 1048576                                   {product} {ergonomic}
   size_t MinHeapSize                              = 8388608                                   {product} {ergonomic}
    uintx NonNMethodCodeHeapSize                   = 5839372                                {pd product} {ergonomic}
    uintx NonProfiledCodeHeapSize                  = 122909434                              {pd product} {ergonomic}
    uintx ProfiledCodeHeapSize                     = 122909434                              {pd product} {ergonomic}
    uintx ReservedCodeCacheSize                    = 251658240                              {pd product} {ergonomic}
     bool SegmentedCodeCache                       = true                                      {product} {ergonomic}
   size_t SoftMaxHeapSize                          = 2130706432                             {manageable} {ergonomic}
     bool UseCompressedClassPointers               = true                                 {lp64_product} {ergonomic}
     bool UseCompressedOops                        = true                                 {lp64_product} {ergonomic}
     bool UseG1GC                                  = true                                      {product} {ergonomic}
     bool UseLargePagesIndividualAllocation        = false                                  {pd product} {ergonomic}

Logging:
Log output configuration:
 #0: stdout all=off uptime,level,tags
 #1: stderr all=off uptime,level,tags

Environment Variables:
JAVA_HOME=C:\Program Files\Java\jre1.8.0_261\bin
CLASSPATH=.;C:\Program Files\Java\jre1.8.0_261\bin
PATH=C:\Program Files (x86)\Common Files\Oracle\Java\javapath;C:\Windows\system32;C:\Windows;C:\Windows\System32\Wbem;C:\Windows\System32\WindowsPowerShell\v1.0\;C:\Windows\System32\OpenSSH\;C:\Program Files (x86)\NVIDIA Corporation\PhysX\Common;C:\Program Files\NVIDIA Corporation\NVIDIA NvDLISR;C:\Program Files\Git\cmd;C:\Program Files\nodejs\;C:\ProgramData\chocolatey\bin;C:\Program Files\dotnet\;C:\Program Files\Java\jre1.8.0_261\bin;C:\Users\yurib\scoop\shims;C:\Users\yurib\AppData\Local\Programs\Python\Python38-32\Scripts\;C:\Users\yurib\AppData\Local\Programs\Python\Python38-32\;C:\Users\yurib\AppData\Local\Microsoft\WindowsApps;C:\Users\yurib\AppData\Local\Programs\Microsoft VS Code\bin;C:\Program Files\JetBrains\PyCharm 2020.2\bin;C:\Program Files\JetBrains\IntelliJ IDEA 2020.2.1\bin;C:\Users\yurib\AppData\Local\Programs\MiKTeX\miktex\bin\x64\;C:\Users\yurib\AppData\Roaming\npm;C:\Users\yurib\AppData\Local\GitHubDesktop\bin;C:\Program Files\Java\jdk1.8.0_271\bin;
USERNAME=yurib
OS=Windows_NT
PROCESSOR_IDENTIFIER=Intel64 Family 6 Model 30 Stepping 5, GenuineIntel



---------------  S Y S T E M  ---------------

OS:
 Windows 10 , 64 bit Build 18362 (10.0.18362.1110)
OS uptime: 2 days 0:20 hours

CPU: total 8 (initial active 8) (4 cores per cpu, 2 threads per core) family 6 model 30 stepping 5, cmov, cx8, fxsr, mmx, sse, sse2, sse3, ssse3, sse4.1, sse4.2, popcnt, ht, tsc, tscinvbit, clflush

Memory: 4k page, system-wide physical 8125M (2371M free)
TotalPageFile size 20413M (AvailPageFile size 6566M)
current process WorkingSet (physical memory assigned to process): 263M, peak: 327M
current process commit charge ("private bytes"): 806M, peak: 866M

vm_info: OpenJDK 64-Bit Server VM (15+36-1562) for windows-amd64 JRE (15+36-1562), built on Aug 11 2020 22:33:04 by "mach5one" with unknown MS VC++:1925

END.
